
> cuentos-killa-fe@0.0.0 test
> ng test

node.exe : - Generating browser application bundles (phase: setup)...
En C:\Program Files\nodejs\npm.ps1: 29 Carácter: 3
+   & $NODE_EXE $NPM_CLI_JS $args
+   ~~~~~~~~~~~~~~~~~~~~~~~~~~~~~
    + CategoryInfo          : NotSpecified: (- Generating br...hase: setup)...:String) [], RemoteException
    + FullyQualifiedErrorId : NativeCommandError
 
ÔêÜ Browser application bundle generation complete.
[33m27 02 2026 17:32:08.938:WARN [karma]: [39mNo captured browser, open http://localhost:9882/
[32m27 02 2026 17:32:09.009:INFO [karma-server]: [39mKarma v6.4.4 server started at http://localhost:9882/
[32m27 02 2026 17:32:09.009:INFO [launcher]: [39mLaunching browsers Chrome with concurrency unlimited
[32m27 02 2026 17:32:09.079:INFO [launcher]: [39mStarting browser Chrome
[32m27 02 2026 17:32:11.027:INFO [Chrome 145.0.0.0 (Windows 10)]: [39mConnected on socket ucDtpQJWxdFTVpyBAAAB with id 66384798
Chrome 145.0.0.0 (Windows 10): Executed 0 of 77[32m SUCCESS[39m (0 secs / 0 secs)
[1A[2KChrome 145.0.0.0 (Windows 10): Executed 1 of 77[32m SUCCESS[39m (0 secs / 0.08 secs)
[1A[2K[31mChrome 145.0.0.0 (Windows 10) DetalleCuentoComponent should create FAILED[39m
	Error: NG0303: Can't bind to 'appLazyLoad' since it isn't a known property of 'img' (used in the 'DetalleCuentoComponent' component template).
	1. If 'img' is an Angular component and it has the 'appLazyLoad' input, then verify that it is a part of an @NgModule where this component is declared.
	2. To allow any property add 'NO_ERRORS_SCHEMA' to the '@NgModule.schemas' of this component.
	error properties: Object({ code: 303 })
	    at reportUnknownPropertyError (node_modules/@angular/core/fesm2022/core.mjs:10630:15)
	    at handleUnknownPropertyError (node_modules/@angular/core/fesm2022/core.mjs:10626:5)
	    at elementPropertyInternal (node_modules/@angular/core/fesm2022/core.mjs:12600:17)
	    at ╔Á╔Áproperty (node_modules/@angular/core/fesm2022/core.mjs:22504:9)
	    at templateFn (ng:///DetalleCuentoComponent.js:485:9)
	    at executeTemplate (node_modules/@angular/core/fesm2022/core.mjs:12159:9)
	    at refreshView (node_modules/@angular/core/fesm2022/core.mjs:13777:13)
	    at detectChangesInView (node_modules/@angular/core/fesm2022/core.mjs:13993:9)
	    at detectChangesInViewIfAttached (node_modules/@angular/core/fesm2022/core.mjs:13953:5)
	    at detectChangesInComponent (node_modules/@angular/core/fesm2022/core.mjs:13942:5)
Chrome 145.0.0.0 (Windows 10): Executed 2 of 77[31m (1 FAILED)[39m (0 secs / 0.133 secs)
[1A[2KChrome 145.0.0.0 (Windows 10): Executed 3 of 77[31m (1 FAILED)[39m (0 secs / 0.151 secs)
[1A[2KChrome 145.0.0.0 (Windows 10): Executed 4 of 77[31m (1 FAILED)[39m (0 secs / 0.159 secs)
[1A[2KLOG: [36m'Detalle del pedido:', Object{id: 1, fecha: '2023-01-15T10:00:00Z', nombre: 'Cliente A', correo: 'a@a.com', direccion: 'Dir A', telefono: '123', items: [Object{cuentoId: ..., nombreCuento: ..., imagenUrl: ..., precioUnitario: ..., cantidad: ..., subtotal: ...}, Object{cuentoId: ..., nombreCuento: ..., imagenUrl: ..., precioUnitario: ..., cantidad: ..., subtotal: ...}], total: 40, estado: 'PAGO_PENDIENTE', userId: 1, correoUsuario: 'a@a.com'}[39m
Chrome 145.0.0.0 (Windows 10): Executed 4 of 77[31m (1 FAILED)[39m (0 secs / 0.159 secs)
LOG: 'Detalle del pedido:', Object{id: 1, fecha: '2023-01-15T10:00:00Z', nombre: 'Cliente A', correo: 'a@a.com', direccion: 'Dir A', telefono: '123', items: [Object{cuentoId: ..., nombreCuento: ..., imagenUrl: ..., precioUnitario: ..., cantidad: ..., subtotal: ...}, Object{cuentoId: ..., nombreCuento: ..., imagenUrl: ..., precioUnitario: ..., cantidad: ..., subtotal: ...}], total: 40, estado: 'PAGO_PENDIENTE', userId: 1, correoUsuario: 'a@a.com'}
[1A[2KLOG: [36m'Detalle del pedido:', Object{id: 1, fecha: '2023-01-15T10:00:00Z', nombre: 'Cliente A', correo: 'a@a.com', direccion: 'Dir A', telefono: '123', items: [Object{cuentoId: ..., nombreCuento: ..., imagenUrl: ..., precioUnitario: ..., cantidad: ..., subtotal: ...}, Object{cuentoId: ..., nombreCuento: ..., imagenUrl: ..., precioUnitario: ..., cantidad: ..., subtotal: ...}], total: 40, estado: 'PAGO_PENDIENTE', userId: 1, correoUsuario: 'a@a.com'}[39m
Chrome 145.0.0.0 (Windows 10): Executed 4 of 77[31m (1 FAILED)[39m (0 secs / 0.159 secs)
LOG: 'Detalle del pedido:', Object{id: 1, fecha: '2023-01-15T10:00:00Z', nombre: 'Cliente A', correo: 'a@a.com', direccion: 'Dir A', telefono: '123', items: [Object{cuentoId: ..., nombreCuento: ..., imagenUrl: ..., precioUnitario: ..., cantidad: ..., subtotal: ...}, Object{cuentoId: ..., nombreCuento: ..., imagenUrl: ..., precioUnitario: ..., cantidad: ..., subtotal: ...}], total: 40, estado: 'PAGO_PENDIENTE', userId: 1, correoUsuario: 'a@a.com'}
[1A[2KChrome 145.0.0.0 (Windows 10): Executed 5 of 77[31m (1 FAILED)[39m (0 secs / 0.185 secs)
[1A[2KLOG: [36m'Detalle del pedido:', Object{id: 1, fecha: '2023-01-15T10:00:00Z', nombre: 'Cliente A', correo: 'a@a.com', direccion: 'Dir A', telefono: '123', items: [Object{cuentoId: ..., nombreCuento: ..., imagenUrl: ..., precioUnitario: ..., cantidad: ..., subtotal: ...}, Object{cuentoId: ..., nombreCuento: ..., imagenUrl: ..., precioUnitario: ..., cantidad: ..., subtotal: ...}], total: 40, estado: 'PAGO_PENDIENTE', userId: 1, correoUsuario: 'a@a.com'}[39m
Chrome 145.0.0.0 (Windows 10): Executed 5 of 77[31m (1 FAILED)[39m (0 secs / 0.185 secs)
LOG: 'Detalle del pedido:', Object{id: 1, fecha: '2023-01-15T10:00:00Z', nombre: 'Cliente A', correo: 'a@a.com', direccion: 'Dir A', telefono: '123', items: [Object{cuentoId: ..., nombreCuento: ..., imagenUrl: ..., precioUnitario: ..., cantidad: ..., subtotal: ...}, Object{cuentoId: ..., nombreCuento: ..., imagenUrl: ..., precioUnitario: ..., cantidad: ..., subtotal: ...}], total: 40, estado: 'PAGO_PENDIENTE', userId: 1, correoUsuario: 'a@a.com'}
[1A[2KLOG: [36m'Detalle del pedido:', Object{id: 1, fecha: '2023-01-15T10:00:00Z', nombre: 'Cliente A', correo: 'a@a.com', direccion: 'Dir A', telefono: '123', items: [Object{cuentoId: ..., nombreCuento: ..., imagenUrl: ..., precioUnitario: ..., cantidad: ..., subtotal: ...}, Object{cuentoId: ..., nombreCuento: ..., imagenUrl: ..., precioUnitario: ..., cantidad: ..., subtotal: ...}], total: 40, estado: 'PAGO_PENDIENTE', userId: 1, correoUsuario: 'a@a.com'}[39m
Chrome 145.0.0.0 (Windows 10): Executed 5 of 77[31m (1 FAILED)[39m (0 secs / 0.185 secs)
LOG: 'Detalle del pedido:', Object{id: 1, fecha: '2023-01-15T10:00:00Z', nombre: 'Cliente A', correo: 'a@a.com', direccion: 'Dir A', telefono: '123', items: [Object{cuentoId: ..., nombreCuento: ..., imagenUrl: ..., precioUnitario: ..., cantidad: ..., subtotal: ...}, Object{cuentoId: ..., nombreCuento: ..., imagenUrl: ..., precioUnitario: ..., cantidad: ..., subtotal: ...}], total: 40, estado: 'PAGO_PENDIENTE', userId: 1, correoUsuario: 'a@a.com'}
[1A[2K[31mChrome 145.0.0.0 (Windows 10) OrderDetailComponent Template Rendering should display general order information FAILED[39m
	Expected 'ID del Pedido: Fecha: 15/01/2023 05:00Estado:PAGO_PENDIENTENombre: Cliente ACorreo: a@a.comDirecci├│n: Dir ATel├®fono: 123Total del Pedido:$40.00' to contain 'ID del Pedido: 1'.
	    at <Jasmine>
	    at UserContext.apply (src/app/components/pages/order-detail/order-detail.component.spec.ts:159:50)
	    at _ZoneDelegate.invoke (node_modules/zone.js/fesm2015/zone.js:369:28)
	    at ProxyZoneSpec.onInvoke (node_modules/zone.js/fesm2015/zone-testing.js:2081:39)
	    at _ZoneDelegate.invoke (node_modules/zone.js/fesm2015/zone.js:368:34)
	Expected 'ID del Pedido: Fecha: 15/01/2023 05:00Estado:PAGO_PENDIENTENombre: Cliente ACorreo: a@a.comDirecci├│n: Dir ATel├®fono: 123Total del Pedido:$40.00' to contain 'Estado: PAGO_PENDIENTE'.
	    at <Jasmine>
	    at UserContext.apply (src/app/components/pages/order-detail/order-detail.component.spec.ts:161:50)
	    at _ZoneDelegate.invoke (node_modules/zone.js/fesm2015/zone.js:369:28)
	    at ProxyZoneSpec.onInvoke (node_modules/zone.js/fesm2015/zone-testing.js:2081:39)
	    at _ZoneDelegate.invoke (node_modules/zone.js/fesm2015/zone.js:368:34)
Chrome 145.0.0.0 (Windows 10): Executed 6 of 77[31m (2 FAILED)[39m (0 secs / 0.191 secs)
[1A[2KLOG: [36m'Detalle del pedido:', Object{id: 1, fecha: '2023-01-15T10:00:00Z', nombre: 'Cliente A', correo: 'a@a.com', direccion: 'Dir A', telefono: '123', items: [Object{cuentoId: ..., nombreCuento: ..., imagenUrl: ..., precioUnitario: ..., cantidad: ..., subtotal: ...}, Object{cuentoId: ..., nombreCuento: ..., imagenUrl: ..., precioUnitario: ..., cantidad: ..., subtotal: ...}], total: 40, estado: 'PAGO_PENDIENTE', userId: 1, correoUsuario: 'a@a.com'}[39m
Chrome 145.0.0.0 (Windows 10): Executed 6 of 77[31m (2 FAILED)[39m (0 secs / 0.191 secs)
LOG: 'Detalle del pedido:', Object{id: 1, fecha: '2023-01-15T10:00:00Z', nombre: 'Cliente A', correo: 'a@a.com', direccion: 'Dir A', telefono: '123', items: [Object{cuentoId: ..., nombreCuento: ..., imagenUrl: ..., precioUnitario: ..., cantidad: ..., subtotal: ...}, Object{cuentoId: ..., nombreCuento: ..., imagenUrl: ..., precioUnitario: ..., cantidad: ..., subtotal: ...}], total: 40, estado: 'PAGO_PENDIENTE', userId: 1, correoUsuario: 'a@a.com'}
[1A[2KLOG: [36m'Detalle del pedido:', Object{id: 1, fecha: '2023-01-15T10:00:00Z', nombre: 'Cliente A', correo: 'a@a.com', direccion: 'Dir A', telefono: '123', items: [Object{cuentoId: ..., nombreCuento: ..., imagenUrl: ..., precioUnitario: ..., cantidad: ..., subtotal: ...}, Object{cuentoId: ..., nombreCuento: ..., imagenUrl: ..., precioUnitario: ..., cantidad: ..., subtotal: ...}], total: 40, estado: 'PAGO_PENDIENTE', userId: 1, correoUsuario: 'a@a.com'}[39m
Chrome 145.0.0.0 (Windows 10): Executed 6 of 77[31m (2 FAILED)[39m (0 secs / 0.191 secs)
LOG: 'Detalle del pedido:', Object{id: 1, fecha: '2023-01-15T10:00:00Z', nombre: 'Cliente A', correo: 'a@a.com', direccion: 'Dir A', telefono: '123', items: [Object{cuentoId: ..., nombreCuento: ..., imagenUrl: ..., precioUnitario: ..., cantidad: ..., subtotal: ...}, Object{cuentoId: ..., nombreCuento: ..., imagenUrl: ..., precioUnitario: ..., cantidad: ..., subtotal: ...}], total: 40, estado: 'PAGO_PENDIENTE', userId: 1, correoUsuario: 'a@a.com'}
[1A[2KChrome 145.0.0.0 (Windows 10): Executed 7 of 77[31m (2 FAILED)[39m (0 secs / 0.196 secs)
[1A[2KLOG: [36m'Detalle del pedido:', Object{id: 1, fecha: '2023-01-15T10:00:00Z', nombre: 'Cliente A', correo: 'a@a.com', direccion: 'Dir A', telefono: '123', items: [Object{cuentoId: ..., nombreCuento: ..., imagenUrl: ..., precioUnitario: ..., cantidad: ..., subtotal: ...}, Object{cuentoId: ..., nombreCuento: ..., imagenUrl: ..., precioUnitario: ..., cantidad: ..., subtotal: ...}], total: 40, estado: 'PAGO_PENDIENTE', userId: 1, correoUsuario: 'a@a.com'}[39m
Chrome 145.0.0.0 (Windows 10): Executed 7 of 77[31m (2 FAILED)[39m (0 secs / 0.196 secs)
LOG: 'Detalle del pedido:', Object{id: 1, fecha: '2023-01-15T10:00:00Z', nombre: 'Cliente A', correo: 'a@a.com', direccion: 'Dir A', telefono: '123', items: [Object{cuentoId: ..., nombreCuento: ..., imagenUrl: ..., precioUnitario: ..., cantidad: ..., subtotal: ...}, Object{cuentoId: ..., nombreCuento: ..., imagenUrl: ..., precioUnitario: ..., cantidad: ..., subtotal: ...}], total: 40, estado: 'PAGO_PENDIENTE', userId: 1, correoUsuario: 'a@a.com'}
[1A[2KLOG: [36m'Detalle del pedido:', Object{id: 1, fecha: '2023-01-15T10:00:00Z', nombre: 'Cliente A', correo: 'a@a.com', direccion: 'Dir A', telefono: '123', items: [Object{cuentoId: ..., nombreCuento: ..., imagenUrl: ..., precioUnitario: ..., cantidad: ..., subtotal: ...}, Object{cuentoId: ..., nombreCuento: ..., imagenUrl: ..., precioUnitario: ..., cantidad: ..., subtotal: ...}], total: 40, estado: 'PAGO_PENDIENTE', userId: 1, correoUsuario: 'a@a.com'}[39m
Chrome 145.0.0.0 (Windows 10): Executed 7 of 77[31m (2 FAILED)[39m (0 secs / 0.196 secs)
LOG: 'Detalle del pedido:', Object{id: 1, fecha: '2023-01-15T10:00:00Z', nombre: 'Cliente A', correo: 'a@a.com', direccion: 'Dir A', telefono: '123', items: [Object{cuentoId: ..., nombreCuento: ..., imagenUrl: ..., precioUnitario: ..., cantidad: ..., subtotal: ...}, Object{cuentoId: ..., nombreCuento: ..., imagenUrl: ..., precioUnitario: ..., cantidad: ..., subtotal: ...}], total: 40, estado: 'PAGO_PENDIENTE', userId: 1, correoUsuario: 'a@a.com'}
[1A[2K[31mChrome 145.0.0.0 (Windows 10) OrderDetailComponent Template Rendering should display "Detalle del Pedido #ID" title FAILED[39m
	Expected 'Detalle del Pedido #' to contain 'Detalle del Pedido #1'.
	    at <Jasmine>
	    at UserContext.apply (src/app/components/pages/order-detail/order-detail.component.spec.ts:154:54)
	    at _ZoneDelegate.invoke (node_modules/zone.js/fesm2015/zone.js:369:28)
	    at ProxyZoneSpec.onInvoke (node_modules/zone.js/fesm2015/zone-testing.js:2081:39)
	    at _ZoneDelegate.invoke (node_modules/zone.js/fesm2015/zone.js:368:34)
Chrome 145.0.0.0 (Windows 10): Executed 8 of 77[31m (3 FAILED)[39m (0 secs / 0.201 secs)
[1A[2KLOG: [36m'Detalle del pedido:', Object{id: 1, fecha: '2023-01-15T10:00:00Z', nombre: 'Cliente A', correo: 'a@a.com', direccion: 'Dir A', telefono: '123', items: [Object{cuentoId: ..., nombreCuento: ..., imagenUrl: ..., precioUnitario: ..., cantidad: ..., subtotal: ...}, Object{cuentoId: ..., nombreCuento: ..., imagenUrl: ..., precioUnitario: ..., cantidad: ..., subtotal: ...}], total: 40, estado: 'PAGO_PENDIENTE', userId: 1, correoUsuario: 'a@a.com'}[39m
Chrome 145.0.0.0 (Windows 10): Executed 8 of 77[31m (3 FAILED)[39m (0 secs / 0.201 secs)
LOG: 'Detalle del pedido:', Object{id: 1, fecha: '2023-01-15T10:00:00Z', nombre: 'Cliente A', correo: 'a@a.com', direccion: 'Dir A', telefono: '123', items: [Object{cuentoId: ..., nombreCuento: ..., imagenUrl: ..., precioUnitario: ..., cantidad: ..., subtotal: ...}, Object{cuentoId: ..., nombreCuento: ..., imagenUrl: ..., precioUnitario: ..., cantidad: ..., subtotal: ...}], total: 40, estado: 'PAGO_PENDIENTE', userId: 1, correoUsuario: 'a@a.com'}
[1A[2KLOG: [36m'Detalle del pedido:', Object{id: 1, fecha: '2023-01-15T10:00:00Z', nombre: 'Cliente A', correo: 'a@a.com', direccion: 'Dir A', telefono: '123', items: [Object{cuentoId: ..., nombreCuento: ..., imagenUrl: ..., precioUnitario: ..., cantidad: ..., subtotal: ...}, Object{cuentoId: ..., nombreCuento: ..., imagenUrl: ..., precioUnitario: ..., cantidad: ..., subtotal: ...}], total: 40, estado: 'PAGO_PENDIENTE', userId: 1, correoUsuario: 'a@a.com'}[39m
Chrome 145.0.0.0 (Windows 10): Executed 8 of 77[31m (3 FAILED)[39m (0 secs / 0.201 secs)
LOG: 'Detalle del pedido:', Object{id: 1, fecha: '2023-01-15T10:00:00Z', nombre: 'Cliente A', correo: 'a@a.com', direccion: 'Dir A', telefono: '123', items: [Object{cuentoId: ..., nombreCuento: ..., imagenUrl: ..., precioUnitario: ..., cantidad: ..., subtotal: ...}, Object{cuentoId: ..., nombreCuento: ..., imagenUrl: ..., precioUnitario: ..., cantidad: ..., subtotal: ...}], total: 40, estado: 'PAGO_PENDIENTE', userId: 1, correoUsuario: 'a@a.com'}
[1A[2KChrome 145.0.0.0 (Windows 10): Executed 9 of 77[31m (3 FAILED)[39m (0 secs / 0.206 secs)
[1A[2KLOG: [36m'Detalle del pedido:', Object{id: 1, fecha: '2023-01-15T10:00:00Z', nombre: 'Cliente A', correo: 'a@a.com', direccion: 'Dir A', telefono: '123', items: [Object{cuentoId: ..., nombreCuento: ..., imagenUrl: ..., precioUnitario: ..., cantidad: ..., subtotal: ...}, Object{cuentoId: ..., nombreCuento: ..., imagenUrl: ..., precioUnitario: ..., cantidad: ..., subtotal: ...}], total: 40, estado: 'PAGO_PENDIENTE', userId: 1, correoUsuario: 'a@a.com'}[39m
Chrome 145.0.0.0 (Windows 10): Executed 9 of 77[31m (3 FAILED)[39m (0 secs / 0.206 secs)
LOG: 'Detalle del pedido:', Object{id: 1, fecha: '2023-01-15T10:00:00Z', nombre: 'Cliente A', correo: 'a@a.com', direccion: 'Dir A', telefono: '123', items: [Object{cuentoId: ..., nombreCuento: ..., imagenUrl: ..., precioUnitario: ..., cantidad: ..., subtotal: ...}, Object{cuentoId: ..., nombreCuento: ..., imagenUrl: ..., precioUnitario: ..., cantidad: ..., subtotal: ...}], total: 40, estado: 'PAGO_PENDIENTE', userId: 1, correoUsuario: 'a@a.com'}
[1A[2KLOG: [36m'Detalle del pedido:', Object{id: 1, fecha: '2023-01-15T10:00:00Z', nombre: 'Cliente A', correo: 'a@a.com', direccion: 'Dir A', telefono: '123', items: [Object{cuentoId: ..., nombreCuento: ..., imagenUrl: ..., precioUnitario: ..., cantidad: ..., subtotal: ...}, Object{cuentoId: ..., nombreCuento: ..., imagenUrl: ..., precioUnitario: ..., cantidad: ..., subtotal: ...}], total: 40, estado: 'PAGO_PENDIENTE', userId: 1, correoUsuario: 'a@a.com'}[39m
Chrome 145.0.0.0 (Windows 10): Executed 9 of 77[31m (3 FAILED)[39m (0 secs / 0.206 secs)
LOG: 'Detalle del pedido:', Object{id: 1, fecha: '2023-01-15T10:00:00Z', nombre: 'Cliente A', correo: 'a@a.com', direccion: 'Dir A', telefono: '123', items: [Object{cuentoId: ..., nombreCuento: ..., imagenUrl: ..., precioUnitario: ..., cantidad: ..., subtotal: ...}, Object{cuentoId: ..., nombreCuento: ..., imagenUrl: ..., precioUnitario: ..., cantidad: ..., subtotal: ...}], total: 40, estado: 'PAGO_PENDIENTE', userId: 1, correoUsuario: 'a@a.com'}
[1A[2KChrome 145.0.0.0 (Windows 10): Executed 10 of 77[31m (3 FAILED)[39m (0 secs / 0.211 secs)
[1A[2KLOG: [36m'Detalle del pedido:', Object{id: 1, fecha: '2023-01-15T10:00:00Z', nombre: 'Cliente A', correo: 'a@a.com', direccion: 'Dir A', telefono: '123', items: [Object{cuentoId: ..., nombreCuento: ..., imagenUrl: ..., precioUnitario: ..., cantidad: ..., subtotal: ...}, Object{cuentoId: ..., nombreCuento: ..., imagenUrl: ..., precioUnitario: ..., cantidad: ..., subtotal: ...}], total: 40, estado: 'PAGO_PENDIENTE', userId: 1, correoUsuario: 'a@a.com'}[39m
Chrome 145.0.0.0 (Windows 10): Executed 10 of 77[31m (3 FAILED)[39m (0 secs / 0.211 secs)
LOG: 'Detalle del pedido:', Object{id: 1, fecha: '2023-01-15T10:00:00Z', nombre: 'Cliente A', correo: 'a@a.com', direccion: 'Dir A', telefono: '123', items: [Object{cuentoId: ..., nombreCuento: ..., imagenUrl: ..., precioUnitario: ..., cantidad: ..., subtotal: ...}, Object{cuentoId: ..., nombreCuento: ..., imagenUrl: ..., precioUnitario: ..., cantidad: ..., subtotal: ...}], total: 40, estado: 'PAGO_PENDIENTE', userId: 1, correoUsuario: 'a@a.com'}
[1A[2KLOG: [36m'Detalle del pedido:', Object{id: 1, fecha: '2023-01-15T10:00:00Z', nombre: 'Cliente A', correo: 'a@a.com', direccion: 'Dir A', telefono: '123', items: [Object{cuentoId: ..., nombreCuento: ..., imagenUrl: ..., precioUnitario: ..., cantidad: ..., subtotal: ...}, Object{cuentoId: ..., nombreCuento: ..., imagenUrl: ..., precioUnitario: ..., cantidad: ..., subtotal: ...}], total: 40, estado: 'PAGO_PENDIENTE', userId: 1, correoUsuario: 'a@a.com'}[39m
Chrome 145.0.0.0 (Windows 10): Executed 10 of 77[31m (3 FAILED)[39m (0 secs / 0.211 secs)
LOG: 'Detalle del pedido:', Object{id: 1, fecha: '2023-01-15T10:00:00Z', nombre: 'Cliente A', correo: 'a@a.com', direccion: 'Dir A', telefono: '123', items: [Object{cuentoId: ..., nombreCuento: ..., imagenUrl: ..., precioUnitario: ..., cantidad: ..., subtotal: ...}, Object{cuentoId: ..., nombreCuento: ..., imagenUrl: ..., precioUnitario: ..., cantidad: ..., subtotal: ...}], total: 40, estado: 'PAGO_PENDIENTE', userId: 1, correoUsuario: 'a@a.com'}
[1A[2KChrome 145.0.0.0 (Windows 10): Executed 11 of 77[31m (3 FAILED)[39m (0 secs / 0.215 secs)
[1A[2KChrome 145.0.0.0 (Windows 10): Executed 12 of 77[31m (3 FAILED)[39m (0 secs / 0.217 secs)
[1A[2KLOG: [36m'Detalle del pedido:', Object{id: 1, fecha: '2023-01-15T10:00:00Z', nombre: 'Cliente A', correo: 'a@a.com', direccion: 'Dir A', telefono: '123', items: [Object{cuentoId: ..., nombreCuento: ..., imagenUrl: ..., precioUnitario: ..., cantidad: ..., subtotal: ...}, Object{cuentoId: ..., nombreCuento: ..., imagenUrl: ..., precioUnitario: ..., cantidad: ..., subtotal: ...}], total: 40, estado: 'PAGO_PENDIENTE', userId: 1, correoUsuario: 'a@a.com'}[39m
Chrome 145.0.0.0 (Windows 10): Executed 12 of 77[31m (3 FAILED)[39m (0 secs / 0.217 secs)
LOG: 'Detalle del pedido:', Object{id: 1, fecha: '2023-01-15T10:00:00Z', nombre: 'Cliente A', correo: 'a@a.com', direccion: 'Dir A', telefono: '123', items: [Object{cuentoId: ..., nombreCuento: ..., imagenUrl: ..., precioUnitario: ..., cantidad: ..., subtotal: ...}, Object{cuentoId: ..., nombreCuento: ..., imagenUrl: ..., precioUnitario: ..., cantidad: ..., subtotal: ...}], total: 40, estado: 'PAGO_PENDIENTE', userId: 1, correoUsuario: 'a@a.com'}
[1A[2KChrome 145.0.0.0 (Windows 10): Executed 13 of 77[31m (3 FAILED)[39m (0 secs / 0.219 secs)
[1A[2KChrome 145.0.0.0 (Windows 10): Executed 14 of 77[31m (3 FAILED)[39m (0 secs / 0.222 secs)
[1A[2KLOG: [36m'Detalle del pedido:', Object{id: 1, fecha: '2023-01-15T10:00:00Z', nombre: 'Cliente A', correo: 'a@a.com', direccion: 'Dir A', telefono: '123', items: [Object{cuentoId: ..., nombreCuento: ..., imagenUrl: ..., precioUnitario: ..., cantidad: ..., subtotal: ...}, Object{cuentoId: ..., nombreCuento: ..., imagenUrl: ..., precioUnitario: ..., cantidad: ..., subtotal: ...}], total: 40, estado: 'PAGO_PENDIENTE', userId: 1, correoUsuario: 'a@a.com'}[39m
Chrome 145.0.0.0 (Windows 10): Executed 14 of 77[31m (3 FAILED)[39m (0 secs / 0.222 secs)
LOG: 'Detalle del pedido:', Object{id: 1, fecha: '2023-01-15T10:00:00Z', nombre: 'Cliente A', correo: 'a@a.com', direccion: 'Dir A', telefono: '123', items: [Object{cuentoId: ..., nombreCuento: ..., imagenUrl: ..., precioUnitario: ..., cantidad: ..., subtotal: ...}, Object{cuentoId: ..., nombreCuento: ..., imagenUrl: ..., precioUnitario: ..., cantidad: ..., subtotal: ...}], total: 40, estado: 'PAGO_PENDIENTE', userId: 1, correoUsuario: 'a@a.com'}
[1A[2KChrome 145.0.0.0 (Windows 10): Executed 15 of 77[31m (3 FAILED)[39m (0 secs / 0.224 secs)
[1A[2KERROR: [36m'Error fetching order details:', Object{status: 404, message: 'Not Found'}[39m
Chrome 145.0.0.0 (Windows 10): Executed 15 of 77[31m (3 FAILED)[39m (0 secs / 0.224 secs)
ERROR: 'Error fetching order details:', Object{status: 404, message: 'Not Found'}
[1A[2K[31mChrome 145.0.0.0 (Windows 10) OrderDetailComponent ngOnInit should set errorMensaje and isLoading to false if service call fails FAILED[39m
	Expected null to be undefined.
	    at <Jasmine>
	    at UserContext.apply (src/app/components/pages/order-detail/order-detail.component.spec.ts:95:32)
	    at UserContext.apply (node_modules/zone.js/fesm2015/zone-testing.js:1702:26)
	    at _ZoneDelegate.invoke (node_modules/zone.js/fesm2015/zone.js:369:28)
	    at ProxyZoneSpec.onInvoke (node_modules/zone.js/fesm2015/zone-testing.js:2081:39)
Chrome 145.0.0.0 (Windows 10): Executed 16 of 77[31m (4 FAILED)[39m (0 secs / 0.226 secs)
[1A[2KChrome 145.0.0.0 (Windows 10): Executed 17 of 77[31m (4 FAILED)[39m (0 secs / 0.228 secs)
[1A[2KChrome 145.0.0.0 (Windows 10): Executed 18 of 77[31m (4 FAILED)[39m (0 secs / 0.229 secs)
[1A[2KChrome 145.0.0.0 (Windows 10): Executed 19 of 77[31m (4 FAILED)[39m (0 secs / 0.231 secs)
[1A[2K[31mChrome 145.0.0.0 (Windows 10) OrderDetailComponent isPagoPendiente should return true if estado is PENDIENTE (case insensitive) FAILED[39m
	Expected false to be true.
	    at <Jasmine>
	    at UserContext.apply (src/app/components/pages/order-detail/order-detail.component.spec.ts:132:43)
	    at _ZoneDelegate.invoke (node_modules/zone.js/fesm2015/zone.js:369:28)
	    at ProxyZoneSpec.onInvoke (node_modules/zone.js/fesm2015/zone-testing.js:2081:39)
	    at _ZoneDelegate.invoke (node_modules/zone.js/fesm2015/zone.js:368:34)
Chrome 145.0.0.0 (Windows 10): Executed 20 of 77[31m (5 FAILED)[39m (0 secs / 0.233 secs)
[1A[2K[31mChrome 145.0.0.0 (Windows 10) OrderDetailComponent pagarAhora should log a message and show a toast FAILED[39m
	Expected spy log to have been called with:
	  [ 'Intento de pago para el pedido:', 1 ]
	but actual calls were:
	  [ 'Intento de pago para el pedido:', undefined ].
	
	Call 0:
	  Expected $[1] = undefined to equal 1.
	Error: Expected spy log to have been called with:
	  [ 'Intento de pago para el pedido:', 1 ]
	but actual calls were:
	  [ 'Intento de pago para el pedido:', undefined ].
	Call 0:
	  Expected $[1] = undefined to equal 1.
	    at <Jasmine>
	    at UserContext.apply (src/app/components/pages/order-detail/order-detail.component.spec.ts:120:27)
	    at _ZoneDelegate.invoke (node_modules/zone.js/fesm2015/zone.js:369:28)
	    at ProxyZoneSpec.onInvoke (node_modules/zone.js/fesm2015/zone-testing.js:2081:39)
	    at _ZoneDelegate.invoke (node_modules/zone.js/fesm2015/zone.js:368:34)
Chrome 145.0.0.0 (Windows 10): Executed 21 of 77[31m (6 FAILED)[39m (0 secs / 0.236 secs)
[1A[2KChrome 145.0.0.0 (Windows 10): Executed 22 of 77[31m (6 FAILED)[39m (0 secs / 0.238 secs)
[1A[2KChrome 145.0.0.0 (Windows 10): Executed 23 of 77[31m (6 FAILED)[39m (0 secs / 0.249 secs)
[1A[2KChrome 145.0.0.0 (Windows 10): Executed 24 of 77[31m (6 FAILED)[39m (0 secs / 0.251 secs)
[1A[2K[31mChrome 145.0.0.0 (Windows 10) AppComponent should render title FAILED[39m
	Expected undefined to contain 'Hello, cuentos-killa-FE'.
	    at <Jasmine>
	    at UserContext.apply (src/app/app.component.spec.ts:29:55)
	    at _ZoneDelegate.invoke (node_modules/zone.js/fesm2015/zone.js:369:28)
	    at ProxyZoneSpec.onInvoke (node_modules/zone.js/fesm2015/zone-testing.js:2081:39)
	    at _ZoneDelegate.invoke (node_modules/zone.js/fesm2015/zone.js:368:34)
Chrome 145.0.0.0 (Windows 10): Executed 25 of 77[31m (7 FAILED)[39m (0 secs / 0.262 secs)
[1A[2KChrome 145.0.0.0 (Windows 10): Executed 26 of 77[31m (7 FAILED)[39m (0 secs / 0.276 secs)
[1A[2KChrome 145.0.0.0 (Windows 10): Executed 27 of 77[31m (7 FAILED)[39m (0 secs / 0.281 secs)
[1A[2K[31mChrome 145.0.0.0 (Windows 10) PagoComponent ngOnInit - Mercado Pago Callback should NOT confirm payment if external_reference does not match pedidoId FAILED[39m
	TypeError: Cannot redefine property: location
	    at Object.defineProperty (<anonymous>)
	    at UserContext.<anonymous> (src/app/components/pages/pago/pago.component.spec.ts:70:12)
	    at Generator.next (<anonymous>)
	    at asyncGeneratorStep (node_modules/@babel/runtime/helpers/esm/asyncToGenerator.js:3:1)
	    at apply (node_modules/@babel/runtime/helpers/esm/asyncToGenerator.js:17:1)
	    at _ZoneDelegate.invoke (node_modules/zone.js/fesm2015/zone.js:369:28)
	    at ProxyZoneSpec.onInvoke (node_modules/zone.js/fesm2015/zone-testing.js:2081:39)
	    at _ZoneDelegate.invoke (node_modules/zone.js/fesm2015/zone.js:368:34)
	    at ZoneImpl.run (node_modules/zone.js/fesm2015/zone.js:111:43)
	    at node_modules/zone.js/fesm2015/zone.js:2538:40
Chrome 145.0.0.0 (Windows 10): Executed 28 of 77[31m (8 FAILED)[39m (0 secs / 0.29 secs)
[1A[2K[31mChrome 145.0.0.0 (Windows 10) PagoComponent ngOnInit - Mercado Pago Callback should not call confirmarPagoMercadoPago if no relevant query params are present FAILED[39m
	TypeError: Cannot redefine property: location
	    at Object.defineProperty (<anonymous>)
	    at UserContext.<anonymous> (src/app/components/pages/pago/pago.component.spec.ts:70:12)
	    at Generator.next (<anonymous>)
	    at asyncGeneratorStep (node_modules/@babel/runtime/helpers/esm/asyncToGenerator.js:3:1)
	    at apply (node_modules/@babel/runtime/helpers/esm/asyncToGenerator.js:17:1)
	    at _ZoneDelegate.invoke (node_modules/zone.js/fesm2015/zone.js:369:28)
	    at ProxyZoneSpec.onInvoke (node_modules/zone.js/fesm2015/zone-testing.js:2081:39)
	    at _ZoneDelegate.invoke (node_modules/zone.js/fesm2015/zone.js:368:34)
	    at ZoneImpl.run (node_modules/zone.js/fesm2015/zone.js:111:43)
	    at node_modules/zone.js/fesm2015/zone.js:2538:40
Chrome 145.0.0.0 (Windows 10): Executed 29 of 77[31m (9 FAILED)[39m (0 secs / 0.292 secs)
[1A[2K[31mChrome 145.0.0.0 (Windows 10) PagoComponent ngOnInit - Mercado Pago Callback should confirm payment if collection_status is "approved" and external_reference matches pedidoId FAILED[39m
	TypeError: Cannot redefine property: location
	    at Object.defineProperty (<anonymous>)
	    at UserContext.<anonymous> (src/app/components/pages/pago/pago.component.spec.ts:70:12)
	    at Generator.next (<anonymous>)
	    at asyncGeneratorStep (node_modules/@babel/runtime/helpers/esm/asyncToGenerator.js:3:1)
	    at apply (node_modules/@babel/runtime/helpers/esm/asyncToGenerator.js:17:1)
	    at _ZoneDelegate.invoke (node_modules/zone.js/fesm2015/zone.js:369:28)
	    at ProxyZoneSpec.onInvoke (node_modules/zone.js/fesm2015/zone-testing.js:2081:39)
	    at _ZoneDelegate.invoke (node_modules/zone.js/fesm2015/zone.js:368:34)
	    at ZoneImpl.run (node_modules/zone.js/fesm2015/zone.js:111:43)
	    at node_modules/zone.js/fesm2015/zone.js:2538:40
Chrome 145.0.0.0 (Windows 10): Executed 30 of 77[31m (10 FAILED)[39m (0 secs / 0.294 secs)
[1A[2K[31mChrome 145.0.0.0 (Windows 10) PagoComponent ngOnInit - Mercado Pago Callback should handle error if confirmarPagoMercadoPago fails FAILED[39m
	TypeError: Cannot redefine property: location
	    at Object.defineProperty (<anonymous>)
	    at UserContext.<anonymous> (src/app/components/pages/pago/pago.component.spec.ts:70:12)
	    at Generator.next (<anonymous>)
	    at asyncGeneratorStep (node_modules/@babel/runtime/helpers/esm/asyncToGenerator.js:3:1)
	    at apply (node_modules/@babel/runtime/helpers/esm/asyncToGenerator.js:17:1)
	    at _ZoneDelegate.invoke (node_modules/zone.js/fesm2015/zone.js:369:28)
	    at ProxyZoneSpec.onInvoke (node_modules/zone.js/fesm2015/zone-testing.js:2081:39)
	    at _ZoneDelegate.invoke (node_modules/zone.js/fesm2015/zone.js:368:34)
	    at ZoneImpl.run (node_modules/zone.js/fesm2015/zone.js:111:43)
	    at node_modules/zone.js/fesm2015/zone.js:2538:40
Chrome 145.0.0.0 (Windows 10): Executed 31 of 77[31m (11 FAILED)[39m (0 secs / 0.296 secs)
[1A[2K[31mChrome 145.0.0.0 (Windows 10) PagoComponent ngOnInit - Mercado Pago Callback should show info message if payment status is not "approved" but external_reference matches FAILED[39m
	TypeError: Cannot redefine property: location
	    at Object.defineProperty (<anonymous>)
	    at UserContext.<anonymous> (src/app/components/pages/pago/pago.component.spec.ts:70:12)
	    at Generator.next (<anonymous>)
	    at asyncGeneratorStep (node_modules/@babel/runtime/helpers/esm/asyncToGenerator.js:3:1)
	    at apply (node_modules/@babel/runtime/helpers/esm/asyncToGenerator.js:17:1)
	    at _ZoneDelegate.invoke (node_modules/zone.js/fesm2015/zone.js:369:28)
	    at ProxyZoneSpec.onInvoke (node_modules/zone.js/fesm2015/zone-testing.js:2081:39)
	    at _ZoneDelegate.invoke (node_modules/zone.js/fesm2015/zone.js:368:34)
	    at ZoneImpl.run (node_modules/zone.js/fesm2015/zone.js:111:43)
	    at node_modules/zone.js/fesm2015/zone.js:2538:40
Chrome 145.0.0.0 (Windows 10): Executed 32 of 77[31m (12 FAILED)[39m (0 secs / 0.298 secs)
[1A[2K[31mChrome 145.0.0.0 (Windows 10) PagoComponent ngOnInit - Mercado Pago Callback should NOT confirm payment if collection_status is not "approved" FAILED[39m
	TypeError: Cannot redefine property: location
	    at Object.defineProperty (<anonymous>)
	    at UserContext.<anonymous> (src/app/components/pages/pago/pago.component.spec.ts:70:12)
	    at Generator.next (<anonymous>)
	    at asyncGeneratorStep (node_modules/@babel/runtime/helpers/esm/asyncToGenerator.js:3:1)
	    at apply (node_modules/@babel/runtime/helpers/esm/asyncToGenerator.js:17:1)
	    at _ZoneDelegate.invoke (node_modules/zone.js/fesm2015/zone.js:369:28)
	    at ProxyZoneSpec.onInvoke (node_modules/zone.js/fesm2015/zone-testing.js:2081:39)
	    at _ZoneDelegate.invoke (node_modules/zone.js/fesm2015/zone.js:368:34)
	    at ZoneImpl.run (node_modules/zone.js/fesm2015/zone.js:111:43)
	    at node_modules/zone.js/fesm2015/zone.js:2538:40
Chrome 145.0.0.0 (Windows 10): Executed 33 of 77[31m (13 FAILED)[39m (0 secs / 0.3 secs)
[1A[2K[31mChrome 145.0.0.0 (Windows 10) PagoComponent pagarConMercadoPagoConfirmado should redirect to the correct Mercado Pago URL FAILED[39m
	TypeError: Cannot redefine property: location
	    at Object.defineProperty (<anonymous>)
	    at UserContext.<anonymous> (src/app/components/pages/pago/pago.component.spec.ts:70:12)
	    at Generator.next (<anonymous>)
	    at asyncGeneratorStep (node_modules/@babel/runtime/helpers/esm/asyncToGenerator.js:3:1)
	    at apply (node_modules/@babel/runtime/helpers/esm/asyncToGenerator.js:17:1)
	    at _ZoneDelegate.invoke (node_modules/zone.js/fesm2015/zone.js:369:28)
	    at ProxyZoneSpec.onInvoke (node_modules/zone.js/fesm2015/zone-testing.js:2081:39)
	    at _ZoneDelegate.invoke (node_modules/zone.js/fesm2015/zone.js:368:34)
	    at ZoneImpl.run (node_modules/zone.js/fesm2015/zone.js:111:43)
	    at node_modules/zone.js/fesm2015/zone.js:2538:40
Chrome 145.0.0.0 (Windows 10): Executed 34 of 77[31m (14 FAILED)[39m (0 secs / 0.301 secs)
[1A[2K[31mChrome 145.0.0.0 (Windows 10) PagoComponent should create FAILED[39m
	TypeError: Cannot redefine property: location
	    at Object.defineProperty (<anonymous>)
	    at UserContext.<anonymous> (src/app/components/pages/pago/pago.component.spec.ts:70:12)
	    at Generator.next (<anonymous>)
	    at asyncGeneratorStep (node_modules/@babel/runtime/helpers/esm/asyncToGenerator.js:3:1)
	    at apply (node_modules/@babel/runtime/helpers/esm/asyncToGenerator.js:17:1)
	    at _ZoneDelegate.invoke (node_modules/zone.js/fesm2015/zone.js:369:28)
	    at ProxyZoneSpec.onInvoke (node_modules/zone.js/fesm2015/zone-testing.js:2081:39)
	    at _ZoneDelegate.invoke (node_modules/zone.js/fesm2015/zone.js:368:34)
	    at ZoneImpl.run (node_modules/zone.js/fesm2015/zone.js:111:43)
	    at node_modules/zone.js/fesm2015/zone.js:2538:40
Chrome 145.0.0.0 (Windows 10): Executed 35 of 77[31m (15 FAILED)[39m (0 secs / 0.302 secs)
[1A[2K[31mChrome 145.0.0.0 (Windows 10) PagoComponent should fetch order status on init FAILED[39m
	TypeError: Cannot redefine property: location
	    at Object.defineProperty (<anonymous>)
	    at UserContext.<anonymous> (src/app/components/pages/pago/pago.component.spec.ts:70:12)
	    at Generator.next (<anonymous>)
	    at asyncGeneratorStep (node_modules/@babel/runtime/helpers/esm/asyncToGenerator.js:3:1)
	    at apply (node_modules/@babel/runtime/helpers/esm/asyncToGenerator.js:17:1)
	    at _ZoneDelegate.invoke (node_modules/zone.js/fesm2015/zone.js:369:28)
	    at ProxyZoneSpec.onInvoke (node_modules/zone.js/fesm2015/zone-testing.js:2081:39)
	    at _ZoneDelegate.invoke (node_modules/zone.js/fesm2015/zone.js:368:34)
	    at ZoneImpl.run (node_modules/zone.js/fesm2015/zone.js:111:43)
	    at node_modules/zone.js/fesm2015/zone.js:2538:40
Chrome 145.0.0.0 (Windows 10): Executed 36 of 77[31m (16 FAILED)[39m (0 secs / 0.305 secs)
[1A[2K[31mChrome 145.0.0.0 (Windows 10) AdminPedidosComponent should not call service when canceling FAILED[39m
	Error: Unexpected "ModalComponent" found in the "declarations" array of the "TestBed.configureTestingModule" call, "ModalComponent" is marked as standalone and can't be declared in any NgModule - did you intend to import it instead (by adding it to the "imports" array)?
	    at forEach (node_modules/@angular/core/fesm2022/testing.mjs:798:23)
	    at Array.forEach (<anonymous>)
	    at assertNoStandaloneComponents (node_modules/@angular/core/fesm2022/testing.mjs:794:11)
	    at TestBedCompiler.configureTestingModule (node_modules/@angular/core/fesm2022/testing.mjs:869:13)
	    at TestBedImpl.configureTestingModule (node_modules/@angular/core/fesm2022/testing.mjs:1962:23)
	    at TestBedImpl.configureTestingModule (node_modules/@angular/core/fesm2022/testing.mjs:1789:37)
	    at UserContext.<anonymous> (src/app/components/pages/admin/admin-pedidos/admin-pedidos.component.spec.ts:18:19)
	    at Generator.next (<anonymous>)
	    at asyncGeneratorStep (node_modules/@babel/runtime/helpers/esm/asyncToGenerator.js:3:1)
	    at _next (node_modules/@babel/runtime/helpers/esm/asyncToGenerator.js:17:1)
Chrome 145.0.0.0 (Windows 10): Executed 37 of 77[31m (17 FAILED)[39m (0 secs / 0.306 secs)
[1A[2K[31mChrome 145.0.0.0 (Windows 10) AdminPedidosComponent should create FAILED[39m
	Error: Unexpected "ModalComponent" found in the "declarations" array of the "TestBed.configureTestingModule" call, "ModalComponent" is marked as standalone and can't be declared in any NgModule - did you intend to import it instead (by adding it to the "imports" array)?
	    at forEach (node_modules/@angular/core/fesm2022/testing.mjs:798:23)
	    at Array.forEach (<anonymous>)
	    at assertNoStandaloneComponents (node_modules/@angular/core/fesm2022/testing.mjs:794:11)
	    at TestBedCompiler.configureTestingModule (node_modules/@angular/core/fesm2022/testing.mjs:869:13)
	    at TestBedImpl.configureTestingModule (node_modules/@angular/core/fesm2022/testing.mjs:1962:23)
	    at TestBedImpl.configureTestingModule (node_modules/@angular/core/fesm2022/testing.mjs:1789:37)
	    at UserContext.<anonymous> (src/app/components/pages/admin/admin-pedidos/admin-pedidos.component.spec.ts:18:19)
	    at Generator.next (<anonymous>)
	    at asyncGeneratorStep (node_modules/@babel/runtime/helpers/esm/asyncToGenerator.js:3:1)
	    at _next (node_modules/@babel/runtime/helpers/esm/asyncToGenerator.js:17:1)
Chrome 145.0.0.0 (Windows 10): Executed 38 of 77[31m (18 FAILED)[39m (0 secs / 0.307 secs)
[1A[2K[31mChrome 145.0.0.0 (Windows 10) AdminPedidosComponent trackByPedidoId should return Id when present FAILED[39m
	Error: Unexpected "ModalComponent" found in the "declarations" array of the "TestBed.configureTestingModule" call, "ModalComponent" is marked as standalone and can't be declared in any NgModule - did you intend to import it instead (by adding it to the "imports" array)?
	    at forEach (node_modules/@angular/core/fesm2022/testing.mjs:798:23)
	    at Array.forEach (<anonymous>)
	    at assertNoStandaloneComponents (node_modules/@angular/core/fesm2022/testing.mjs:794:11)
	    at TestBedCompiler.configureTestingModule (node_modules/@angular/core/fesm2022/testing.mjs:869:13)
	    at TestBedImpl.configureTestingModule (node_modules/@angular/core/fesm2022/testing.mjs:1962:23)
	    at TestBedImpl.configureTestingModule (node_modules/@angular/core/fesm2022/testing.mjs:1789:37)
	    at UserContext.<anonymous> (src/app/components/pages/admin/admin-pedidos/admin-pedidos.component.spec.ts:18:19)
	    at Generator.next (<anonymous>)
	    at asyncGeneratorStep (node_modules/@babel/runtime/helpers/esm/asyncToGenerator.js:3:1)
	    at _next (node_modules/@babel/runtime/helpers/esm/asyncToGenerator.js:17:1)
Chrome 145.0.0.0 (Windows 10): Executed 39 of 77[31m (19 FAILED)[39m (0 secs / 0.307 secs)
[1A[2K[31mChrome 145.0.0.0 (Windows 10) AdminPedidosComponent trackByPedidoId should fall back to id when Id is undefined FAILED[39m
	Error: Unexpected "ModalComponent" found in the "declarations" array of the "TestBed.configureTestingModule" call, "ModalComponent" is marked as standalone and can't be declared in any NgModule - did you intend to import it instead (by adding it to the "imports" array)?
	    at forEach (node_modules/@angular/core/fesm2022/testing.mjs:798:23)
	    at Array.forEach (<anonymous>)
	    at assertNoStandaloneComponents (node_modules/@angular/core/fesm2022/testing.mjs:794:11)
	    at TestBedCompiler.configureTestingModule (node_modules/@angular/core/fesm2022/testing.mjs:869:13)
	    at TestBedImpl.configureTestingModule (node_modules/@angular/core/fesm2022/testing.mjs:1962:23)
	    at TestBedImpl.configureTestingModule (node_modules/@angular/core/fesm2022/testing.mjs:1789:37)
	    at UserContext.<anonymous> (src/app/components/pages/admin/admin-pedidos/admin-pedidos.component.spec.ts:18:19)
	    at Generator.next (<anonymous>)
	    at asyncGeneratorStep (node_modules/@babel/runtime/helpers/esm/asyncToGenerator.js:3:1)
	    at _next (node_modules/@babel/runtime/helpers/esm/asyncToGenerator.js:17:1)
Chrome 145.0.0.0 (Windows 10): Executed 40 of 77[31m (20 FAILED)[39m (0 secs / 0.307 secs)
[1A[2K[31mChrome 145.0.0.0 (Windows 10) AdminPedidosComponent should open dialog on rechazarPago and call service on confirm FAILED[39m
	Error: Unexpected "ModalComponent" found in the "declarations" array of the "TestBed.configureTestingModule" call, "ModalComponent" is marked as standalone and can't be declared in any NgModule - did you intend to import it instead (by adding it to the "imports" array)?
	    at forEach (node_modules/@angular/core/fesm2022/testing.mjs:798:23)
	    at Array.forEach (<anonymous>)
	    at assertNoStandaloneComponents (node_modules/@angular/core/fesm2022/testing.mjs:794:11)
	    at TestBedCompiler.configureTestingModule (node_modules/@angular/core/fesm2022/testing.mjs:869:13)
	    at TestBedImpl.configureTestingModule (node_modules/@angular/core/fesm2022/testing.mjs:1962:23)
	    at TestBedImpl.configureTestingModule (node_modules/@angular/core/fesm2022/testing.mjs:1789:37)
	    at UserContext.<anonymous> (src/app/components/pages/admin/admin-pedidos/admin-pedidos.component.spec.ts:18:19)
	    at Generator.next (<anonymous>)
	    at asyncGeneratorStep (node_modules/@babel/runtime/helpers/esm/asyncToGenerator.js:3:1)
	    at _next (node_modules/@babel/runtime/helpers/esm/asyncToGenerator.js:17:1)
Chrome 145.0.0.0 (Windows 10): Executed 41 of 77[31m (21 FAILED)[39m (0 secs / 0.308 secs)
[1A[2KChrome 145.0.0.0 (Windows 10): Executed 42 of 77[31m (21 FAILED)[39m (0 secs / 0.31 secs)
[1A[2KChrome 145.0.0.0 (Windows 10): Executed 43 of 77[31m (21 FAILED)[39m (0 secs / 0.312 secs)
[1A[2KChrome 145.0.0.0 (Windows 10): Executed 44 of 77[31m (21 FAILED)[39m (0 secs / 0.321 secs)
[33m27 02 2026 17:32:13.951:WARN [web-server]: [39m404: /_karma_webpack_/assets/icons/dashboard.svg
[33m27 02 2026 17:32:13.952:WARN [web-server]: [39m404: /_karma_webpack_/assets/icons/cuentos.svg
[33m27 02 2026 17:32:13.953:WARN [web-server]: [39m404: /_karma_webpack_/assets/icons/usuarios.svg
[33m27 02 2026 17:32:13.954:WARN [web-server]: [39m404: /_karma_webpack_/assets/icons/pedidos.svg
[33m27 02 2026 17:32:13.955:WARN [web-server]: [39m404: /_karma_webpack_/assets/icons/config.svg
[1A[2K[31mChrome 145.0.0.0 (Windows 10) OrderListComponent Template Rendering should render order cards when pedidos has data FAILED[39m
	NullInjectorError: R3InjectorError(Standalone[OrderListComponent])[AuthService -> AuthService -> HttpClient -> HttpClient]: 
	  NullInjectorError: No provider for HttpClient!
	error properties: Object({ ngTempTokenPath: null, ngTokenPath: [ 'AuthService', 'AuthService', 'HttpClient', 'HttpClient' ] })
	    at NullInjector.get (node_modules/@angular/core/fesm2022/core.mjs:1663:27)
	    at R3Injector.get (node_modules/@angular/core/fesm2022/core.mjs:3109:33)
	    at R3Injector.get (node_modules/@angular/core/fesm2022/core.mjs:3109:33)
	    at injectInjectorOnly (node_modules/@angular/core/fesm2022/core.mjs:1107:40)
	    at ╔Á╔Áinject (node_modules/@angular/core/fesm2022/core.mjs:1113:60)
	    at Object.factory (ng:///AuthService/╔Áfac.js:4:55)
	    at callback (node_modules/@angular/core/fesm2022/core.mjs:3237:47)
	    at runInInjectorProfilerContext (node_modules/@angular/core/fesm2022/core.mjs:872:9)
	    at R3Injector.hydrate (node_modules/@angular/core/fesm2022/core.mjs:3236:21)
	    at R3Injector.get (node_modules/@angular/core/fesm2022/core.mjs:3099:33)
Chrome 145.0.0.0 (Windows 10): Executed 45 of 77[31m (22 FAILED)[39m (0 secs / 0.342 secs)
[1A[2K[31mChrome 145.0.0.0 (Windows 10) OrderListComponent Template Rendering should call irAPago when primary action button is clicked FAILED[39m
	NullInjectorError: R3InjectorError(Standalone[OrderListComponent])[AuthService -> AuthService -> HttpClient -> HttpClient]: 
	  NullInjectorError: No provider for HttpClient!
	error properties: Object({ ngTempTokenPath: null, ngTokenPath: [ 'AuthService', 'AuthService', 'HttpClient', 'HttpClient' ] })
	    at NullInjector.get (node_modules/@angular/core/fesm2022/core.mjs:1663:27)
	    at R3Injector.get (node_modules/@angular/core/fesm2022/core.mjs:3109:33)
	    at R3Injector.get (node_modules/@angular/core/fesm2022/core.mjs:3109:33)
	    at injectInjectorOnly (node_modules/@angular/core/fesm2022/core.mjs:1107:40)
	    at ╔Á╔Áinject (node_modules/@angular/core/fesm2022/core.mjs:1113:60)
	    at Object.factory (ng:///AuthService/╔Áfac.js:4:55)
	    at callback (node_modules/@angular/core/fesm2022/core.mjs:3237:47)
	    at runInInjectorProfilerContext (node_modules/@angular/core/fesm2022/core.mjs:872:9)
	    at R3Injector.hydrate (node_modules/@angular/core/fesm2022/core.mjs:3236:21)
	    at R3Injector.get (node_modules/@angular/core/fesm2022/core.mjs:3099:33)
Chrome 145.0.0.0 (Windows 10): Executed 46 of 77[31m (23 FAILED)[39m (0 secs / 0.345 secs)
[1A[2K[31mChrome 145.0.0.0 (Windows 10) OrderListComponent Template Rendering should display error message when errorMensaje is set FAILED[39m
	NullInjectorError: R3InjectorError(Standalone[OrderListComponent])[AuthService -> AuthService -> HttpClient -> HttpClient]: 
	  NullInjectorError: No provider for HttpClient!
	error properties: Object({ ngTempTokenPath: null, ngTokenPath: [ 'AuthService', 'AuthService', 'HttpClient', 'HttpClient' ] })
	    at NullInjector.get (node_modules/@angular/core/fesm2022/core.mjs:1663:27)
	    at R3Injector.get (node_modules/@angular/core/fesm2022/core.mjs:3109:33)
	    at R3Injector.get (node_modules/@angular/core/fesm2022/core.mjs:3109:33)
	    at injectInjectorOnly (node_modules/@angular/core/fesm2022/core.mjs:1107:40)
	    at ╔Á╔Áinject (node_modules/@angular/core/fesm2022/core.mjs:1113:60)
	    at Object.factory (ng:///AuthService/╔Áfac.js:4:55)
	    at callback (node_modules/@angular/core/fesm2022/core.mjs:3237:47)
	    at runInInjectorProfilerContext (node_modules/@angular/core/fesm2022/core.mjs:872:9)
	    at R3Injector.hydrate (node_modules/@angular/core/fesm2022/core.mjs:3236:21)
	    at R3Injector.get (node_modules/@angular/core/fesm2022/core.mjs:3099:33)
Chrome 145.0.0.0 (Windows 10): Executed 47 of 77[31m (24 FAILED)[39m (0 secs / 0.347 secs)
[1A[2K[31mChrome 145.0.0.0 (Windows 10) OrderListComponent Template Rendering should display "A├║n no tienes pedidos." when pedidos is empty and not loading and no error FAILED[39m
	NullInjectorError: R3InjectorError(Standalone[OrderListComponent])[AuthService -> AuthService -> HttpClient -> HttpClient]: 
	  NullInjectorError: No provider for HttpClient!
	error properties: Object({ ngTempTokenPath: null, ngTokenPath: [ 'AuthService', 'AuthService', 'HttpClient', 'HttpClient' ] })
	    at NullInjector.get (node_modules/@angular/core/fesm2022/core.mjs:1663:27)
	    at R3Injector.get (node_modules/@angular/core/fesm2022/core.mjs:3109:33)
	    at R3Injector.get (node_modules/@angular/core/fesm2022/core.mjs:3109:33)
	    at injectInjectorOnly (node_modules/@angular/core/fesm2022/core.mjs:1107:40)
	    at ╔Á╔Áinject (node_modules/@angular/core/fesm2022/core.mjs:1113:60)
	    at Object.factory (ng:///AuthService/╔Áfac.js:4:55)
	    at callback (node_modules/@angular/core/fesm2022/core.mjs:3237:47)
	    at runInInjectorProfilerContext (node_modules/@angular/core/fesm2022/core.mjs:872:9)
	    at R3Injector.hydrate (node_modules/@angular/core/fesm2022/core.mjs:3236:21)
	    at R3Injector.get (node_modules/@angular/core/fesm2022/core.mjs:3099:33)
Chrome 145.0.0.0 (Windows 10): Executed 48 of 77[31m (25 FAILED)[39m (0 secs / 0.349 secs)
[1A[2K[31mChrome 145.0.0.0 (Windows 10) OrderListComponent Template Rendering should display "Pedidos" title FAILED[39m
	NullInjectorError: R3InjectorError(Standalone[OrderListComponent])[AuthService -> AuthService -> HttpClient -> HttpClient]: 
	  NullInjectorError: No provider for HttpClient!
	error properties: Object({ ngTempTokenPath: null, ngTokenPath: [ 'AuthService', 'AuthService', 'HttpClient', 'HttpClient' ] })
	    at NullInjector.get (node_modules/@angular/core/fesm2022/core.mjs:1663:27)
	    at R3Injector.get (node_modules/@angular/core/fesm2022/core.mjs:3109:33)
	    at R3Injector.get (node_modules/@angular/core/fesm2022/core.mjs:3109:33)
	    at injectInjectorOnly (node_modules/@angular/core/fesm2022/core.mjs:1107:40)
	    at ╔Á╔Áinject (node_modules/@angular/core/fesm2022/core.mjs:1113:60)
	    at Object.factory (ng:///AuthService/╔Áfac.js:4:55)
	    at callback (node_modules/@angular/core/fesm2022/core.mjs:3237:47)
	    at runInInjectorProfilerContext (node_modules/@angular/core/fesm2022/core.mjs:872:9)
	    at R3Injector.hydrate (node_modules/@angular/core/fesm2022/core.mjs:3236:21)
	    at R3Injector.get (node_modules/@angular/core/fesm2022/core.mjs:3099:33)
Chrome 145.0.0.0 (Windows 10): Executed 49 of 77[31m (26 FAILED)[39m (0 secs / 0.352 secs)
[1A[2K[31mChrome 145.0.0.0 (Windows 10) OrderListComponent Template Rendering should display "Cargando pedidos..." when isLoading is true FAILED[39m
	NullInjectorError: R3InjectorError(Standalone[OrderListComponent])[AuthService -> AuthService -> HttpClient -> HttpClient]: 
	  NullInjectorError: No provider for HttpClient!
	error properties: Object({ ngTempTokenPath: null, ngTokenPath: [ 'AuthService', 'AuthService', 'HttpClient', 'HttpClient' ] })
	    at NullInjector.get (node_modules/@angular/core/fesm2022/core.mjs:1663:27)
	    at R3Injector.get (node_modules/@angular/core/fesm2022/core.mjs:3109:33)
	    at R3Injector.get (node_modules/@angular/core/fesm2022/core.mjs:3109:33)
	    at injectInjectorOnly (node_modules/@angular/core/fesm2022/core.mjs:1107:40)
	    at ╔Á╔Áinject (node_modules/@angular/core/fesm2022/core.mjs:1113:60)
	    at Object.factory (ng:///AuthService/╔Áfac.js:4:55)
	    at callback (node_modules/@angular/core/fesm2022/core.mjs:3237:47)
	    at runInInjectorProfilerContext (node_modules/@angular/core/fesm2022/core.mjs:872:9)
	    at R3Injector.hydrate (node_modules/@angular/core/fesm2022/core.mjs:3236:21)
	    at R3Injector.get (node_modules/@angular/core/fesm2022/core.mjs:3099:33)
Chrome 145.0.0.0 (Windows 10): Executed 50 of 77[31m (27 FAILED)[39m (0 secs / 0.354 secs)
[1A[2K[31mChrome 145.0.0.0 (Windows 10) OrderListComponent verDetalle should navigate to the order detail page with the correct pedidoId FAILED[39m
	NullInjectorError: R3InjectorError(Standalone[OrderListComponent])[AuthService -> AuthService -> HttpClient -> HttpClient]: 
	  NullInjectorError: No provider for HttpClient!
	error properties: Object({ ngTempTokenPath: null, ngTokenPath: [ 'AuthService', 'AuthService', 'HttpClient', 'HttpClient' ] })
	    at NullInjector.get (node_modules/@angular/core/fesm2022/core.mjs:1663:27)
	    at R3Injector.get (node_modules/@angular/core/fesm2022/core.mjs:3109:33)
	    at R3Injector.get (node_modules/@angular/core/fesm2022/core.mjs:3109:33)
	    at injectInjectorOnly (node_modules/@angular/core/fesm2022/core.mjs:1107:40)
	    at ╔Á╔Áinject (node_modules/@angular/core/fesm2022/core.mjs:1113:60)
	    at Object.factory (ng:///AuthService/╔Áfac.js:4:55)
	    at callback (node_modules/@angular/core/fesm2022/core.mjs:3237:47)
	    at runInInjectorProfilerContext (node_modules/@angular/core/fesm2022/core.mjs:872:9)
	    at R3Injector.hydrate (node_modules/@angular/core/fesm2022/core.mjs:3236:21)
	    at R3Injector.get (node_modules/@angular/core/fesm2022/core.mjs:3099:33)
Chrome 145.0.0.0 (Windows 10): Executed 51 of 77[31m (28 FAILED)[39m (0 secs / 0.356 secs)
[1A[2K[31mChrome 145.0.0.0 (Windows 10) OrderListComponent ngOnInit should set errorMensaje and isLoading to false if service call fails FAILED[39m
	NullInjectorError: R3InjectorError(Standalone[OrderListComponent])[AuthService -> AuthService -> HttpClient -> HttpClient]: 
	  NullInjectorError: No provider for HttpClient!
	error properties: Object({ ngTempTokenPath: null, ngTokenPath: [ 'AuthService', 'AuthService', 'HttpClient', 'HttpClient' ] })
	    at NullInjector.get (node_modules/@angular/core/fesm2022/core.mjs:1663:27)
	    at R3Injector.get (node_modules/@angular/core/fesm2022/core.mjs:3109:33)
	    at R3Injector.get (node_modules/@angular/core/fesm2022/core.mjs:3109:33)
	    at injectInjectorOnly (node_modules/@angular/core/fesm2022/core.mjs:1107:40)
	    at ╔Á╔Áinject (node_modules/@angular/core/fesm2022/core.mjs:1113:60)
	    at Object.factory (ng:///AuthService/╔Áfac.js:4:55)
	    at callback (node_modules/@angular/core/fesm2022/core.mjs:3237:47)
	    at runInInjectorProfilerContext (node_modules/@angular/core/fesm2022/core.mjs:872:9)
	    at R3Injector.hydrate (node_modules/@angular/core/fesm2022/core.mjs:3236:21)
	    at R3Injector.get (node_modules/@angular/core/fesm2022/core.mjs:3099:33)
Chrome 145.0.0.0 (Windows 10): Executed 52 of 77[31m (29 FAILED)[39m (0 secs / 0.358 secs)
[1A[2K[31mChrome 145.0.0.0 (Windows 10) OrderListComponent ngOnInit should assign pedidos on successful data fetch FAILED[39m
	NullInjectorError: R3InjectorError(Standalone[OrderListComponent])[AuthService -> AuthService -> HttpClient -> HttpClient]: 
	  NullInjectorError: No provider for HttpClient!
	error properties: Object({ ngTempTokenPath: null, ngTokenPath: [ 'AuthService', 'AuthService', 'HttpClient', 'HttpClient' ] })
	    at NullInjector.get (node_modules/@angular/core/fesm2022/core.mjs:1663:27)
	    at R3Injector.get (node_modules/@angular/core/fesm2022/core.mjs:3109:33)
	    at R3Injector.get (node_modules/@angular/core/fesm2022/core.mjs:3109:33)
	    at injectInjectorOnly (node_modules/@angular/core/fesm2022/core.mjs:1107:40)
	    at ╔Á╔Áinject (node_modules/@angular/core/fesm2022/core.mjs:1113:60)
	    at Object.factory (ng:///AuthService/╔Áfac.js:4:55)
	    at callback (node_modules/@angular/core/fesm2022/core.mjs:3237:47)
	    at runInInjectorProfilerContext (node_modules/@angular/core/fesm2022/core.mjs:872:9)
	    at R3Injector.hydrate (node_modules/@angular/core/fesm2022/core.mjs:3236:21)
	    at R3Injector.get (node_modules/@angular/core/fesm2022/core.mjs:3099:33)
Chrome 145.0.0.0 (Windows 10): Executed 53 of 77[31m (30 FAILED)[39m (0 secs / 0.36 secs)
[1A[2K[31mChrome 145.0.0.0 (Windows 10) OrderListComponent ngOnInit should call pedidoService.getOrders and set isLoading to true initially, then false FAILED[39m
	NullInjectorError: R3InjectorError(Standalone[OrderListComponent])[AuthService -> AuthService -> HttpClient -> HttpClient]: 
	  NullInjectorError: No provider for HttpClient!
	error properties: Object({ ngTempTokenPath: null, ngTokenPath: [ 'AuthService', 'AuthService', 'HttpClient', 'HttpClient' ] })
	    at NullInjector.get (node_modules/@angular/core/fesm2022/core.mjs:1663:27)
	    at R3Injector.get (node_modules/@angular/core/fesm2022/core.mjs:3109:33)
	    at R3Injector.get (node_modules/@angular/core/fesm2022/core.mjs:3109:33)
	    at injectInjectorOnly (node_modules/@angular/core/fesm2022/core.mjs:1107:40)
	    at ╔Á╔Áinject (node_modules/@angular/core/fesm2022/core.mjs:1113:60)
	    at Object.factory (ng:///AuthService/╔Áfac.js:4:55)
	    at callback (node_modules/@angular/core/fesm2022/core.mjs:3237:47)
	    at runInInjectorProfilerContext (node_modules/@angular/core/fesm2022/core.mjs:872:9)
	    at R3Injector.hydrate (node_modules/@angular/core/fesm2022/core.mjs:3236:21)
	    at R3Injector.get (node_modules/@angular/core/fesm2022/core.mjs:3099:33)
Chrome 145.0.0.0 (Windows 10): Executed 54 of 77[31m (31 FAILED)[39m (0 secs / 0.362 secs)
[1A[2K[31mChrome 145.0.0.0 (Windows 10) OrderListComponent should create FAILED[39m
	NullInjectorError: R3InjectorError(Standalone[OrderListComponent])[AuthService -> AuthService -> HttpClient -> HttpClient]: 
	  NullInjectorError: No provider for HttpClient!
	error properties: Object({ ngTempTokenPath: null, ngTokenPath: [ 'AuthService', 'AuthService', 'HttpClient', 'HttpClient' ] })
	    at NullInjector.get (node_modules/@angular/core/fesm2022/core.mjs:1663:27)
	    at R3Injector.get (node_modules/@angular/core/fesm2022/core.mjs:3109:33)
	    at R3Injector.get (node_modules/@angular/core/fesm2022/core.mjs:3109:33)
	    at injectInjectorOnly (node_modules/@angular/core/fesm2022/core.mjs:1107:40)
	    at ╔Á╔Áinject (node_modules/@angular/core/fesm2022/core.mjs:1113:60)
	    at Object.factory (ng:///AuthService/╔Áfac.js:4:55)
	    at callback (node_modules/@angular/core/fesm2022/core.mjs:3237:47)
	    at runInInjectorProfilerContext (node_modules/@angular/core/fesm2022/core.mjs:872:9)
	    at R3Injector.hydrate (node_modules/@angular/core/fesm2022/core.mjs:3236:21)
	    at R3Injector.get (node_modules/@angular/core/fesm2022/core.mjs:3099:33)
Chrome 145.0.0.0 (Windows 10): Executed 55 of 77[31m (32 FAILED)[39m (0 secs / 0.364 secs)
[1A[2KChrome 145.0.0.0 (Windows 10): Executed 56 of 77[31m (32 FAILED)[39m (0 secs / 0.425 secs)
[1A[2K[31mChrome 145.0.0.0 (Windows 10) AdminDashboardComponent should update counters with data from services FAILED[39m
	Expected 10 to be 0.
	    at <Jasmine>
	    at UserContext.apply (src/app/components/pages/admin/admin-dashboard/admin-dashboard.component.spec.ts:69:37)
	    at _ZoneDelegate.invoke (node_modules/zone.js/fesm2015/zone.js:369:28)
	    at ProxyZoneSpec.onInvoke (node_modules/zone.js/fesm2015/zone-testing.js:2081:39)
	    at _ZoneDelegate.invoke (node_modules/zone.js/fesm2015/zone.js:368:34)
Chrome 145.0.0.0 (Windows 10): Executed 57 of 77[31m (33 FAILED)[39m (0 secs / 0.441 secs)
[1A[2KChrome 145.0.0.0 (Windows 10): Executed 58 of 77[31m (33 FAILED)[39m (0 secs / 0.443 secs)
[1A[2KChrome 145.0.0.0 (Windows 10): Executed 59 of 77[31m (33 FAILED)[39m (0 secs / 0.455 secs)
[1A[2K[31mChrome 145.0.0.0 (Windows 10) LoginComponent should create FAILED[39m
	NullInjectorError: R3InjectorError(Standalone[LoginComponent])[AuthService -> AuthService -> HttpClient -> HttpClient]: 
	  NullInjectorError: No provider for HttpClient!
	error properties: Object({ ngTempTokenPath: null, ngTokenPath: [ 'AuthService', 'AuthService', 'HttpClient', 'HttpClient' ] })
	    at NullInjector.get (node_modules/@angular/core/fesm2022/core.mjs:1663:27)
	    at R3Injector.get (node_modules/@angular/core/fesm2022/core.mjs:3109:33)
	    at R3Injector.get (node_modules/@angular/core/fesm2022/core.mjs:3109:33)
	    at injectInjectorOnly (node_modules/@angular/core/fesm2022/core.mjs:1107:40)
	    at ╔Á╔Áinject (node_modules/@angular/core/fesm2022/core.mjs:1113:60)
	    at Object.factory (ng:///AuthService/╔Áfac.js:4:55)
	    at callback (node_modules/@angular/core/fesm2022/core.mjs:3237:47)
	    at runInInjectorProfilerContext (node_modules/@angular/core/fesm2022/core.mjs:872:9)
	    at R3Injector.hydrate (node_modules/@angular/core/fesm2022/core.mjs:3236:21)
	    at R3Injector.get (node_modules/@angular/core/fesm2022/core.mjs:3099:33)
Chrome 145.0.0.0 (Windows 10): Executed 60 of 77[31m (34 FAILED)[39m (0 secs / 0.461 secs)
[1A[2KChrome 145.0.0.0 (Windows 10): Executed 61 of 77[31m (34 FAILED)[39m (0 secs / 0.474 secs)
[1A[2KChrome 145.0.0.0 (Windows 10): Executed 62 of 77[31m (34 FAILED)[39m (0 secs / 0.476 secs)
[1A[2K[31mChrome 145.0.0.0 (Windows 10) PedidoService getOrderById should handle non-numeric or invalid ID for getOrderById gracefully (compile-time check) FAILED[39m
	Error: Expected one matching request for criteria "Match URL: http://localhost:8080/api/orders/NaN", found none.
	    at HttpClientTestingBackend.expectOne (node_modules/@angular/common/fesm2022/http/testing.mjs:270:19)
	    at UserContext.apply (src/app/services/pedido.service.spec.ts:97:28)
	    at _ZoneDelegate.invoke (node_modules/zone.js/fesm2015/zone.js:369:28)
	    at ProxyZoneSpec.onInvoke (node_modules/zone.js/fesm2015/zone-testing.js:2081:39)
	    at _ZoneDelegate.invoke (node_modules/zone.js/fesm2015/zone.js:368:34)
	    at ZoneImpl.run (node_modules/zone.js/fesm2015/zone.js:111:43)
	    at runInTestZone (node_modules/zone.js/fesm2015/zone-testing.js:216:38)
	    at UserContext.<anonymous> (node_modules/zone.js/fesm2015/zone-testing.js:234:32)
	    at <Jasmine>
Chrome 145.0.0.0 (Windows 10): Executed 63 of 77[31m (35 FAILED)[39m (0 secs / 0.478 secs)
[1A[2KChrome 145.0.0.0 (Windows 10): Executed 64 of 77[31m (35 FAILED)[39m (0 secs / 0.479 secs)
[1A[2KChrome 145.0.0.0 (Windows 10): Executed 65 of 77[31m (35 FAILED)[39m (0 secs / 0.481 secs)
[1A[2KChrome 145.0.0.0 (Windows 10): Executed 66 of 77[31m (35 FAILED)[39m (0 secs / 0.482 secs)
[1A[2KChrome 145.0.0.0 (Windows 10): Executed 67 of 77[31m (35 FAILED)[39m (0 secs / 0.483 secs)
[1A[2KChrome 145.0.0.0 (Windows 10): Executed 68 of 77[31m (35 FAILED)[39m (0 secs / 0.487 secs)
[1A[2KChrome 145.0.0.0 (Windows 10): Executed 69 of 77[31m (35 FAILED)[39m (0 secs / 0.489 secs)
[1A[2KChrome 145.0.0.0 (Windows 10): Executed 70 of 77[31m (35 FAILED)[39m (0 secs / 0.49 secs)
[1A[2KChrome 145.0.0.0 (Windows 10): Executed 71 of 77[31m (35 FAILED)[39m (0 secs / 0.512 secs)
[1A[2KChrome 145.0.0.0 (Windows 10): Executed 72 of 77[31m (35 FAILED)[39m (0 secs / 0.517 secs)
[1A[2KChrome 145.0.0.0 (Windows 10): Executed 73 of 77[31m (35 FAILED)[39m (0 secs / 0.519 secs)
[1A[2KChrome 145.0.0.0 (Windows 10): Executed 74 of 77[31m (35 FAILED)[39m (0 secs / 0.521 secs)
[1A[2KChrome 145.0.0.0 (Windows 10): Executed 75 of 77[31m (35 FAILED)[39m (0 secs / 0.522 secs)
[1A[2KChrome 145.0.0.0 (Windows 10): Executed 76 of 77[31m (35 FAILED)[39m (0 secs / 0.523 secs)
[1A[2KChrome 145.0.0.0 (Windows 10): Executed 77 of 77[31m (35 FAILED)[39m (0 secs / 0.524 secs)
[1A[2KChrome 145.0.0.0 (Windows 10): Executed 77 of 77[31m (35 FAILED)[39m (0.583 secs / 0.524 secs)
[31mTOTAL: 35 FAILED, 42 SUCCESS[39m
