
> cuentos-killa-fe@0.0.0 test
> ng test

node.exe : - Generating browser application bundles (phase: setup)...
En C:\Program Files\nodejs\npm.ps1: 29 Carácter: 3
+   & $NODE_EXE $NPM_CLI_JS $args
+   ~~~~~~~~~~~~~~~~~~~~~~~~~~~~~
    + CategoryInfo          : NotSpecified: (- Generating br...hase: setup)...:String) [], RemoteException
    + FullyQualifiedErrorId : NativeCommandError
 
ÔêÜ Browser application bundle generation complete.
[33m27 02 2026 18:04:53.893:WARN [karma]: [39mNo captured browser, open http://localhost:9877/
[32m27 02 2026 18:04:53.938:INFO [karma-server]: [39mKarma v6.4.4 server started at http://localhost:9877/
[32m27 02 2026 18:04:53.939:INFO [launcher]: [39mLaunching browsers Chrome with concurrency unlimited
[32m27 02 2026 18:04:53.945:INFO [launcher]: [39mStarting browser Chrome
[32m27 02 2026 18:04:55.320:INFO [Chrome 145.0.0.0 (Windows 10)]: [39mConnected on socket sTerdUE3MTcd0HtcAAAB with id 90789493
Chrome 145.0.0.0 (Windows 10): Executed 0 of 73[32m SUCCESS[39m (0 secs / 0 secs)
[1A[2KChrome 145.0.0.0 (Windows 10): Executed 1 of 73[32m SUCCESS[39m (0 secs / 0.097 secs)
[1A[2KChrome 145.0.0.0 (Windows 10): Executed 2 of 73[32m SUCCESS[39m (0 secs / 0.103 secs)
[1A[2K[31mChrome 145.0.0.0 (Windows 10) PagoComponent ngOnInit - Mercado Pago Callback should confirm payment if collection_status is "approved" and external_reference matches pedidoId FAILED[39m
	Expected 'PENDIENTE DE PAGO' to be 'Pago Verificado'.
	    at <Jasmine>
	    at UserContext.apply (src/app/components/pages/pago/pago.component.spec.ts:101:37)
	    at UserContext.apply (node_modules/zone.js/fesm2015/zone-testing.js:1702:26)
	    at _ZoneDelegate.invoke (node_modules/zone.js/fesm2015/zone.js:369:28)
	    at ProxyZoneSpec.onInvoke (node_modules/zone.js/fesm2015/zone-testing.js:2081:39)
Chrome 145.0.0.0 (Windows 10): Executed 3 of 73[31m (1 FAILED)[39m (0 secs / 0.121 secs)
[1A[2KChrome 145.0.0.0 (Windows 10): Executed 4 of 73[31m (1 FAILED)[39m (0 secs / 0.125 secs)
[1A[2KChrome 145.0.0.0 (Windows 10): Executed 5 of 73[31m (1 FAILED)[39m (0 secs / 0.129 secs)
[1A[2K[31mChrome 145.0.0.0 (Windows 10) PagoComponent ngOnInit - Mercado Pago Callback should NOT confirm payment if collection_status is not "approved" FAILED[39m
	Expected '' to be 'El pago con Mercado Pago est├í rejected.'.
	    at <Jasmine>
	    at UserContext.apply (src/app/components/pages/pago/pago.component.spec.ts:159:33)
	    at UserContext.apply (node_modules/zone.js/fesm2015/zone-testing.js:1702:26)
	    at _ZoneDelegate.invoke (node_modules/zone.js/fesm2015/zone.js:369:28)
	    at ProxyZoneSpec.onInvoke (node_modules/zone.js/fesm2015/zone-testing.js:2081:39)
Chrome 145.0.0.0 (Windows 10): Executed 6 of 73[31m (2 FAILED)[39m (0 secs / 0.132 secs)
[1A[2K[31mChrome 145.0.0.0 (Windows 10) ERROR[39m
  Some of your tests did a full page reload!
Chrome 145.0.0.0 (Windows 10): Executed 6 of 73[31m (2 FAILED)[39m[31m ERROR[39m (0 secs / 0.132 secs)
Chrome 145.0.0.0 (Windows 10) ERROR
  Some of your tests did a full page reload!
[1A[2KChrome 145.0.0.0 (Windows 10): Executed 6 of 73[31m (2 FAILED)[39m[31m ERROR[39m (0.146 secs / 0.132 secs)
[33m27 02 2026 18:05:27.738:WARN [Chrome 145.0.0.0 (Windows 10)]: [39mDisconnected (0 times) , because no message in 30000 ms.
[1A[2K[31mChrome 145.0.0.0 (Windows 10) ERROR[39m
  Disconnected , because no message in 30000 ms.
Chrome 145.0.0.0 (Windows 10): Executed 6 of 73[31m (2 FAILED)[39m[31m DISCONNECTED[39m (30.167 secs / 0.132 secs)
Chrome 145.0.0.0 (Windows 10) ERROR
  Disconnected , because no message in 30000 ms.
[1A[2KChrome 145.0.0.0 (Windows 10): Executed 6 of 73[31m (2 FAILED)[39m[31m DISCONNECTED[39m (30.167 secs / 0.132 secs)
