
> cuentos-killa-fe@0.0.0 test
> ng test

node.exe : - Generating browser application bundles (phase: setup)...
En C:\Program Files\nodejs\npm.ps1: 29 Carácter: 3
+   & $NODE_EXE $NPM_CLI_JS $args
+   ~~~~~~~~~~~~~~~~~~~~~~~~~~~~~
    + CategoryInfo          : NotSpecified: (- Generating br...hase: setup)...:String) [], RemoteException
    + FullyQualifiedErrorId : NativeCommandError
 
ÔêÜ Browser application bundle generation complete.
[33m27 02 2026 17:58:28.849:WARN [karma]: [39mNo captured browser, open http://localhost:9884/
[32m27 02 2026 17:58:28.891:INFO [karma-server]: [39mKarma v6.4.4 server started at http://localhost:9884/
[32m27 02 2026 17:58:28.891:INFO [launcher]: [39mLaunching browsers Chrome with concurrency unlimited
[32m27 02 2026 17:58:28.898:INFO [launcher]: [39mStarting browser Chrome
[32m27 02 2026 17:58:29.789:INFO [Chrome 145.0.0.0 (Windows 10)]: [39mConnected on socket fYkq74XbKsJer_9nAAAB with id 24220866
Chrome 145.0.0.0 (Windows 10): Executed 0 of 75[32m SUCCESS[39m (0 secs / 0 secs)
[1A[2KChrome 145.0.0.0 (Windows 10): Executed 1 of 75[32m SUCCESS[39m (0 secs / 0.054 secs)
[1A[2KChrome 145.0.0.0 (Windows 10): Executed 2 of 75[32m SUCCESS[39m (0 secs / 0.056 secs)
[1A[2KChrome 145.0.0.0 (Windows 10): Executed 3 of 75[32m SUCCESS[39m (0 secs / 0.06 secs)
[1A[2KChrome 145.0.0.0 (Windows 10): Executed 4 of 75[32m SUCCESS[39m (0 secs / 0.062 secs)
[1A[2KChrome 145.0.0.0 (Windows 10): Executed 5 of 75[32m SUCCESS[39m (0 secs / 0.064 secs)
[1A[2KChrome 145.0.0.0 (Windows 10): Executed 6 of 75[32m SUCCESS[39m (0 secs / 0.101 secs)
[1A[2KChrome 145.0.0.0 (Windows 10): Executed 7 of 75[32m SUCCESS[39m (0 secs / 0.113 secs)
[1A[2KChrome 145.0.0.0 (Windows 10): Executed 8 of 75[32m SUCCESS[39m (0 secs / 0.128 secs)
[33m27 02 2026 17:58:33.078:WARN [web-server]: [39m404: /_karma_webpack_/assets/icons/cuentos.svg
[33m27 02 2026 17:58:33.079:WARN [web-server]: [39m404: /_karma_webpack_/assets/icons/dashboard.svg
[33m27 02 2026 17:58:33.080:WARN [web-server]: [39m404: /_karma_webpack_/assets/icons/pedidos.svg
[33m27 02 2026 17:58:33.081:WARN [web-server]: [39m404: /_karma_webpack_/assets/icons/usuarios.svg
[33m27 02 2026 17:58:33.083:WARN [web-server]: [39m404: /_karma_webpack_/assets/icons/config.svg
[1A[2KChrome 145.0.0.0 (Windows 10): Executed 9 of 75[32m SUCCESS[39m (0 secs / 0.164 secs)
[1A[2KChrome 145.0.0.0 (Windows 10): Executed 10 of 75[32m SUCCESS[39m (0 secs / 0.168 secs)
[1A[2KChrome 145.0.0.0 (Windows 10): Executed 11 of 75[32m SUCCESS[39m (0 secs / 0.232 secs)
[1A[2KChrome 145.0.0.0 (Windows 10): Executed 12 of 75[32m SUCCESS[39m (0 secs / 0.249 secs)
[1A[2KChrome 145.0.0.0 (Windows 10): Executed 13 of 75[32m SUCCESS[39m (0 secs / 0.255 secs)
[1A[2KChrome 145.0.0.0 (Windows 10): Executed 14 of 75[32m SUCCESS[39m (0 secs / 0.287 secs)
[1A[2KChrome 145.0.0.0 (Windows 10): Executed 15 of 75[32m SUCCESS[39m (0 secs / 0.29 secs)
[1A[2KChrome 145.0.0.0 (Windows 10): Executed 16 of 75[32m SUCCESS[39m (0 secs / 0.293 secs)
[1A[2K[31mChrome 145.0.0.0 (Windows 10) AdminPedidosComponent should open dialog on rechazarPago and call service on confirm FAILED[39m
	TypeError: Cannot read properties of undefined (reading 'subscribe')
	    at AdminPedidosComponent.confirmarRechazo (src/app/components/pages/admin/admin-pedidos/admin-pedidos.component.ts:103:71)
	    at UserContext.apply (src/app/components/pages/admin/admin-pedidos/admin-pedidos.component.spec.ts:38:15)
	    at _ZoneDelegate.invoke (node_modules/zone.js/fesm2015/zone.js:369:28)
	    at ProxyZoneSpec.onInvoke (node_modules/zone.js/fesm2015/zone-testing.js:2081:39)
	    at _ZoneDelegate.invoke (node_modules/zone.js/fesm2015/zone.js:368:34)
	    at ZoneImpl.run (node_modules/zone.js/fesm2015/zone.js:111:43)
	    at runInTestZone (node_modules/zone.js/fesm2015/zone-testing.js:216:38)
	    at UserContext.<anonymous> (node_modules/zone.js/fesm2015/zone-testing.js:234:32)
	    at <Jasmine>
Chrome 145.0.0.0 (Windows 10): Executed 17 of 75[31m (1 FAILED)[39m (0 secs / 0.297 secs)
[1A[2KChrome 145.0.0.0 (Windows 10): Executed 18 of 75[31m (1 FAILED)[39m (0 secs / 0.3 secs)
[1A[2KChrome 145.0.0.0 (Windows 10): Executed 19 of 75[31m (1 FAILED)[39m (0 secs / 0.302 secs)
[1A[2KChrome 145.0.0.0 (Windows 10): Executed 20 of 75[31m (1 FAILED)[39m (0 secs / 0.303 secs)
[1A[2KChrome 145.0.0.0 (Windows 10): Executed 21 of 75[31m (1 FAILED)[39m (0 secs / 0.315 secs)
[1A[2KChrome 145.0.0.0 (Windows 10): Executed 22 of 75[31m (1 FAILED)[39m (0 secs / 0.317 secs)
[1A[2KChrome 145.0.0.0 (Windows 10): Executed 23 of 75[31m (1 FAILED)[39m (0 secs / 0.318 secs)
[1A[2KChrome 145.0.0.0 (Windows 10): Executed 24 of 75[31m (1 FAILED)[39m (0 secs / 0.319 secs)
[1A[2K[31mChrome 145.0.0.0 (Windows 10) PedidoService getOrderById should handle non-numeric or invalid ID for getOrderById gracefully (compile-time check) FAILED[39m
	Error: Expected one matching request for criteria "Match URL: http://localhost:8080/api/orders/NaN", found none.
	    at HttpClientTestingBackend.expectOne (node_modules/@angular/common/fesm2022/http/testing.mjs:270:19)
	    at UserContext.apply (src/app/services/pedido.service.spec.ts:97:28)
	    at _ZoneDelegate.invoke (node_modules/zone.js/fesm2015/zone.js:369:28)
	    at ProxyZoneSpec.onInvoke (node_modules/zone.js/fesm2015/zone-testing.js:2081:39)
	    at _ZoneDelegate.invoke (node_modules/zone.js/fesm2015/zone.js:368:34)
	    at ZoneImpl.run (node_modules/zone.js/fesm2015/zone.js:111:43)
	    at runInTestZone (node_modules/zone.js/fesm2015/zone-testing.js:216:38)
	    at UserContext.<anonymous> (node_modules/zone.js/fesm2015/zone-testing.js:234:32)
	    at <Jasmine>
Chrome 145.0.0.0 (Windows 10): Executed 25 of 75[31m (2 FAILED)[39m (0 secs / 0.32 secs)
[1A[2KChrome 145.0.0.0 (Windows 10): Executed 26 of 75[31m (2 FAILED)[39m (0 secs / 0.321 secs)
[1A[2KChrome 145.0.0.0 (Windows 10): Executed 27 of 75[31m (2 FAILED)[39m (0 secs / 0.322 secs)
[1A[2KChrome 145.0.0.0 (Windows 10): Executed 28 of 75[31m (2 FAILED)[39m (0 secs / 0.326 secs)
[1A[2KChrome 145.0.0.0 (Windows 10): Executed 29 of 75[31m (2 FAILED)[39m (0 secs / 0.343 secs)
[1A[2KChrome 145.0.0.0 (Windows 10): Executed 30 of 75[31m (2 FAILED)[39m (0 secs / 0.361 secs)
[1A[2KChrome 145.0.0.0 (Windows 10): Executed 31 of 75[31m (2 FAILED)[39m (0 secs / 0.364 secs)
[1A[2K[31mChrome 145.0.0.0 (Windows 10) OrderListComponent Template Rendering should display "Cargando pedidos..." when isLoading is true FAILED[39m
	TypeError: Cannot read properties of null (reading 'nativeElement')
	    at UserContext.apply (src/app/components/pages/order-list/order-list.component.spec.ts:105:29)
	    at _ZoneDelegate.invoke (node_modules/zone.js/fesm2015/zone.js:369:28)
	    at ProxyZoneSpec.onInvoke (node_modules/zone.js/fesm2015/zone-testing.js:2081:39)
	    at _ZoneDelegate.invoke (node_modules/zone.js/fesm2015/zone.js:368:34)
	    at ZoneImpl.run (node_modules/zone.js/fesm2015/zone.js:111:43)
	    at runInTestZone (node_modules/zone.js/fesm2015/zone-testing.js:216:38)
	    at UserContext.<anonymous> (node_modules/zone.js/fesm2015/zone-testing.js:234:32)
	    at <Jasmine>
Chrome 145.0.0.0 (Windows 10): Executed 32 of 75[31m (3 FAILED)[39m (0 secs / 0.368 secs)
[1A[2KChrome 145.0.0.0 (Windows 10): Executed 33 of 75[31m (3 FAILED)[39m (0 secs / 0.371 secs)
[1A[2KChrome 145.0.0.0 (Windows 10): Executed 34 of 75[31m (3 FAILED)[39m (0 secs / 0.374 secs)
[1A[2K[31mChrome 145.0.0.0 (Windows 10) OrderListComponent Template Rendering should call irAPago when primary action button is clicked FAILED[39m
	TypeError: Cannot read properties of null (reading 'triggerEventHandler')
	    at UserContext.apply (src/app/components/pages/order-list/order-list.component.spec.ts:161:14)
	    at UserContext.apply (node_modules/zone.js/fesm2015/zone-testing.js:1702:26)
	    at _ZoneDelegate.invoke (node_modules/zone.js/fesm2015/zone.js:369:28)
	    at ProxyZoneSpec.onInvoke (node_modules/zone.js/fesm2015/zone-testing.js:2081:39)
	    at _ZoneDelegate.invoke (node_modules/zone.js/fesm2015/zone.js:368:34)
	    at ZoneImpl.run (node_modules/zone.js/fesm2015/zone.js:111:43)
	    at runInTestZone (node_modules/zone.js/fesm2015/zone-testing.js:216:38)
	    at UserContext.<anonymous> (node_modules/zone.js/fesm2015/zone-testing.js:234:32)
	    at <Jasmine>
Chrome 145.0.0.0 (Windows 10): Executed 35 of 75[31m (4 FAILED)[39m (0 secs / 0.379 secs)
[1A[2K[31mChrome 145.0.0.0 (Windows 10) OrderListComponent Template Rendering should render order cards when pedidos has data FAILED[39m
	Expected 0 to be 2.
	    at <Jasmine>
	    at UserContext.apply (src/app/components/pages/order-list/order-list.component.spec.ts:135:32)
	    at UserContext.apply (node_modules/zone.js/fesm2015/zone-testing.js:1702:26)
	    at _ZoneDelegate.invoke (node_modules/zone.js/fesm2015/zone.js:369:28)
	    at ProxyZoneSpec.onInvoke (node_modules/zone.js/fesm2015/zone-testing.js:2081:39)
	TypeError: Cannot read properties of undefined (reading 'query')
	    at UserContext.apply (src/app/components/pages/order-list/order-list.component.spec.ts:138:23)
	    at UserContext.apply (node_modules/zone.js/fesm2015/zone-testing.js:1702:26)
	    at _ZoneDelegate.invoke (node_modules/zone.js/fesm2015/zone.js:369:28)
	    at ProxyZoneSpec.onInvoke (node_modules/zone.js/fesm2015/zone-testing.js:2081:39)
	    at _ZoneDelegate.invoke (node_modules/zone.js/fesm2015/zone.js:368:34)
	    at ZoneImpl.run (node_modules/zone.js/fesm2015/zone.js:111:43)
	    at runInTestZone (node_modules/zone.js/fesm2015/zone-testing.js:216:38)
	    at UserContext.<anonymous> (node_modules/zone.js/fesm2015/zone-testing.js:234:32)
	    at <Jasmine>
Chrome 145.0.0.0 (Windows 10): Executed 36 of 75[31m (5 FAILED)[39m (0 secs / 0.384 secs)
[1A[2K[31mChrome 145.0.0.0 (Windows 10) OrderListComponent Template Rendering should display error message when errorMensaje is set FAILED[39m
	TypeError: Cannot read properties of null (reading 'nativeElement')
	    at UserContext.apply (src/app/components/pages/order-list/order-list.component.spec.ts:113:27)
	    at _ZoneDelegate.invoke (node_modules/zone.js/fesm2015/zone.js:369:28)
	    at ProxyZoneSpec.onInvoke (node_modules/zone.js/fesm2015/zone-testing.js:2081:39)
	    at _ZoneDelegate.invoke (node_modules/zone.js/fesm2015/zone.js:368:34)
	    at ZoneImpl.run (node_modules/zone.js/fesm2015/zone.js:111:43)
	    at runInTestZone (node_modules/zone.js/fesm2015/zone-testing.js:216:38)
	    at UserContext.<anonymous> (node_modules/zone.js/fesm2015/zone-testing.js:234:32)
	    at <Jasmine>
Chrome 145.0.0.0 (Windows 10): Executed 37 of 75[31m (6 FAILED)[39m (0 secs / 0.387 secs)
[1A[2KERROR: [36m'Error fetching orders:', Object{status: 500, message: 'Server Error'}[39m
Chrome 145.0.0.0 (Windows 10): Executed 37 of 75[31m (6 FAILED)[39m (0 secs / 0.387 secs)
ERROR: 'Error fetching orders:', Object{status: 500, message: 'Server Error'}
[1A[2KChrome 145.0.0.0 (Windows 10): Executed 38 of 75[31m (6 FAILED)[39m (0 secs / 0.391 secs)
[1A[2K[31mChrome 145.0.0.0 (Windows 10) OrderListComponent ngOnInit should assign pedidos on successful data fetch FAILED[39m
	Expected 0 to be 2.
	    at <Jasmine>
	    at UserContext.apply (src/app/components/pages/order-list/order-list.component.spec.ts:70:40)
	    at UserContext.apply (node_modules/zone.js/fesm2015/zone-testing.js:1702:26)
	    at _ZoneDelegate.invoke (node_modules/zone.js/fesm2015/zone.js:369:28)
	    at ProxyZoneSpec.onInvoke (node_modules/zone.js/fesm2015/zone-testing.js:2081:39)
	Expected $.length = 0 to equal 2.
	Expected $[0] = undefined to equal Object({ id: 1, fecha: '2023-01-15T10:00:00Z', nombre: 'Cliente A', correo: 'a@a.com', direccion: 'Dir A', telefono: '123', items: [  ], total: 100, estado: 'ENTREGADO', userId: 1, correoUsuario: 'a@a.com' }).
	Expected $[1] = undefined to equal Object({ id: 2, fecha: '2023-01-16T11:00:00Z', nombre: 'Cliente B', correo: 'b@b.com', direccion: 'Dir B', telefono: '456', items: [  ], total: 200, estado: 'PAGO_PENDIENTE', userId: 2, correoUsuario: 'b@b.com' }).
	    at <Jasmine>
	    at UserContext.apply (src/app/components/pages/order-list/order-list.component.spec.ts:71:33)
	    at UserContext.apply (node_modules/zone.js/fesm2015/zone-testing.js:1702:26)
	    at _ZoneDelegate.invoke (node_modules/zone.js/fesm2015/zone.js:369:28)
	    at ProxyZoneSpec.onInvoke (node_modules/zone.js/fesm2015/zone-testing.js:2081:39)
Chrome 145.0.0.0 (Windows 10): Executed 39 of 75[31m (7 FAILED)[39m (0 secs / 0.395 secs)
[1A[2KChrome 145.0.0.0 (Windows 10): Executed 40 of 75[31m (7 FAILED)[39m (0 secs / 0.398 secs)
[1A[2KChrome 145.0.0.0 (Windows 10): Executed 41 of 75[31m (7 FAILED)[39m (0 secs / 0.413 secs)
[1A[2KChrome 145.0.0.0 (Windows 10): Executed 42 of 75[31m (7 FAILED)[39m (0 secs / 0.415 secs)
[1A[2KChrome 145.0.0.0 (Windows 10): Executed 43 of 75[31m (7 FAILED)[39m (0 secs / 0.416 secs)
[1A[2K[31mChrome 145.0.0.0 (Windows 10) OrderDetailComponent isPagoPendiente should return true if estado is PENDIENTE (case insensitive) FAILED[39m
	Expected false to be true.
	    at <Jasmine>
	    at UserContext.apply (src/app/components/pages/order-detail/order-detail.component.spec.ts:132:43)
	    at _ZoneDelegate.invoke (node_modules/zone.js/fesm2015/zone.js:369:28)
	    at ProxyZoneSpec.onInvoke (node_modules/zone.js/fesm2015/zone-testing.js:2081:39)
	    at _ZoneDelegate.invoke (node_modules/zone.js/fesm2015/zone.js:368:34)
Chrome 145.0.0.0 (Windows 10): Executed 44 of 75[31m (8 FAILED)[39m (0 secs / 0.418 secs)
[1A[2K[31mChrome 145.0.0.0 (Windows 10) OrderDetailComponent pagarAhora should log a message and show a toast FAILED[39m
	Expected spy log to have been called with:
	  [ 'Intento de pago para el pedido:', undefined ]
	but actual calls were:
	  [ 'Intento de pago para el pedido:', 1 ].
	
	Call 0:
	  Expected $[1] = 1 to equal undefined.
	Error: Expected spy log to have been called with:
	  [ 'Intento de pago para el pedido:', undefined ]
	but actual calls were:
	  [ 'Intento de pago para el pedido:', 1 ].
	Call 0:
	  Expected $[1] = 1 to equal undefined.
	    at <Jasmine>
	    at UserContext.apply (src/app/components/pages/order-detail/order-detail.component.spec.ts:120:27)
	    at _ZoneDelegate.invoke (node_modules/zone.js/fesm2015/zone.js:369:28)
	    at ProxyZoneSpec.onInvoke (node_modules/zone.js/fesm2015/zone-testing.js:2081:39)
	    at _ZoneDelegate.invoke (node_modules/zone.js/fesm2015/zone.js:368:34)
Chrome 145.0.0.0 (Windows 10): Executed 45 of 75[31m (9 FAILED)[39m (0 secs / 0.421 secs)
[1A[2KChrome 145.0.0.0 (Windows 10): Executed 46 of 75[31m (9 FAILED)[39m (0 secs / 0.426 secs)
[1A[2KLOG: [36m'Detalle del pedido:', Object{Id: 1, fecha: '2023-01-15T10:00:00Z', nombre: 'Cliente A', correo: 'a@a.com', direccion: 'Dir A', telefono: '123', items: [Object{cuentoId: ..., nombreCuento: ..., imagenUrl: ..., precioUnitario: ..., cantidad: ..., subtotal: ...}, Object{cuentoId: ..., nombreCuento: ..., imagenUrl: ..., precioUnitario: ..., cantidad: ..., subtotal: ...}], total: 40, estado: 'PAGO_PENDIENTE', userId: 1, correoUsuario: 'a@a.com'}[39m
Chrome 145.0.0.0 (Windows 10): Executed 46 of 75[31m (9 FAILED)[39m (0 secs / 0.426 secs)
LOG: 'Detalle del pedido:', Object{Id: 1, fecha: '2023-01-15T10:00:00Z', nombre: 'Cliente A', correo: 'a@a.com', direccion: 'Dir A', telefono: '123', items: [Object{cuentoId: ..., nombreCuento: ..., imagenUrl: ..., precioUnitario: ..., cantidad: ..., subtotal: ...}, Object{cuentoId: ..., nombreCuento: ..., imagenUrl: ..., precioUnitario: ..., cantidad: ..., subtotal: ...}], total: 40, estado: 'PAGO_PENDIENTE', userId: 1, correoUsuario: 'a@a.com'}
[1A[2KChrome 145.0.0.0 (Windows 10): Executed 47 of 75[31m (9 FAILED)[39m (0 secs / 0.429 secs)
[1A[2KERROR: [36m'Error fetching order details:', Object{status: 404, message: 'Not Found'}[39m
Chrome 145.0.0.0 (Windows 10): Executed 47 of 75[31m (9 FAILED)[39m (0 secs / 0.429 secs)
ERROR: 'Error fetching order details:', Object{status: 404, message: 'Not Found'}
[1A[2K[31mChrome 145.0.0.0 (Windows 10) OrderDetailComponent ngOnInit should set errorMensaje and isLoading to false if service call fails FAILED[39m
	Expected null to be undefined.
	    at <Jasmine>
	    at UserContext.apply (src/app/components/pages/order-detail/order-detail.component.spec.ts:95:32)
	    at UserContext.apply (node_modules/zone.js/fesm2015/zone-testing.js:1702:26)
	    at _ZoneDelegate.invoke (node_modules/zone.js/fesm2015/zone.js:369:28)
	    at ProxyZoneSpec.onInvoke (node_modules/zone.js/fesm2015/zone-testing.js:2081:39)
Chrome 145.0.0.0 (Windows 10): Executed 48 of 75[31m (10 FAILED)[39m (0 secs / 0.431 secs)
[1A[2KChrome 145.0.0.0 (Windows 10): Executed 49 of 75[31m (10 FAILED)[39m (0 secs / 0.433 secs)
[1A[2KLOG: [36m'Detalle del pedido:', Object{Id: 1, fecha: '2023-01-15T10:00:00Z', nombre: 'Cliente A', correo: 'a@a.com', direccion: 'Dir A', telefono: '123', items: [Object{cuentoId: ..., nombreCuento: ..., imagenUrl: ..., precioUnitario: ..., cantidad: ..., subtotal: ...}, Object{cuentoId: ..., nombreCuento: ..., imagenUrl: ..., precioUnitario: ..., cantidad: ..., subtotal: ...}], total: 40, estado: 'PAGO_PENDIENTE', userId: 1, correoUsuario: 'a@a.com'}[39m
Chrome 145.0.0.0 (Windows 10): Executed 49 of 75[31m (10 FAILED)[39m (0 secs / 0.433 secs)
LOG: 'Detalle del pedido:', Object{Id: 1, fecha: '2023-01-15T10:00:00Z', nombre: 'Cliente A', correo: 'a@a.com', direccion: 'Dir A', telefono: '123', items: [Object{cuentoId: ..., nombreCuento: ..., imagenUrl: ..., precioUnitario: ..., cantidad: ..., subtotal: ...}, Object{cuentoId: ..., nombreCuento: ..., imagenUrl: ..., precioUnitario: ..., cantidad: ..., subtotal: ...}], total: 40, estado: 'PAGO_PENDIENTE', userId: 1, correoUsuario: 'a@a.com'}
[1A[2KChrome 145.0.0.0 (Windows 10): Executed 50 of 75[31m (10 FAILED)[39m (0 secs / 0.435 secs)
[1A[2KLOG: [36m'Detalle del pedido:', Object{Id: 1, fecha: '2023-01-15T10:00:00Z', nombre: 'Cliente A', correo: 'a@a.com', direccion: 'Dir A', telefono: '123', items: [Object{cuentoId: ..., nombreCuento: ..., imagenUrl: ..., precioUnitario: ..., cantidad: ..., subtotal: ...}, Object{cuentoId: ..., nombreCuento: ..., imagenUrl: ..., precioUnitario: ..., cantidad: ..., subtotal: ...}], total: 40, estado: 'PAGO_PENDIENTE', userId: 1, correoUsuario: 'a@a.com'}[39m
Chrome 145.0.0.0 (Windows 10): Executed 50 of 75[31m (10 FAILED)[39m (0 secs / 0.435 secs)
LOG: 'Detalle del pedido:', Object{Id: 1, fecha: '2023-01-15T10:00:00Z', nombre: 'Cliente A', correo: 'a@a.com', direccion: 'Dir A', telefono: '123', items: [Object{cuentoId: ..., nombreCuento: ..., imagenUrl: ..., precioUnitario: ..., cantidad: ..., subtotal: ...}, Object{cuentoId: ..., nombreCuento: ..., imagenUrl: ..., precioUnitario: ..., cantidad: ..., subtotal: ...}], total: 40, estado: 'PAGO_PENDIENTE', userId: 1, correoUsuario: 'a@a.com'}
[1A[2KLOG: [36m'Detalle del pedido:', Object{Id: 1, fecha: '2023-01-15T10:00:00Z', nombre: 'Cliente A', correo: 'a@a.com', direccion: 'Dir A', telefono: '123', items: [Object{cuentoId: ..., nombreCuento: ..., imagenUrl: ..., precioUnitario: ..., cantidad: ..., subtotal: ...}, Object{cuentoId: ..., nombreCuento: ..., imagenUrl: ..., precioUnitario: ..., cantidad: ..., subtotal: ...}], total: 40, estado: 'PAGO_PENDIENTE', userId: 1, correoUsuario: 'a@a.com'}[39m
Chrome 145.0.0.0 (Windows 10): Executed 50 of 75[31m (10 FAILED)[39m (0 secs / 0.435 secs)
LOG: 'Detalle del pedido:', Object{Id: 1, fecha: '2023-01-15T10:00:00Z', nombre: 'Cliente A', correo: 'a@a.com', direccion: 'Dir A', telefono: '123', items: [Object{cuentoId: ..., nombreCuento: ..., imagenUrl: ..., precioUnitario: ..., cantidad: ..., subtotal: ...}, Object{cuentoId: ..., nombreCuento: ..., imagenUrl: ..., precioUnitario: ..., cantidad: ..., subtotal: ...}], total: 40, estado: 'PAGO_PENDIENTE', userId: 1, correoUsuario: 'a@a.com'}
[1A[2K[31mChrome 145.0.0.0 (Windows 10) OrderDetailComponent Template Rendering should display "Detalle del Pedido #ID" title FAILED[39m
	Expected 'Detalle del Pedido #1' to contain 'Detalle del Pedido #undefined'.
	    at <Jasmine>
	    at UserContext.apply (src/app/components/pages/order-detail/order-detail.component.spec.ts:154:54)
	    at _ZoneDelegate.invoke (node_modules/zone.js/fesm2015/zone.js:369:28)
	    at ProxyZoneSpec.onInvoke (node_modules/zone.js/fesm2015/zone-testing.js:2081:39)
	    at _ZoneDelegate.invoke (node_modules/zone.js/fesm2015/zone.js:368:34)
Chrome 145.0.0.0 (Windows 10): Executed 51 of 75[31m (11 FAILED)[39m (0 secs / 0.442 secs)
[1A[2KLOG: [36m'Detalle del pedido:', Object{Id: 1, fecha: '2023-01-15T10:00:00Z', nombre: 'Cliente A', correo: 'a@a.com', direccion: 'Dir A', telefono: '123', items: [Object{cuentoId: ..., nombreCuento: ..., imagenUrl: ..., precioUnitario: ..., cantidad: ..., subtotal: ...}, Object{cuentoId: ..., nombreCuento: ..., imagenUrl: ..., precioUnitario: ..., cantidad: ..., subtotal: ...}], total: 40, estado: 'PAGO_PENDIENTE', userId: 1, correoUsuario: 'a@a.com'}[39m
Chrome 145.0.0.0 (Windows 10): Executed 51 of 75[31m (11 FAILED)[39m (0 secs / 0.442 secs)
LOG: 'Detalle del pedido:', Object{Id: 1, fecha: '2023-01-15T10:00:00Z', nombre: 'Cliente A', correo: 'a@a.com', direccion: 'Dir A', telefono: '123', items: [Object{cuentoId: ..., nombreCuento: ..., imagenUrl: ..., precioUnitario: ..., cantidad: ..., subtotal: ...}, Object{cuentoId: ..., nombreCuento: ..., imagenUrl: ..., precioUnitario: ..., cantidad: ..., subtotal: ...}], total: 40, estado: 'PAGO_PENDIENTE', userId: 1, correoUsuario: 'a@a.com'}
[1A[2KLOG: [36m'Detalle del pedido:', Object{Id: 1, fecha: '2023-01-15T10:00:00Z', nombre: 'Cliente A', correo: 'a@a.com', direccion: 'Dir A', telefono: '123', items: [Object{cuentoId: ..., nombreCuento: ..., imagenUrl: ..., precioUnitario: ..., cantidad: ..., subtotal: ...}, Object{cuentoId: ..., nombreCuento: ..., imagenUrl: ..., precioUnitario: ..., cantidad: ..., subtotal: ...}], total: 40, estado: 'PAGO_PENDIENTE', userId: 1, correoUsuario: 'a@a.com'}[39m
Chrome 145.0.0.0 (Windows 10): Executed 51 of 75[31m (11 FAILED)[39m (0 secs / 0.442 secs)
LOG: 'Detalle del pedido:', Object{Id: 1, fecha: '2023-01-15T10:00:00Z', nombre: 'Cliente A', correo: 'a@a.com', direccion: 'Dir A', telefono: '123', items: [Object{cuentoId: ..., nombreCuento: ..., imagenUrl: ..., precioUnitario: ..., cantidad: ..., subtotal: ...}, Object{cuentoId: ..., nombreCuento: ..., imagenUrl: ..., precioUnitario: ..., cantidad: ..., subtotal: ...}], total: 40, estado: 'PAGO_PENDIENTE', userId: 1, correoUsuario: 'a@a.com'}
[1A[2KChrome 145.0.0.0 (Windows 10): Executed 52 of 75[31m (11 FAILED)[39m (0 secs / 0.447 secs)
[1A[2KLOG: [36m'Detalle del pedido:', Object{Id: 1, fecha: '2023-01-15T10:00:00Z', nombre: 'Cliente A', correo: 'a@a.com', direccion: 'Dir A', telefono: '123', items: [Object{cuentoId: ..., nombreCuento: ..., imagenUrl: ..., precioUnitario: ..., cantidad: ..., subtotal: ...}, Object{cuentoId: ..., nombreCuento: ..., imagenUrl: ..., precioUnitario: ..., cantidad: ..., subtotal: ...}], total: 40, estado: 'PAGO_PENDIENTE', userId: 1, correoUsuario: 'a@a.com'}[39m
Chrome 145.0.0.0 (Windows 10): Executed 52 of 75[31m (11 FAILED)[39m (0 secs / 0.447 secs)
LOG: 'Detalle del pedido:', Object{Id: 1, fecha: '2023-01-15T10:00:00Z', nombre: 'Cliente A', correo: 'a@a.com', direccion: 'Dir A', telefono: '123', items: [Object{cuentoId: ..., nombreCuento: ..., imagenUrl: ..., precioUnitario: ..., cantidad: ..., subtotal: ...}, Object{cuentoId: ..., nombreCuento: ..., imagenUrl: ..., precioUnitario: ..., cantidad: ..., subtotal: ...}], total: 40, estado: 'PAGO_PENDIENTE', userId: 1, correoUsuario: 'a@a.com'}
[1A[2KLOG: [36m'Detalle del pedido:', Object{Id: 1, fecha: '2023-01-15T10:00:00Z', nombre: 'Cliente A', correo: 'a@a.com', direccion: 'Dir A', telefono: '123', items: [Object{cuentoId: ..., nombreCuento: ..., imagenUrl: ..., precioUnitario: ..., cantidad: ..., subtotal: ...}, Object{cuentoId: ..., nombreCuento: ..., imagenUrl: ..., precioUnitario: ..., cantidad: ..., subtotal: ...}], total: 40, estado: 'PAGO_PENDIENTE', userId: 1, correoUsuario: 'a@a.com'}[39m
Chrome 145.0.0.0 (Windows 10): Executed 52 of 75[31m (11 FAILED)[39m (0 secs / 0.447 secs)
LOG: 'Detalle del pedido:', Object{Id: 1, fecha: '2023-01-15T10:00:00Z', nombre: 'Cliente A', correo: 'a@a.com', direccion: 'Dir A', telefono: '123', items: [Object{cuentoId: ..., nombreCuento: ..., imagenUrl: ..., precioUnitario: ..., cantidad: ..., subtotal: ...}, Object{cuentoId: ..., nombreCuento: ..., imagenUrl: ..., precioUnitario: ..., cantidad: ..., subtotal: ...}], total: 40, estado: 'PAGO_PENDIENTE', userId: 1, correoUsuario: 'a@a.com'}
[1A[2KChrome 145.0.0.0 (Windows 10): Executed 53 of 75[31m (11 FAILED)[39m (0 secs / 0.451 secs)
[1A[2KLOG: [36m'Detalle del pedido:', Object{Id: 1, fecha: '2023-01-15T10:00:00Z', nombre: 'Cliente A', correo: 'a@a.com', direccion: 'Dir A', telefono: '123', items: [Object{cuentoId: ..., nombreCuento: ..., imagenUrl: ..., precioUnitario: ..., cantidad: ..., subtotal: ...}, Object{cuentoId: ..., nombreCuento: ..., imagenUrl: ..., precioUnitario: ..., cantidad: ..., subtotal: ...}], total: 40, estado: 'PAGO_PENDIENTE', userId: 1, correoUsuario: 'a@a.com'}[39m
Chrome 145.0.0.0 (Windows 10): Executed 53 of 75[31m (11 FAILED)[39m (0 secs / 0.451 secs)
LOG: 'Detalle del pedido:', Object{Id: 1, fecha: '2023-01-15T10:00:00Z', nombre: 'Cliente A', correo: 'a@a.com', direccion: 'Dir A', telefono: '123', items: [Object{cuentoId: ..., nombreCuento: ..., imagenUrl: ..., precioUnitario: ..., cantidad: ..., subtotal: ...}, Object{cuentoId: ..., nombreCuento: ..., imagenUrl: ..., precioUnitario: ..., cantidad: ..., subtotal: ...}], total: 40, estado: 'PAGO_PENDIENTE', userId: 1, correoUsuario: 'a@a.com'}
[1A[2KLOG: [36m'Detalle del pedido:', Object{Id: 1, fecha: '2023-01-15T10:00:00Z', nombre: 'Cliente A', correo: 'a@a.com', direccion: 'Dir A', telefono: '123', items: [Object{cuentoId: ..., nombreCuento: ..., imagenUrl: ..., precioUnitario: ..., cantidad: ..., subtotal: ...}, Object{cuentoId: ..., nombreCuento: ..., imagenUrl: ..., precioUnitario: ..., cantidad: ..., subtotal: ...}], total: 40, estado: 'PAGO_PENDIENTE', userId: 1, correoUsuario: 'a@a.com'}[39m
Chrome 145.0.0.0 (Windows 10): Executed 53 of 75[31m (11 FAILED)[39m (0 secs / 0.451 secs)
LOG: 'Detalle del pedido:', Object{Id: 1, fecha: '2023-01-15T10:00:00Z', nombre: 'Cliente A', correo: 'a@a.com', direccion: 'Dir A', telefono: '123', items: [Object{cuentoId: ..., nombreCuento: ..., imagenUrl: ..., precioUnitario: ..., cantidad: ..., subtotal: ...}, Object{cuentoId: ..., nombreCuento: ..., imagenUrl: ..., precioUnitario: ..., cantidad: ..., subtotal: ...}], total: 40, estado: 'PAGO_PENDIENTE', userId: 1, correoUsuario: 'a@a.com'}
[1A[2KChrome 145.0.0.0 (Windows 10): Executed 54 of 75[31m (11 FAILED)[39m (0 secs / 0.455 secs)
[1A[2KLOG: [36m'Detalle del pedido:', Object{Id: 1, fecha: '2023-01-15T10:00:00Z', nombre: 'Cliente A', correo: 'a@a.com', direccion: 'Dir A', telefono: '123', items: [Object{cuentoId: ..., nombreCuento: ..., imagenUrl: ..., precioUnitario: ..., cantidad: ..., subtotal: ...}, Object{cuentoId: ..., nombreCuento: ..., imagenUrl: ..., precioUnitario: ..., cantidad: ..., subtotal: ...}], total: 40, estado: 'PAGO_PENDIENTE', userId: 1, correoUsuario: 'a@a.com'}[39m
Chrome 145.0.0.0 (Windows 10): Executed 54 of 75[31m (11 FAILED)[39m (0 secs / 0.455 secs)
LOG: 'Detalle del pedido:', Object{Id: 1, fecha: '2023-01-15T10:00:00Z', nombre: 'Cliente A', correo: 'a@a.com', direccion: 'Dir A', telefono: '123', items: [Object{cuentoId: ..., nombreCuento: ..., imagenUrl: ..., precioUnitario: ..., cantidad: ..., subtotal: ...}, Object{cuentoId: ..., nombreCuento: ..., imagenUrl: ..., precioUnitario: ..., cantidad: ..., subtotal: ...}], total: 40, estado: 'PAGO_PENDIENTE', userId: 1, correoUsuario: 'a@a.com'}
[1A[2KLOG: [36m'Detalle del pedido:', Object{Id: 1, fecha: '2023-01-15T10:00:00Z', nombre: 'Cliente A', correo: 'a@a.com', direccion: 'Dir A', telefono: '123', items: [Object{cuentoId: ..., nombreCuento: ..., imagenUrl: ..., precioUnitario: ..., cantidad: ..., subtotal: ...}, Object{cuentoId: ..., nombreCuento: ..., imagenUrl: ..., precioUnitario: ..., cantidad: ..., subtotal: ...}], total: 40, estado: 'PAGO_PENDIENTE', userId: 1, correoUsuario: 'a@a.com'}[39m
Chrome 145.0.0.0 (Windows 10): Executed 54 of 75[31m (11 FAILED)[39m (0 secs / 0.455 secs)
LOG: 'Detalle del pedido:', Object{Id: 1, fecha: '2023-01-15T10:00:00Z', nombre: 'Cliente A', correo: 'a@a.com', direccion: 'Dir A', telefono: '123', items: [Object{cuentoId: ..., nombreCuento: ..., imagenUrl: ..., precioUnitario: ..., cantidad: ..., subtotal: ...}, Object{cuentoId: ..., nombreCuento: ..., imagenUrl: ..., precioUnitario: ..., cantidad: ..., subtotal: ...}], total: 40, estado: 'PAGO_PENDIENTE', userId: 1, correoUsuario: 'a@a.com'}
[1A[2K[31mChrome 145.0.0.0 (Windows 10) OrderDetailComponent Template Rendering should display general order information FAILED[39m
	Expected 'ID del Pedido: 1Fecha: 15/01/2023 05:00Estado:PAGO_PENDIENTENombre: Cliente ACorreo: a@a.comDirecci├│n: Dir ATel├®fono: 123Total del Pedido:$40.00' to contain 'ID del Pedido: undefined'.
	    at <Jasmine>
	    at UserContext.apply (src/app/components/pages/order-detail/order-detail.component.spec.ts:159:50)
	    at _ZoneDelegate.invoke (node_modules/zone.js/fesm2015/zone.js:369:28)
	    at ProxyZoneSpec.onInvoke (node_modules/zone.js/fesm2015/zone-testing.js:2081:39)
	    at _ZoneDelegate.invoke (node_modules/zone.js/fesm2015/zone.js:368:34)
	Expected 'ID del Pedido: 1Fecha: 15/01/2023 05:00Estado:PAGO_PENDIENTENombre: Cliente ACorreo: a@a.comDirecci├│n: Dir ATel├®fono: 123Total del Pedido:$40.00' to contain 'Estado: PAGO_PENDIENTE'.
	    at <Jasmine>
	    at UserContext.apply (src/app/components/pages/order-detail/order-detail.component.spec.ts:161:50)
	    at _ZoneDelegate.invoke (node_modules/zone.js/fesm2015/zone.js:369:28)
	    at ProxyZoneSpec.onInvoke (node_modules/zone.js/fesm2015/zone-testing.js:2081:39)
	    at _ZoneDelegate.invoke (node_modules/zone.js/fesm2015/zone.js:368:34)
Chrome 145.0.0.0 (Windows 10): Executed 55 of 75[31m (12 FAILED)[39m (0 secs / 0.459 secs)
[1A[2KLOG: [36m'Detalle del pedido:', Object{Id: 1, fecha: '2023-01-15T10:00:00Z', nombre: 'Cliente A', correo: 'a@a.com', direccion: 'Dir A', telefono: '123', items: [Object{cuentoId: ..., nombreCuento: ..., imagenUrl: ..., precioUnitario: ..., cantidad: ..., subtotal: ...}, Object{cuentoId: ..., nombreCuento: ..., imagenUrl: ..., precioUnitario: ..., cantidad: ..., subtotal: ...}], total: 40, estado: 'PAGO_PENDIENTE', userId: 1, correoUsuario: 'a@a.com'}[39m
Chrome 145.0.0.0 (Windows 10): Executed 55 of 75[31m (12 FAILED)[39m (0 secs / 0.459 secs)
LOG: 'Detalle del pedido:', Object{Id: 1, fecha: '2023-01-15T10:00:00Z', nombre: 'Cliente A', correo: 'a@a.com', direccion: 'Dir A', telefono: '123', items: [Object{cuentoId: ..., nombreCuento: ..., imagenUrl: ..., precioUnitario: ..., cantidad: ..., subtotal: ...}, Object{cuentoId: ..., nombreCuento: ..., imagenUrl: ..., precioUnitario: ..., cantidad: ..., subtotal: ...}], total: 40, estado: 'PAGO_PENDIENTE', userId: 1, correoUsuario: 'a@a.com'}
[1A[2KLOG: [36m'Detalle del pedido:', Object{Id: 1, fecha: '2023-01-15T10:00:00Z', nombre: 'Cliente A', correo: 'a@a.com', direccion: 'Dir A', telefono: '123', items: [Object{cuentoId: ..., nombreCuento: ..., imagenUrl: ..., precioUnitario: ..., cantidad: ..., subtotal: ...}, Object{cuentoId: ..., nombreCuento: ..., imagenUrl: ..., precioUnitario: ..., cantidad: ..., subtotal: ...}], total: 40, estado: 'PAGO_PENDIENTE', userId: 1, correoUsuario: 'a@a.com'}[39m
Chrome 145.0.0.0 (Windows 10): Executed 55 of 75[31m (12 FAILED)[39m (0 secs / 0.459 secs)
LOG: 'Detalle del pedido:', Object{Id: 1, fecha: '2023-01-15T10:00:00Z', nombre: 'Cliente A', correo: 'a@a.com', direccion: 'Dir A', telefono: '123', items: [Object{cuentoId: ..., nombreCuento: ..., imagenUrl: ..., precioUnitario: ..., cantidad: ..., subtotal: ...}, Object{cuentoId: ..., nombreCuento: ..., imagenUrl: ..., precioUnitario: ..., cantidad: ..., subtotal: ...}], total: 40, estado: 'PAGO_PENDIENTE', userId: 1, correoUsuario: 'a@a.com'}
[1A[2KChrome 145.0.0.0 (Windows 10): Executed 56 of 75[31m (12 FAILED)[39m (0 secs / 0.463 secs)
[1A[2KLOG: [36m'Detalle del pedido:', Object{Id: 1, fecha: '2023-01-15T10:00:00Z', nombre: 'Cliente A', correo: 'a@a.com', direccion: 'Dir A', telefono: '123', items: [Object{cuentoId: ..., nombreCuento: ..., imagenUrl: ..., precioUnitario: ..., cantidad: ..., subtotal: ...}, Object{cuentoId: ..., nombreCuento: ..., imagenUrl: ..., precioUnitario: ..., cantidad: ..., subtotal: ...}], total: 40, estado: 'PAGO_PENDIENTE', userId: 1, correoUsuario: 'a@a.com'}[39m
Chrome 145.0.0.0 (Windows 10): Executed 56 of 75[31m (12 FAILED)[39m (0 secs / 0.463 secs)
LOG: 'Detalle del pedido:', Object{Id: 1, fecha: '2023-01-15T10:00:00Z', nombre: 'Cliente A', correo: 'a@a.com', direccion: 'Dir A', telefono: '123', items: [Object{cuentoId: ..., nombreCuento: ..., imagenUrl: ..., precioUnitario: ..., cantidad: ..., subtotal: ...}, Object{cuentoId: ..., nombreCuento: ..., imagenUrl: ..., precioUnitario: ..., cantidad: ..., subtotal: ...}], total: 40, estado: 'PAGO_PENDIENTE', userId: 1, correoUsuario: 'a@a.com'}
[1A[2KLOG: [36m'Detalle del pedido:', Object{Id: 1, fecha: '2023-01-15T10:00:00Z', nombre: 'Cliente A', correo: 'a@a.com', direccion: 'Dir A', telefono: '123', items: [Object{cuentoId: ..., nombreCuento: ..., imagenUrl: ..., precioUnitario: ..., cantidad: ..., subtotal: ...}, Object{cuentoId: ..., nombreCuento: ..., imagenUrl: ..., precioUnitario: ..., cantidad: ..., subtotal: ...}], total: 40, estado: 'PAGO_PENDIENTE', userId: 1, correoUsuario: 'a@a.com'}[39m
Chrome 145.0.0.0 (Windows 10): Executed 56 of 75[31m (12 FAILED)[39m (0 secs / 0.463 secs)
LOG: 'Detalle del pedido:', Object{Id: 1, fecha: '2023-01-15T10:00:00Z', nombre: 'Cliente A', correo: 'a@a.com', direccion: 'Dir A', telefono: '123', items: [Object{cuentoId: ..., nombreCuento: ..., imagenUrl: ..., precioUnitario: ..., cantidad: ..., subtotal: ...}, Object{cuentoId: ..., nombreCuento: ..., imagenUrl: ..., precioUnitario: ..., cantidad: ..., subtotal: ...}], total: 40, estado: 'PAGO_PENDIENTE', userId: 1, correoUsuario: 'a@a.com'}
[1A[2KChrome 145.0.0.0 (Windows 10): Executed 57 of 75[31m (12 FAILED)[39m (0 secs / 0.468 secs)
[1A[2KChrome 145.0.0.0 (Windows 10): Executed 58 of 75[31m (12 FAILED)[39m (0 secs / 0.47 secs)
[1A[2KChrome 145.0.0.0 (Windows 10): Executed 59 of 75[31m (12 FAILED)[39m (0 secs / 0.478 secs)
[1A[2KChrome 145.0.0.0 (Windows 10): Executed 60 of 75[31m (12 FAILED)[39m (0 secs / 0.481 secs)
[1A[2KChrome 145.0.0.0 (Windows 10): Executed 61 of 75[31m (12 FAILED)[39m (0 secs / 0.483 secs)
[1A[2KChrome 145.0.0.0 (Windows 10): Executed 62 of 75[31m (12 FAILED)[39m (0 secs / 0.485 secs)
[1A[2KChrome 145.0.0.0 (Windows 10): Executed 63 of 75[31m (12 FAILED)[39m (0 secs / 0.493 secs)
[1A[2KChrome 145.0.0.0 (Windows 10): Executed 64 of 75[31m (12 FAILED)[39m (0 secs / 0.498 secs)
[1A[2KChrome 145.0.0.0 (Windows 10): Executed 65 of 75[31m (12 FAILED)[39m (0 secs / 0.52 secs)
[1A[2KChrome 145.0.0.0 (Windows 10): Executed 66 of 75[31m (12 FAILED)[39m (0 secs / 0.53 secs)
[1A[2K[31mChrome 145.0.0.0 (Windows 10) PagoComponent ngOnInit - Mercado Pago Callback should confirm payment if collection_status is "approved" and external_reference matches pedidoId FAILED[39m
	Expected spy confirmarPagoMercadoPago to have been called with:
	  [ 1 ]
	but it was never called.
	    at <Jasmine>
	    at UserContext.apply (src/app/components/pages/pago/pago.component.spec.ts:100:56)
	    at UserContext.apply (node_modules/zone.js/fesm2015/zone-testing.js:1702:26)
	    at _ZoneDelegate.invoke (node_modules/zone.js/fesm2015/zone.js:369:28)
	    at ProxyZoneSpec.onInvoke (node_modules/zone.js/fesm2015/zone-testing.js:2081:39)
	Expected 'PENDIENTE DE PAGO' to be 'Pago Verificado'.
	    at <Jasmine>
	    at UserContext.apply (src/app/components/pages/pago/pago.component.spec.ts:101:37)
	    at UserContext.apply (node_modules/zone.js/fesm2015/zone-testing.js:1702:26)
	    at _ZoneDelegate.invoke (node_modules/zone.js/fesm2015/zone.js:369:28)
	    at ProxyZoneSpec.onInvoke (node_modules/zone.js/fesm2015/zone-testing.js:2081:39)
	Expected '' to be '┬íPago con Mercado Pago confirmado exitosamente! Estado del pedido actualizado a Pago Verificado.'.
	    at <Jasmine>
	    at UserContext.apply (src/app/components/pages/pago/pago.component.spec.ts:102:33)
	    at UserContext.apply (node_modules/zone.js/fesm2015/zone-testing.js:1702:26)
	    at _ZoneDelegate.invoke (node_modules/zone.js/fesm2015/zone.js:369:28)
	    at ProxyZoneSpec.onInvoke (node_modules/zone.js/fesm2015/zone-testing.js:2081:39)
	Expected 'info' to be 'success'.
	    at <Jasmine>
	    at UserContext.apply (src/app/components/pages/pago/pago.component.spec.ts:103:37)
	    at UserContext.apply (node_modules/zone.js/fesm2015/zone-testing.js:1702:26)
	    at _ZoneDelegate.invoke (node_modules/zone.js/fesm2015/zone.js:369:28)
	    at ProxyZoneSpec.onInvoke (node_modules/zone.js/fesm2015/zone-testing.js:2081:39)
	Expected spy getOrderStatus to have been called 2 times. It was called 1 times.
	    at <Jasmine>
	    at UserContext.apply (src/app/components/pages/pago/pago.component.spec.ts:104:48)
	    at UserContext.apply (node_modules/zone.js/fesm2015/zone-testing.js:1702:26)
	    at _ZoneDelegate.invoke (node_modules/zone.js/fesm2015/zone.js:369:28)
	    at ProxyZoneSpec.onInvoke (node_modules/zone.js/fesm2015/zone-testing.js:2081:39)
Chrome 145.0.0.0 (Windows 10): Executed 67 of 75[31m (13 FAILED)[39m (0 secs / 0.54 secs)
[1A[2K[31mChrome 145.0.0.0 (Windows 10) PagoComponent ngOnInit - Mercado Pago Callback should handle error if confirmarPagoMercadoPago fails FAILED[39m
	Expected spy confirmarPagoMercadoPago to have been called with:
	  [ 1 ]
	but it was never called.
	    at <Jasmine>
	    at UserContext.apply (src/app/components/pages/pago/pago.component.spec.ts:116:56)
	    at UserContext.apply (node_modules/zone.js/fesm2015/zone-testing.js:1702:26)
	    at _ZoneDelegate.invoke (node_modules/zone.js/fesm2015/zone.js:369:28)
	    at ProxyZoneSpec.onInvoke (node_modules/zone.js/fesm2015/zone-testing.js:2081:39)
	Expected '' to be 'Error al confirmar el pago con Mercado Pago. Por favor, contacta a soporte.'.
	    at <Jasmine>
	    at UserContext.apply (src/app/components/pages/pago/pago.component.spec.ts:117:33)
	    at UserContext.apply (node_modules/zone.js/fesm2015/zone-testing.js:1702:26)
	    at _ZoneDelegate.invoke (node_modules/zone.js/fesm2015/zone.js:369:28)
	    at ProxyZoneSpec.onInvoke (node_modules/zone.js/fesm2015/zone-testing.js:2081:39)
	Expected 'info' to be 'error'.
	    at <Jasmine>
	    at UserContext.apply (src/app/components/pages/pago/pago.component.spec.ts:118:37)
	    at UserContext.apply (node_modules/zone.js/fesm2015/zone-testing.js:1702:26)
	    at _ZoneDelegate.invoke (node_modules/zone.js/fesm2015/zone.js:369:28)
	    at ProxyZoneSpec.onInvoke (node_modules/zone.js/fesm2015/zone-testing.js:2081:39)
	Expected spy getOrderStatus to have been called 2 times. It was called 1 times.
	    at <Jasmine>
	    at UserContext.apply (src/app/components/pages/pago/pago.component.spec.ts:120:48)
	    at UserContext.apply (node_modules/zone.js/fesm2015/zone-testing.js:1702:26)
	    at _ZoneDelegate.invoke (node_modules/zone.js/fesm2015/zone.js:369:28)
	    at ProxyZoneSpec.onInvoke (node_modules/zone.js/fesm2015/zone-testing.js:2081:39)
Chrome 145.0.0.0 (Windows 10): Executed 68 of 75[31m (14 FAILED)[39m (0 secs / 0.544 secs)
[1A[2K[31mChrome 145.0.0.0 (Windows 10) PagoComponent ngOnInit - Mercado Pago Callback should show info message if payment status is not "approved" but external_reference matches FAILED[39m
	Expected '' to be 'El pago con Mercado Pago est├í pending.'.
	    at <Jasmine>
	    at UserContext.apply (src/app/components/pages/pago/pago.component.spec.ts:133:33)
	    at UserContext.apply (node_modules/zone.js/fesm2015/zone-testing.js:1702:26)
	    at _ZoneDelegate.invoke (node_modules/zone.js/fesm2015/zone.js:369:28)
	    at ProxyZoneSpec.onInvoke (node_modules/zone.js/fesm2015/zone-testing.js:2081:39)
	Expected spy getOrderStatus to have been called 2 times. It was called 1 times.
	    at <Jasmine>
	    at UserContext.apply (src/app/components/pages/pago/pago.component.spec.ts:135:48)
	    at UserContext.apply (node_modules/zone.js/fesm2015/zone-testing.js:1702:26)
	    at _ZoneDelegate.invoke (node_modules/zone.js/fesm2015/zone.js:369:28)
	    at ProxyZoneSpec.onInvoke (node_modules/zone.js/fesm2015/zone-testing.js:2081:39)
Chrome 145.0.0.0 (Windows 10): Executed 69 of 75[31m (15 FAILED)[39m (0 secs / 0.547 secs)
[1A[2K[31mChrome 145.0.0.0 (Windows 10) PagoComponent ngOnInit - Mercado Pago Callback should NOT confirm payment if collection_status is not "approved" FAILED[39m
	Expected '' to be 'El pago con Mercado Pago est├í rejected.'.
	    at <Jasmine>
	    at UserContext.apply (src/app/components/pages/pago/pago.component.spec.ts:159:33)
	    at UserContext.apply (node_modules/zone.js/fesm2015/zone-testing.js:1702:26)
	    at _ZoneDelegate.invoke (node_modules/zone.js/fesm2015/zone.js:369:28)
	    at ProxyZoneSpec.onInvoke (node_modules/zone.js/fesm2015/zone-testing.js:2081:39)
Chrome 145.0.0.0 (Windows 10): Executed 70 of 75[31m (16 FAILED)[39m (0 secs / 0.549 secs)
[1A[2KChrome 145.0.0.0 (Windows 10): Executed 71 of 75[31m (16 FAILED)[39m (0 secs / 0.551 secs)
[1A[2KChrome 145.0.0.0 (Windows 10): Executed 72 of 75[31m (16 FAILED)[39m (0 secs / 0.553 secs)
[1A[2K[31mChrome 145.0.0.0 (Windows 10) ERROR[39m
  Some of your tests did a full page reload!
Chrome 145.0.0.0 (Windows 10): Executed 72 of 75[31m (16 FAILED)[39m[31m ERROR[39m (0 secs / 0.553 secs)
Chrome 145.0.0.0 (Windows 10) ERROR
  Some of your tests did a full page reload!
[1A[2KChrome 145.0.0.0 (Windows 10): Executed 72 of 75[31m (16 FAILED)[39m[31m ERROR[39m (0.613 secs / 0.553 secs)
[33m27 02 2026 17:59:03.567:WARN [Chrome 145.0.0.0 (Windows 10)]: [39mDisconnected (0 times) , because no message in 30000 ms.
[1A[2K[31mChrome 145.0.0.0 (Windows 10) ERROR[39m
  Disconnected , because no message in 30000 ms.
Chrome 145.0.0.0 (Windows 10): Executed 72 of 75[31m (16 FAILED)[39m[31m DISCONNECTED[39m (30.628 secs / 0.553 secs)
Chrome 145.0.0.0 (Windows 10) ERROR
  Disconnected , because no message in 30000 ms.
[1A[2KChrome 145.0.0.0 (Windows 10): Executed 72 of 75[31m (16 FAILED)[39m[31m DISCONNECTED[39m (30.628 secs / 0.553 secs)
