
> cuentos-killa-fe@0.0.0 test
> ng test

node.exe : - Generating browser application bundles (phase: setup)...
En C:\Program Files\nodejs\npm.ps1: 29 Carácter: 3
+   & $NODE_EXE $NPM_CLI_JS $args
+   ~~~~~~~~~~~~~~~~~~~~~~~~~~~~~
    + CategoryInfo          : NotSpecified: (- Generating br...hase: setup)...:String) [], RemoteException
    + FullyQualifiedErrorId : NativeCommandError
 
ÔêÜ Browser application bundle generation complete.
[33m27 02 2026 16:11:09.434:WARN [karma]: [39mNo captured browser, open http://localhost:9881/
[32m27 02 2026 16:11:09.478:INFO [karma-server]: [39mKarma v6.4.4 server started at http://localhost:9881/
[32m27 02 2026 16:11:09.478:INFO [launcher]: [39mLaunching browsers Chrome with concurrency unlimited
[32m27 02 2026 16:11:09.486:INFO [launcher]: [39mStarting browser Chrome
[32m27 02 2026 16:11:10.379:INFO [Chrome 145.0.0.0 (Windows 10)]: [39mConnected on socket mEPi8ALknOFk3Yl2AAAB with id 4880472
Chrome 145.0.0.0 (Windows 10): Executed 0 of 77[32m SUCCESS[39m (0 secs / 0 secs)
[1A[2K[31mChrome 145.0.0.0 (Windows 10) LoginComponent should create FAILED[39m
	NullInjectorError: R3InjectorError(Standalone[LoginComponent])[ActivatedRoute -> ActivatedRoute -> ActivatedRoute]: 
	  NullInjectorError: No provider for ActivatedRoute!
	error properties: Object({ ngTempTokenPath: null, ngTokenPath: [ 'ActivatedRoute', 'ActivatedRoute', 'ActivatedRoute' ] })
	    at NullInjector.get (node_modules/@angular/core/fesm2022/core.mjs:1663:27)
	    at R3Injector.get (node_modules/@angular/core/fesm2022/core.mjs:3109:33)
	    at R3Injector.get (node_modules/@angular/core/fesm2022/core.mjs:3109:33)
	    at R3Injector.get (node_modules/@angular/core/fesm2022/core.mjs:3109:33)
	    at ChainedInjector.get (node_modules/@angular/core/fesm2022/core.mjs:5454:36)
	    at lookupTokenUsingModuleInjector (node_modules/@angular/core/fesm2022/core.mjs:5807:39)
	    at getOrCreateInjectable (node_modules/@angular/core/fesm2022/core.mjs:5855:12)
	    at ╔Á╔ÁdirectiveInject (node_modules/@angular/core/fesm2022/core.mjs:11933:19)
	    at NodeInjectorFactory.factory (ng:///LoginComponent/╔Áfac.js:5:45)
	    at getNodeInjectable (node_modules/@angular/core/fesm2022/core.mjs:6067:44)
Chrome 145.0.0.0 (Windows 10): Executed 1 of 77[31m (1 FAILED)[39m (0 secs / 0.074 secs)
[1A[2K[31mChrome 145.0.0.0 (Windows 10) PagoComponent ngOnInit - Mercado Pago Callback should confirm payment if collection_status is "approved" and external_reference matches pedidoId FAILED[39m
	Error: <spyOnProperty> : location is not declared configurable
	Usage: spyOnProperty(<object>, <propName>, [accessType])
	    at <Jasmine>
	    at UserContext.<anonymous> (src/app/components/pages/pago/pago.component.spec.ts:71:17)
	    at Generator.next (<anonymous>)
	    at asyncGeneratorStep (node_modules/@babel/runtime/helpers/esm/asyncToGenerator.js:3:1)
	    at apply (node_modules/@babel/runtime/helpers/esm/asyncToGenerator.js:17:1)
	    at _ZoneDelegate.invoke (node_modules/zone.js/fesm2015/zone.js:369:28)
	    at ProxyZoneSpec.onInvoke (node_modules/zone.js/fesm2015/zone-testing.js:2081:39)
	    at _ZoneDelegate.invoke (node_modules/zone.js/fesm2015/zone.js:368:34)
Chrome 145.0.0.0 (Windows 10): Executed 2 of 77[31m (2 FAILED)[39m (0 secs / 0.118 secs)
[1A[2K[31mChrome 145.0.0.0 (Windows 10) PagoComponent ngOnInit - Mercado Pago Callback should handle error if confirmarPagoMercadoPago fails FAILED[39m
	Error: <spyOnProperty> : location is not declared configurable
	Usage: spyOnProperty(<object>, <propName>, [accessType])
	    at <Jasmine>
	    at UserContext.<anonymous> (src/app/components/pages/pago/pago.component.spec.ts:71:17)
	    at Generator.next (<anonymous>)
	    at asyncGeneratorStep (node_modules/@babel/runtime/helpers/esm/asyncToGenerator.js:3:1)
	    at apply (node_modules/@babel/runtime/helpers/esm/asyncToGenerator.js:17:1)
	    at _ZoneDelegate.invoke (node_modules/zone.js/fesm2015/zone.js:369:28)
	    at ProxyZoneSpec.onInvoke (node_modules/zone.js/fesm2015/zone-testing.js:2081:39)
	    at _ZoneDelegate.invoke (node_modules/zone.js/fesm2015/zone.js:368:34)
Chrome 145.0.0.0 (Windows 10): Executed 3 of 77[31m (3 FAILED)[39m (0 secs / 0.122 secs)
[1A[2K[31mChrome 145.0.0.0 (Windows 10) PagoComponent ngOnInit - Mercado Pago Callback should show info message if payment status is not "approved" but external_reference matches FAILED[39m
	Error: <spyOnProperty> : location is not declared configurable
	Usage: spyOnProperty(<object>, <propName>, [accessType])
	    at <Jasmine>
	    at UserContext.<anonymous> (src/app/components/pages/pago/pago.component.spec.ts:71:17)
	    at Generator.next (<anonymous>)
	    at asyncGeneratorStep (node_modules/@babel/runtime/helpers/esm/asyncToGenerator.js:3:1)
	    at apply (node_modules/@babel/runtime/helpers/esm/asyncToGenerator.js:17:1)
	    at _ZoneDelegate.invoke (node_modules/zone.js/fesm2015/zone.js:369:28)
	    at ProxyZoneSpec.onInvoke (node_modules/zone.js/fesm2015/zone-testing.js:2081:39)
	    at _ZoneDelegate.invoke (node_modules/zone.js/fesm2015/zone.js:368:34)
Chrome 145.0.0.0 (Windows 10): Executed 4 of 77[31m (4 FAILED)[39m (0 secs / 0.125 secs)
[1A[2K[31mChrome 145.0.0.0 (Windows 10) PagoComponent ngOnInit - Mercado Pago Callback should NOT confirm payment if external_reference does not match pedidoId FAILED[39m
	Error: <spyOnProperty> : location is not declared configurable
	Usage: spyOnProperty(<object>, <propName>, [accessType])
	    at <Jasmine>
	    at UserContext.<anonymous> (src/app/components/pages/pago/pago.component.spec.ts:71:17)
	    at Generator.next (<anonymous>)
	    at asyncGeneratorStep (node_modules/@babel/runtime/helpers/esm/asyncToGenerator.js:3:1)
	    at apply (node_modules/@babel/runtime/helpers/esm/asyncToGenerator.js:17:1)
	    at _ZoneDelegate.invoke (node_modules/zone.js/fesm2015/zone.js:369:28)
	    at ProxyZoneSpec.onInvoke (node_modules/zone.js/fesm2015/zone-testing.js:2081:39)
	    at _ZoneDelegate.invoke (node_modules/zone.js/fesm2015/zone.js:368:34)
Chrome 145.0.0.0 (Windows 10): Executed 5 of 77[31m (5 FAILED)[39m (0 secs / 0.129 secs)
[1A[2K[31mChrome 145.0.0.0 (Windows 10) PagoComponent ngOnInit - Mercado Pago Callback should not call confirmarPagoMercadoPago if no relevant query params are present FAILED[39m
	Error: <spyOnProperty> : location is not declared configurable
	Usage: spyOnProperty(<object>, <propName>, [accessType])
	    at <Jasmine>
	    at UserContext.<anonymous> (src/app/components/pages/pago/pago.component.spec.ts:71:17)
	    at Generator.next (<anonymous>)
	    at asyncGeneratorStep (node_modules/@babel/runtime/helpers/esm/asyncToGenerator.js:3:1)
	    at apply (node_modules/@babel/runtime/helpers/esm/asyncToGenerator.js:17:1)
	    at _ZoneDelegate.invoke (node_modules/zone.js/fesm2015/zone.js:369:28)
	    at ProxyZoneSpec.onInvoke (node_modules/zone.js/fesm2015/zone-testing.js:2081:39)
	    at _ZoneDelegate.invoke (node_modules/zone.js/fesm2015/zone.js:368:34)
Chrome 145.0.0.0 (Windows 10): Executed 6 of 77[31m (6 FAILED)[39m (0 secs / 0.132 secs)
[1A[2K[31mChrome 145.0.0.0 (Windows 10) PagoComponent ngOnInit - Mercado Pago Callback should NOT confirm payment if collection_status is not "approved" FAILED[39m
	Error: <spyOnProperty> : location is not declared configurable
	Usage: spyOnProperty(<object>, <propName>, [accessType])
	    at <Jasmine>
	    at UserContext.<anonymous> (src/app/components/pages/pago/pago.component.spec.ts:71:17)
	    at Generator.next (<anonymous>)
	    at asyncGeneratorStep (node_modules/@babel/runtime/helpers/esm/asyncToGenerator.js:3:1)
	    at apply (node_modules/@babel/runtime/helpers/esm/asyncToGenerator.js:17:1)
	    at _ZoneDelegate.invoke (node_modules/zone.js/fesm2015/zone.js:369:28)
	    at ProxyZoneSpec.onInvoke (node_modules/zone.js/fesm2015/zone-testing.js:2081:39)
	    at _ZoneDelegate.invoke (node_modules/zone.js/fesm2015/zone.js:368:34)
Chrome 145.0.0.0 (Windows 10): Executed 7 of 77[31m (7 FAILED)[39m (0 secs / 0.135 secs)
[1A[2K[31mChrome 145.0.0.0 (Windows 10) PagoComponent should create FAILED[39m
	Error: <spyOnProperty> : location is not declared configurable
	Usage: spyOnProperty(<object>, <propName>, [accessType])
	    at <Jasmine>
	    at UserContext.<anonymous> (src/app/components/pages/pago/pago.component.spec.ts:71:17)
	    at Generator.next (<anonymous>)
	    at asyncGeneratorStep (node_modules/@babel/runtime/helpers/esm/asyncToGenerator.js:3:1)
	    at apply (node_modules/@babel/runtime/helpers/esm/asyncToGenerator.js:17:1)
	    at _ZoneDelegate.invoke (node_modules/zone.js/fesm2015/zone.js:369:28)
	    at ProxyZoneSpec.onInvoke (node_modules/zone.js/fesm2015/zone-testing.js:2081:39)
	    at _ZoneDelegate.invoke (node_modules/zone.js/fesm2015/zone.js:368:34)
Chrome 145.0.0.0 (Windows 10): Executed 8 of 77[31m (8 FAILED)[39m (0 secs / 0.137 secs)
[1A[2K[31mChrome 145.0.0.0 (Windows 10) PagoComponent should fetch order status on init FAILED[39m
	Error: <spyOnProperty> : location is not declared configurable
	Usage: spyOnProperty(<object>, <propName>, [accessType])
	    at <Jasmine>
	    at UserContext.<anonymous> (src/app/components/pages/pago/pago.component.spec.ts:71:17)
	    at Generator.next (<anonymous>)
	    at asyncGeneratorStep (node_modules/@babel/runtime/helpers/esm/asyncToGenerator.js:3:1)
	    at apply (node_modules/@babel/runtime/helpers/esm/asyncToGenerator.js:17:1)
	    at _ZoneDelegate.invoke (node_modules/zone.js/fesm2015/zone.js:369:28)
	    at ProxyZoneSpec.onInvoke (node_modules/zone.js/fesm2015/zone-testing.js:2081:39)
	    at _ZoneDelegate.invoke (node_modules/zone.js/fesm2015/zone.js:368:34)
Chrome 145.0.0.0 (Windows 10): Executed 9 of 77[31m (9 FAILED)[39m (0 secs / 0.14 secs)
[1A[2K[31mChrome 145.0.0.0 (Windows 10) PagoComponent pagarConMercadoPagoConfirmado should redirect to the correct Mercado Pago URL FAILED[39m
	Error: <spyOnProperty> : location is not declared configurable
	Usage: spyOnProperty(<object>, <propName>, [accessType])
	    at <Jasmine>
	    at UserContext.<anonymous> (src/app/components/pages/pago/pago.component.spec.ts:71:17)
	    at Generator.next (<anonymous>)
	    at asyncGeneratorStep (node_modules/@babel/runtime/helpers/esm/asyncToGenerator.js:3:1)
	    at apply (node_modules/@babel/runtime/helpers/esm/asyncToGenerator.js:17:1)
	    at _ZoneDelegate.invoke (node_modules/zone.js/fesm2015/zone.js:369:28)
	    at ProxyZoneSpec.onInvoke (node_modules/zone.js/fesm2015/zone-testing.js:2081:39)
	    at _ZoneDelegate.invoke (node_modules/zone.js/fesm2015/zone.js:368:34)
Chrome 145.0.0.0 (Windows 10): Executed 10 of 77[31m (10 FAILED)[39m (0 secs / 0.143 secs)
[1A[2K[31mChrome 145.0.0.0 (Windows 10) VoucherComponent should create FAILED[39m
	NullInjectorError: R3InjectorError(Standalone[VoucherComponent])[PedidoService -> PedidoService -> HttpClient -> HttpClient]: 
	  NullInjectorError: No provider for HttpClient!
	error properties: Object({ ngTempTokenPath: null, ngTokenPath: [ 'PedidoService', 'PedidoService', 'HttpClient', 'HttpClient' ] })
	    at NullInjector.get (node_modules/@angular/core/fesm2022/core.mjs:1663:27)
	    at R3Injector.get (node_modules/@angular/core/fesm2022/core.mjs:3109:33)
	    at R3Injector.get (node_modules/@angular/core/fesm2022/core.mjs:3109:33)
	    at injectInjectorOnly (node_modules/@angular/core/fesm2022/core.mjs:1107:40)
	    at ╔Á╔Áinject (node_modules/@angular/core/fesm2022/core.mjs:1113:60)
	    at Object.factory (ng:///PedidoService/╔Áfac.js:4:57)
	    at callback (node_modules/@angular/core/fesm2022/core.mjs:3237:47)
	    at runInInjectorProfilerContext (node_modules/@angular/core/fesm2022/core.mjs:872:9)
	    at R3Injector.hydrate (node_modules/@angular/core/fesm2022/core.mjs:3236:21)
	    at R3Injector.get (node_modules/@angular/core/fesm2022/core.mjs:3099:33)
Chrome 145.0.0.0 (Windows 10): Executed 11 of 77[31m (11 FAILED)[39m (0 secs / 0.147 secs)
[1A[2K[31mChrome 145.0.0.0 (Windows 10) OrderListComponent should create FAILED[39m
	Error: Unexpected "OrderListComponent" found in the "declarations" array of the "TestBed.configureTestingModule" call, "OrderListComponent" is marked as standalone and can't be declared in any NgModule - did you intend to import it instead (by adding it to the "imports" array)?
	    at forEach (node_modules/@angular/core/fesm2022/testing.mjs:798:23)
	    at Array.forEach (<anonymous>)
	    at assertNoStandaloneComponents (node_modules/@angular/core/fesm2022/testing.mjs:794:11)
	    at TestBedCompiler.configureTestingModule (node_modules/@angular/core/fesm2022/testing.mjs:869:13)
	    at TestBedImpl.configureTestingModule (node_modules/@angular/core/fesm2022/testing.mjs:1962:23)
	    at TestBedImpl.configureTestingModule (node_modules/@angular/core/fesm2022/testing.mjs:1789:37)
	    at UserContext.<anonymous> (src/app/components/pages/order-list/order-list.component.spec.ts:27:19)
	    at Generator.next (<anonymous>)
	    at asyncGeneratorStep (node_modules/@babel/runtime/helpers/esm/asyncToGenerator.js:3:1)
	    at _next (node_modules/@babel/runtime/helpers/esm/asyncToGenerator.js:17:1)
Chrome 145.0.0.0 (Windows 10): Executed 12 of 77[31m (12 FAILED)[39m (0 secs / 0.148 secs)
[1A[2K[31mChrome 145.0.0.0 (Windows 10) OrderListComponent Template Rendering should render order cards when pedidos has data FAILED[39m
	Error: Unexpected "OrderListComponent" found in the "declarations" array of the "TestBed.configureTestingModule" call, "OrderListComponent" is marked as standalone and can't be declared in any NgModule - did you intend to import it instead (by adding it to the "imports" array)?
	    at forEach (node_modules/@angular/core/fesm2022/testing.mjs:798:23)
	    at Array.forEach (<anonymous>)
	    at assertNoStandaloneComponents (node_modules/@angular/core/fesm2022/testing.mjs:794:11)
	    at TestBedCompiler.configureTestingModule (node_modules/@angular/core/fesm2022/testing.mjs:869:13)
	    at TestBedImpl.configureTestingModule (node_modules/@angular/core/fesm2022/testing.mjs:1962:23)
	    at TestBedImpl.configureTestingModule (node_modules/@angular/core/fesm2022/testing.mjs:1789:37)
	    at UserContext.<anonymous> (src/app/components/pages/order-list/order-list.component.spec.ts:27:19)
	    at Generator.next (<anonymous>)
	    at asyncGeneratorStep (node_modules/@babel/runtime/helpers/esm/asyncToGenerator.js:3:1)
	    at _next (node_modules/@babel/runtime/helpers/esm/asyncToGenerator.js:17:1)
Chrome 145.0.0.0 (Windows 10): Executed 13 of 77[31m (13 FAILED)[39m (0 secs / 0.148 secs)
[1A[2K[31mChrome 145.0.0.0 (Windows 10) OrderListComponent Template Rendering should display "A├║n no tienes pedidos." when pedidos is empty and not loading and no error FAILED[39m
	Error: Unexpected "OrderListComponent" found in the "declarations" array of the "TestBed.configureTestingModule" call, "OrderListComponent" is marked as standalone and can't be declared in any NgModule - did you intend to import it instead (by adding it to the "imports" array)?
	    at forEach (node_modules/@angular/core/fesm2022/testing.mjs:798:23)
	    at Array.forEach (<anonymous>)
	    at assertNoStandaloneComponents (node_modules/@angular/core/fesm2022/testing.mjs:794:11)
	    at TestBedCompiler.configureTestingModule (node_modules/@angular/core/fesm2022/testing.mjs:869:13)
	    at TestBedImpl.configureTestingModule (node_modules/@angular/core/fesm2022/testing.mjs:1962:23)
	    at TestBedImpl.configureTestingModule (node_modules/@angular/core/fesm2022/testing.mjs:1789:37)
	    at UserContext.<anonymous> (src/app/components/pages/order-list/order-list.component.spec.ts:27:19)
	    at Generator.next (<anonymous>)
	    at asyncGeneratorStep (node_modules/@babel/runtime/helpers/esm/asyncToGenerator.js:3:1)
	    at _next (node_modules/@babel/runtime/helpers/esm/asyncToGenerator.js:17:1)
Chrome 145.0.0.0 (Windows 10): Executed 14 of 77[31m (14 FAILED)[39m (0 secs / 0.148 secs)
[1A[2K[31mChrome 145.0.0.0 (Windows 10) OrderListComponent Template Rendering should display "Pedidos" title FAILED[39m
	Error: Unexpected "OrderListComponent" found in the "declarations" array of the "TestBed.configureTestingModule" call, "OrderListComponent" is marked as standalone and can't be declared in any NgModule - did you intend to import it instead (by adding it to the "imports" array)?
	    at forEach (node_modules/@angular/core/fesm2022/testing.mjs:798:23)
	    at Array.forEach (<anonymous>)
	    at assertNoStandaloneComponents (node_modules/@angular/core/fesm2022/testing.mjs:794:11)
	    at TestBedCompiler.configureTestingModule (node_modules/@angular/core/fesm2022/testing.mjs:869:13)
	    at TestBedImpl.configureTestingModule (node_modules/@angular/core/fesm2022/testing.mjs:1962:23)
	    at TestBedImpl.configureTestingModule (node_modules/@angular/core/fesm2022/testing.mjs:1789:37)
	    at UserContext.<anonymous> (src/app/components/pages/order-list/order-list.component.spec.ts:27:19)
	    at Generator.next (<anonymous>)
	    at asyncGeneratorStep (node_modules/@babel/runtime/helpers/esm/asyncToGenerator.js:3:1)
	    at _next (node_modules/@babel/runtime/helpers/esm/asyncToGenerator.js:17:1)
Chrome 145.0.0.0 (Windows 10): Executed 15 of 77[31m (15 FAILED)[39m (0 secs / 0.149 secs)
[1A[2K[31mChrome 145.0.0.0 (Windows 10) OrderListComponent Template Rendering should display error message when errorMensaje is set FAILED[39m
	Error: Unexpected "OrderListComponent" found in the "declarations" array of the "TestBed.configureTestingModule" call, "OrderListComponent" is marked as standalone and can't be declared in any NgModule - did you intend to import it instead (by adding it to the "imports" array)?
	    at forEach (node_modules/@angular/core/fesm2022/testing.mjs:798:23)
	    at Array.forEach (<anonymous>)
	    at assertNoStandaloneComponents (node_modules/@angular/core/fesm2022/testing.mjs:794:11)
	    at TestBedCompiler.configureTestingModule (node_modules/@angular/core/fesm2022/testing.mjs:869:13)
	    at TestBedImpl.configureTestingModule (node_modules/@angular/core/fesm2022/testing.mjs:1962:23)
	    at TestBedImpl.configureTestingModule (node_modules/@angular/core/fesm2022/testing.mjs:1789:37)
	    at UserContext.<anonymous> (src/app/components/pages/order-list/order-list.component.spec.ts:27:19)
	    at Generator.next (<anonymous>)
	    at asyncGeneratorStep (node_modules/@babel/runtime/helpers/esm/asyncToGenerator.js:3:1)
	    at _next (node_modules/@babel/runtime/helpers/esm/asyncToGenerator.js:17:1)
Chrome 145.0.0.0 (Windows 10): Executed 16 of 77[31m (16 FAILED)[39m (0 secs / 0.15 secs)
[1A[2K[31mChrome 145.0.0.0 (Windows 10) OrderListComponent Template Rendering should display "Cargando pedidos..." when isLoading is true FAILED[39m
	Error: Unexpected "OrderListComponent" found in the "declarations" array of the "TestBed.configureTestingModule" call, "OrderListComponent" is marked as standalone and can't be declared in any NgModule - did you intend to import it instead (by adding it to the "imports" array)?
	    at forEach (node_modules/@angular/core/fesm2022/testing.mjs:798:23)
	    at Array.forEach (<anonymous>)
	    at assertNoStandaloneComponents (node_modules/@angular/core/fesm2022/testing.mjs:794:11)
	    at TestBedCompiler.configureTestingModule (node_modules/@angular/core/fesm2022/testing.mjs:869:13)
	    at TestBedImpl.configureTestingModule (node_modules/@angular/core/fesm2022/testing.mjs:1962:23)
	    at TestBedImpl.configureTestingModule (node_modules/@angular/core/fesm2022/testing.mjs:1789:37)
	    at UserContext.<anonymous> (src/app/components/pages/order-list/order-list.component.spec.ts:27:19)
	    at Generator.next (<anonymous>)
	    at asyncGeneratorStep (node_modules/@babel/runtime/helpers/esm/asyncToGenerator.js:3:1)
	    at _next (node_modules/@babel/runtime/helpers/esm/asyncToGenerator.js:17:1)
Chrome 145.0.0.0 (Windows 10): Executed 17 of 77[31m (17 FAILED)[39m (0 secs / 0.151 secs)
[1A[2K[31mChrome 145.0.0.0 (Windows 10) OrderListComponent Template Rendering should call irAPago when primary action button is clicked FAILED[39m
	Error: Unexpected "OrderListComponent" found in the "declarations" array of the "TestBed.configureTestingModule" call, "OrderListComponent" is marked as standalone and can't be declared in any NgModule - did you intend to import it instead (by adding it to the "imports" array)?
	    at forEach (node_modules/@angular/core/fesm2022/testing.mjs:798:23)
	    at Array.forEach (<anonymous>)
	    at assertNoStandaloneComponents (node_modules/@angular/core/fesm2022/testing.mjs:794:11)
	    at TestBedCompiler.configureTestingModule (node_modules/@angular/core/fesm2022/testing.mjs:869:13)
	    at TestBedImpl.configureTestingModule (node_modules/@angular/core/fesm2022/testing.mjs:1962:23)
	    at TestBedImpl.configureTestingModule (node_modules/@angular/core/fesm2022/testing.mjs:1789:37)
	    at UserContext.<anonymous> (src/app/components/pages/order-list/order-list.component.spec.ts:27:19)
	    at Generator.next (<anonymous>)
	    at asyncGeneratorStep (node_modules/@babel/runtime/helpers/esm/asyncToGenerator.js:3:1)
	    at _next (node_modules/@babel/runtime/helpers/esm/asyncToGenerator.js:17:1)
Chrome 145.0.0.0 (Windows 10): Executed 18 of 77[31m (18 FAILED)[39m (0 secs / 0.152 secs)
[1A[2K[31mChrome 145.0.0.0 (Windows 10) OrderListComponent verDetalle should navigate to the order detail page with the correct pedidoId FAILED[39m
	Error: Unexpected "OrderListComponent" found in the "declarations" array of the "TestBed.configureTestingModule" call, "OrderListComponent" is marked as standalone and can't be declared in any NgModule - did you intend to import it instead (by adding it to the "imports" array)?
	    at forEach (node_modules/@angular/core/fesm2022/testing.mjs:798:23)
	    at Array.forEach (<anonymous>)
	    at assertNoStandaloneComponents (node_modules/@angular/core/fesm2022/testing.mjs:794:11)
	    at TestBedCompiler.configureTestingModule (node_modules/@angular/core/fesm2022/testing.mjs:869:13)
	    at TestBedImpl.configureTestingModule (node_modules/@angular/core/fesm2022/testing.mjs:1962:23)
	    at TestBedImpl.configureTestingModule (node_modules/@angular/core/fesm2022/testing.mjs:1789:37)
	    at UserContext.<anonymous> (src/app/components/pages/order-list/order-list.component.spec.ts:27:19)
	    at Generator.next (<anonymous>)
	    at asyncGeneratorStep (node_modules/@babel/runtime/helpers/esm/asyncToGenerator.js:3:1)
	    at _next (node_modules/@babel/runtime/helpers/esm/asyncToGenerator.js:17:1)
Chrome 145.0.0.0 (Windows 10): Executed 19 of 77[31m (19 FAILED)[39m (0 secs / 0.153 secs)
[1A[2K[31mChrome 145.0.0.0 (Windows 10) OrderListComponent ngOnInit should call pedidoService.getOrders and set isLoading to true initially, then false FAILED[39m
	Error: Unexpected "OrderListComponent" found in the "declarations" array of the "TestBed.configureTestingModule" call, "OrderListComponent" is marked as standalone and can't be declared in any NgModule - did you intend to import it instead (by adding it to the "imports" array)?
	    at forEach (node_modules/@angular/core/fesm2022/testing.mjs:798:23)
	    at Array.forEach (<anonymous>)
	    at assertNoStandaloneComponents (node_modules/@angular/core/fesm2022/testing.mjs:794:11)
	    at TestBedCompiler.configureTestingModule (node_modules/@angular/core/fesm2022/testing.mjs:869:13)
	    at TestBedImpl.configureTestingModule (node_modules/@angular/core/fesm2022/testing.mjs:1962:23)
	    at TestBedImpl.configureTestingModule (node_modules/@angular/core/fesm2022/testing.mjs:1789:37)
	    at UserContext.<anonymous> (src/app/components/pages/order-list/order-list.component.spec.ts:27:19)
	    at Generator.next (<anonymous>)
	    at asyncGeneratorStep (node_modules/@babel/runtime/helpers/esm/asyncToGenerator.js:3:1)
	    at _next (node_modules/@babel/runtime/helpers/esm/asyncToGenerator.js:17:1)
Chrome 145.0.0.0 (Windows 10): Executed 20 of 77[31m (20 FAILED)[39m (0 secs / 0.154 secs)
[1A[2K[31mChrome 145.0.0.0 (Windows 10) OrderListComponent ngOnInit should assign pedidos on successful data fetch FAILED[39m
	Error: Unexpected "OrderListComponent" found in the "declarations" array of the "TestBed.configureTestingModule" call, "OrderListComponent" is marked as standalone and can't be declared in any NgModule - did you intend to import it instead (by adding it to the "imports" array)?
	    at forEach (node_modules/@angular/core/fesm2022/testing.mjs:798:23)
	    at Array.forEach (<anonymous>)
	    at assertNoStandaloneComponents (node_modules/@angular/core/fesm2022/testing.mjs:794:11)
	    at TestBedCompiler.configureTestingModule (node_modules/@angular/core/fesm2022/testing.mjs:869:13)
	    at TestBedImpl.configureTestingModule (node_modules/@angular/core/fesm2022/testing.mjs:1962:23)
	    at TestBedImpl.configureTestingModule (node_modules/@angular/core/fesm2022/testing.mjs:1789:37)
	    at UserContext.<anonymous> (src/app/components/pages/order-list/order-list.component.spec.ts:27:19)
	    at Generator.next (<anonymous>)
	    at asyncGeneratorStep (node_modules/@babel/runtime/helpers/esm/asyncToGenerator.js:3:1)
	    at _next (node_modules/@babel/runtime/helpers/esm/asyncToGenerator.js:17:1)
Chrome 145.0.0.0 (Windows 10): Executed 21 of 77[31m (21 FAILED)[39m (0 secs / 0.155 secs)
[1A[2K[31mChrome 145.0.0.0 (Windows 10) OrderListComponent ngOnInit should set errorMensaje and isLoading to false if service call fails FAILED[39m
	Error: Unexpected "OrderListComponent" found in the "declarations" array of the "TestBed.configureTestingModule" call, "OrderListComponent" is marked as standalone and can't be declared in any NgModule - did you intend to import it instead (by adding it to the "imports" array)?
	    at forEach (node_modules/@angular/core/fesm2022/testing.mjs:798:23)
	    at Array.forEach (<anonymous>)
	    at assertNoStandaloneComponents (node_modules/@angular/core/fesm2022/testing.mjs:794:11)
	    at TestBedCompiler.configureTestingModule (node_modules/@angular/core/fesm2022/testing.mjs:869:13)
	    at TestBedImpl.configureTestingModule (node_modules/@angular/core/fesm2022/testing.mjs:1962:23)
	    at TestBedImpl.configureTestingModule (node_modules/@angular/core/fesm2022/testing.mjs:1789:37)
	    at UserContext.<anonymous> (src/app/components/pages/order-list/order-list.component.spec.ts:27:19)
	    at Generator.next (<anonymous>)
	    at asyncGeneratorStep (node_modules/@babel/runtime/helpers/esm/asyncToGenerator.js:3:1)
	    at _next (node_modules/@babel/runtime/helpers/esm/asyncToGenerator.js:17:1)
Chrome 145.0.0.0 (Windows 10): Executed 22 of 77[31m (22 FAILED)[39m (0 secs / 0.156 secs)
[1A[2K[31mChrome 145.0.0.0 (Windows 10) LayoutComponent should create FAILED[39m
	NullInjectorError: R3InjectorError(Standalone[LayoutComponent])[AuthService -> AuthService -> HttpClient -> HttpClient]: 
	  NullInjectorError: No provider for HttpClient!
	error properties: Object({ ngTempTokenPath: null, ngTokenPath: [ 'AuthService', 'AuthService', 'HttpClient', 'HttpClient' ] })
	    at NullInjector.get (node_modules/@angular/core/fesm2022/core.mjs:1663:27)
	    at R3Injector.get (node_modules/@angular/core/fesm2022/core.mjs:3109:33)
	    at R3Injector.get (node_modules/@angular/core/fesm2022/core.mjs:3109:33)
	    at injectInjectorOnly (node_modules/@angular/core/fesm2022/core.mjs:1107:40)
	    at ╔Á╔Áinject (node_modules/@angular/core/fesm2022/core.mjs:1113:60)
	    at Object.factory (ng:///AuthService/╔Áfac.js:4:55)
	    at callback (node_modules/@angular/core/fesm2022/core.mjs:3237:47)
	    at runInInjectorProfilerContext (node_modules/@angular/core/fesm2022/core.mjs:872:9)
	    at R3Injector.hydrate (node_modules/@angular/core/fesm2022/core.mjs:3236:21)
	    at R3Injector.get (node_modules/@angular/core/fesm2022/core.mjs:3099:33)
Chrome 145.0.0.0 (Windows 10): Executed 23 of 77[31m (23 FAILED)[39m (0 secs / 0.182 secs)
[1A[2KChrome 145.0.0.0 (Windows 10): Executed 24 of 77[31m (23 FAILED)[39m (0 secs / 0.195 secs)
[1A[2KChrome 145.0.0.0 (Windows 10): Executed 25 of 77[31m (23 FAILED)[39m (0 secs / 0.201 secs)
[1A[2KChrome 145.0.0.0 (Windows 10): Executed 26 of 77[31m (23 FAILED)[39m (0 secs / 0.205 secs)
[1A[2K[31mChrome 145.0.0.0 (Windows 10) OrderDetailComponent volverAPedidos should navigate to /pedidos FAILED[39m
	Error: Unexpected "OrderDetailComponent" found in the "declarations" array of the "TestBed.configureTestingModule" call, "OrderDetailComponent" is marked as standalone and can't be declared in any NgModule - did you intend to import it instead (by adding it to the "imports" array)?
	    at forEach (node_modules/@angular/core/fesm2022/testing.mjs:798:23)
	    at Array.forEach (<anonymous>)
	    at assertNoStandaloneComponents (node_modules/@angular/core/fesm2022/testing.mjs:794:11)
	    at TestBedCompiler.configureTestingModule (node_modules/@angular/core/fesm2022/testing.mjs:869:13)
	    at TestBedImpl.configureTestingModule (node_modules/@angular/core/fesm2022/testing.mjs:1962:23)
	    at TestBedImpl.configureTestingModule (node_modules/@angular/core/fesm2022/testing.mjs:1789:37)
	    at UserContext.<anonymous> (src/app/components/pages/order-detail/order-detail.component.spec.ts:48:19)
	    at Generator.next (<anonymous>)
	    at asyncGeneratorStep (node_modules/@babel/runtime/helpers/esm/asyncToGenerator.js:3:1)
	    at _next (node_modules/@babel/runtime/helpers/esm/asyncToGenerator.js:17:1)
Chrome 145.0.0.0 (Windows 10): Executed 27 of 77[31m (24 FAILED)[39m (0 secs / 0.205 secs)
[1A[2K[31mChrome 145.0.0.0 (Windows 10) OrderDetailComponent should create FAILED[39m
	Error: Unexpected "OrderDetailComponent" found in the "declarations" array of the "TestBed.configureTestingModule" call, "OrderDetailComponent" is marked as standalone and can't be declared in any NgModule - did you intend to import it instead (by adding it to the "imports" array)?
	    at forEach (node_modules/@angular/core/fesm2022/testing.mjs:798:23)
	    at Array.forEach (<anonymous>)
	    at assertNoStandaloneComponents (node_modules/@angular/core/fesm2022/testing.mjs:794:11)
	    at TestBedCompiler.configureTestingModule (node_modules/@angular/core/fesm2022/testing.mjs:869:13)
	    at TestBedImpl.configureTestingModule (node_modules/@angular/core/fesm2022/testing.mjs:1962:23)
	    at TestBedImpl.configureTestingModule (node_modules/@angular/core/fesm2022/testing.mjs:1789:37)
	    at UserContext.<anonymous> (src/app/components/pages/order-detail/order-detail.component.spec.ts:48:19)
	    at Generator.next (<anonymous>)
	    at asyncGeneratorStep (node_modules/@babel/runtime/helpers/esm/asyncToGenerator.js:3:1)
	    at _next (node_modules/@babel/runtime/helpers/esm/asyncToGenerator.js:17:1)
Chrome 145.0.0.0 (Windows 10): Executed 28 of 77[31m (25 FAILED)[39m (0 secs / 0.205 secs)
[1A[2K[31mChrome 145.0.0.0 (Windows 10) OrderDetailComponent Template Rendering should display "Pagar ahora" button if order status is PAGO_PENDIENTE FAILED[39m
	Error: Unexpected "OrderDetailComponent" found in the "declarations" array of the "TestBed.configureTestingModule" call, "OrderDetailComponent" is marked as standalone and can't be declared in any NgModule - did you intend to import it instead (by adding it to the "imports" array)?
	    at forEach (node_modules/@angular/core/fesm2022/testing.mjs:798:23)
	    at Array.forEach (<anonymous>)
	    at assertNoStandaloneComponents (node_modules/@angular/core/fesm2022/testing.mjs:794:11)
	    at TestBedCompiler.configureTestingModule (node_modules/@angular/core/fesm2022/testing.mjs:869:13)
	    at TestBedImpl.configureTestingModule (node_modules/@angular/core/fesm2022/testing.mjs:1962:23)
	    at TestBedImpl.configureTestingModule (node_modules/@angular/core/fesm2022/testing.mjs:1789:37)
	    at UserContext.<anonymous> (src/app/components/pages/order-detail/order-detail.component.spec.ts:48:19)
	    at Generator.next (<anonymous>)
	    at asyncGeneratorStep (node_modules/@babel/runtime/helpers/esm/asyncToGenerator.js:3:1)
	    at _next (node_modules/@babel/runtime/helpers/esm/asyncToGenerator.js:17:1)
Chrome 145.0.0.0 (Windows 10): Executed 29 of 77[31m (26 FAILED)[39m (0 secs / 0.205 secs)
[1A[2K[31mChrome 145.0.0.0 (Windows 10) OrderDetailComponent Template Rendering should display "Detalle del Pedido #ID" title FAILED[39m
	Error: Unexpected "OrderDetailComponent" found in the "declarations" array of the "TestBed.configureTestingModule" call, "OrderDetailComponent" is marked as standalone and can't be declared in any NgModule - did you intend to import it instead (by adding it to the "imports" array)?
	    at forEach (node_modules/@angular/core/fesm2022/testing.mjs:798:23)
	    at Array.forEach (<anonymous>)
	    at assertNoStandaloneComponents (node_modules/@angular/core/fesm2022/testing.mjs:794:11)
	    at TestBedCompiler.configureTestingModule (node_modules/@angular/core/fesm2022/testing.mjs:869:13)
	    at TestBedImpl.configureTestingModule (node_modules/@angular/core/fesm2022/testing.mjs:1962:23)
	    at TestBedImpl.configureTestingModule (node_modules/@angular/core/fesm2022/testing.mjs:1789:37)
	    at UserContext.<anonymous> (src/app/components/pages/order-detail/order-detail.component.spec.ts:48:19)
	    at Generator.next (<anonymous>)
	    at asyncGeneratorStep (node_modules/@babel/runtime/helpers/esm/asyncToGenerator.js:3:1)
	    at _next (node_modules/@babel/runtime/helpers/esm/asyncToGenerator.js:17:1)
Chrome 145.0.0.0 (Windows 10): Executed 30 of 77[31m (27 FAILED)[39m (0 secs / 0.206 secs)
[1A[2K[31mChrome 145.0.0.0 (Windows 10) OrderDetailComponent Template Rendering should display order items FAILED[39m
	Error: Unexpected "OrderDetailComponent" found in the "declarations" array of the "TestBed.configureTestingModule" call, "OrderDetailComponent" is marked as standalone and can't be declared in any NgModule - did you intend to import it instead (by adding it to the "imports" array)?
	    at forEach (node_modules/@angular/core/fesm2022/testing.mjs:798:23)
	    at Array.forEach (<anonymous>)
	    at assertNoStandaloneComponents (node_modules/@angular/core/fesm2022/testing.mjs:794:11)
	    at TestBedCompiler.configureTestingModule (node_modules/@angular/core/fesm2022/testing.mjs:869:13)
	    at TestBedImpl.configureTestingModule (node_modules/@angular/core/fesm2022/testing.mjs:1962:23)
	    at TestBedImpl.configureTestingModule (node_modules/@angular/core/fesm2022/testing.mjs:1789:37)
	    at UserContext.<anonymous> (src/app/components/pages/order-detail/order-detail.component.spec.ts:48:19)
	    at Generator.next (<anonymous>)
	    at asyncGeneratorStep (node_modules/@babel/runtime/helpers/esm/asyncToGenerator.js:3:1)
	    at _next (node_modules/@babel/runtime/helpers/esm/asyncToGenerator.js:17:1)
Chrome 145.0.0.0 (Windows 10): Executed 31 of 77[31m (28 FAILED)[39m (0 secs / 0.207 secs)
[1A[2K[31mChrome 145.0.0.0 (Windows 10) OrderDetailComponent Template Rendering should NOT display "Pagar ahora" button if order status is not PAGO_PENDIENTE FAILED[39m
	Error: Unexpected "OrderDetailComponent" found in the "declarations" array of the "TestBed.configureTestingModule" call, "OrderDetailComponent" is marked as standalone and can't be declared in any NgModule - did you intend to import it instead (by adding it to the "imports" array)?
	    at forEach (node_modules/@angular/core/fesm2022/testing.mjs:798:23)
	    at Array.forEach (<anonymous>)
	    at assertNoStandaloneComponents (node_modules/@angular/core/fesm2022/testing.mjs:794:11)
	    at TestBedCompiler.configureTestingModule (node_modules/@angular/core/fesm2022/testing.mjs:869:13)
	    at TestBedImpl.configureTestingModule (node_modules/@angular/core/fesm2022/testing.mjs:1962:23)
	    at TestBedImpl.configureTestingModule (node_modules/@angular/core/fesm2022/testing.mjs:1789:37)
	    at UserContext.<anonymous> (src/app/components/pages/order-detail/order-detail.component.spec.ts:48:19)
	    at Generator.next (<anonymous>)
	    at asyncGeneratorStep (node_modules/@babel/runtime/helpers/esm/asyncToGenerator.js:3:1)
	    at _next (node_modules/@babel/runtime/helpers/esm/asyncToGenerator.js:17:1)
Chrome 145.0.0.0 (Windows 10): Executed 32 of 77[31m (29 FAILED)[39m (0 secs / 0.207 secs)
[1A[2K[31mChrome 145.0.0.0 (Windows 10) OrderDetailComponent Template Rendering should call pagarAhora when "Pagar ahora" button is clicked FAILED[39m
	Error: Unexpected "OrderDetailComponent" found in the "declarations" array of the "TestBed.configureTestingModule" call, "OrderDetailComponent" is marked as standalone and can't be declared in any NgModule - did you intend to import it instead (by adding it to the "imports" array)?
	    at forEach (node_modules/@angular/core/fesm2022/testing.mjs:798:23)
	    at Array.forEach (<anonymous>)
	    at assertNoStandaloneComponents (node_modules/@angular/core/fesm2022/testing.mjs:794:11)
	    at TestBedCompiler.configureTestingModule (node_modules/@angular/core/fesm2022/testing.mjs:869:13)
	    at TestBedImpl.configureTestingModule (node_modules/@angular/core/fesm2022/testing.mjs:1962:23)
	    at TestBedImpl.configureTestingModule (node_modules/@angular/core/fesm2022/testing.mjs:1789:37)
	    at UserContext.<anonymous> (src/app/components/pages/order-detail/order-detail.component.spec.ts:48:19)
	    at Generator.next (<anonymous>)
	    at asyncGeneratorStep (node_modules/@babel/runtime/helpers/esm/asyncToGenerator.js:3:1)
	    at _next (node_modules/@babel/runtime/helpers/esm/asyncToGenerator.js:17:1)
Chrome 145.0.0.0 (Windows 10): Executed 33 of 77[31m (30 FAILED)[39m (0 secs / 0.207 secs)
[1A[2K[31mChrome 145.0.0.0 (Windows 10) OrderDetailComponent Template Rendering should display "Volver a mis pedidos" button and it should call volverAPedidos FAILED[39m
	Error: Unexpected "OrderDetailComponent" found in the "declarations" array of the "TestBed.configureTestingModule" call, "OrderDetailComponent" is marked as standalone and can't be declared in any NgModule - did you intend to import it instead (by adding it to the "imports" array)?
	    at forEach (node_modules/@angular/core/fesm2022/testing.mjs:798:23)
	    at Array.forEach (<anonymous>)
	    at assertNoStandaloneComponents (node_modules/@angular/core/fesm2022/testing.mjs:794:11)
	    at TestBedCompiler.configureTestingModule (node_modules/@angular/core/fesm2022/testing.mjs:869:13)
	    at TestBedImpl.configureTestingModule (node_modules/@angular/core/fesm2022/testing.mjs:1962:23)
	    at TestBedImpl.configureTestingModule (node_modules/@angular/core/fesm2022/testing.mjs:1789:37)
	    at UserContext.<anonymous> (src/app/components/pages/order-detail/order-detail.component.spec.ts:48:19)
	    at Generator.next (<anonymous>)
	    at asyncGeneratorStep (node_modules/@babel/runtime/helpers/esm/asyncToGenerator.js:3:1)
	    at _next (node_modules/@babel/runtime/helpers/esm/asyncToGenerator.js:17:1)
Chrome 145.0.0.0 (Windows 10): Executed 34 of 77[31m (31 FAILED)[39m (0 secs / 0.208 secs)
[1A[2K[31mChrome 145.0.0.0 (Windows 10) OrderDetailComponent Template Rendering should display general order information FAILED[39m
	Error: Unexpected "OrderDetailComponent" found in the "declarations" array of the "TestBed.configureTestingModule" call, "OrderDetailComponent" is marked as standalone and can't be declared in any NgModule - did you intend to import it instead (by adding it to the "imports" array)?
	    at forEach (node_modules/@angular/core/fesm2022/testing.mjs:798:23)
	    at Array.forEach (<anonymous>)
	    at assertNoStandaloneComponents (node_modules/@angular/core/fesm2022/testing.mjs:794:11)
	    at TestBedCompiler.configureTestingModule (node_modules/@angular/core/fesm2022/testing.mjs:869:13)
	    at TestBedImpl.configureTestingModule (node_modules/@angular/core/fesm2022/testing.mjs:1962:23)
	    at TestBedImpl.configureTestingModule (node_modules/@angular/core/fesm2022/testing.mjs:1789:37)
	    at UserContext.<anonymous> (src/app/components/pages/order-detail/order-detail.component.spec.ts:48:19)
	    at Generator.next (<anonymous>)
	    at asyncGeneratorStep (node_modules/@babel/runtime/helpers/esm/asyncToGenerator.js:3:1)
	    at _next (node_modules/@babel/runtime/helpers/esm/asyncToGenerator.js:17:1)
Chrome 145.0.0.0 (Windows 10): Executed 35 of 77[31m (32 FAILED)[39m (0 secs / 0.208 secs)
[1A[2K[31mChrome 145.0.0.0 (Windows 10) OrderDetailComponent pagarAhora should log a message and show a toast FAILED[39m
	Error: Unexpected "OrderDetailComponent" found in the "declarations" array of the "TestBed.configureTestingModule" call, "OrderDetailComponent" is marked as standalone and can't be declared in any NgModule - did you intend to import it instead (by adding it to the "imports" array)?
	    at forEach (node_modules/@angular/core/fesm2022/testing.mjs:798:23)
	    at Array.forEach (<anonymous>)
	    at assertNoStandaloneComponents (node_modules/@angular/core/fesm2022/testing.mjs:794:11)
	    at TestBedCompiler.configureTestingModule (node_modules/@angular/core/fesm2022/testing.mjs:869:13)
	    at TestBedImpl.configureTestingModule (node_modules/@angular/core/fesm2022/testing.mjs:1962:23)
	    at TestBedImpl.configureTestingModule (node_modules/@angular/core/fesm2022/testing.mjs:1789:37)
	    at UserContext.<anonymous> (src/app/components/pages/order-detail/order-detail.component.spec.ts:48:19)
	    at Generator.next (<anonymous>)
	    at asyncGeneratorStep (node_modules/@babel/runtime/helpers/esm/asyncToGenerator.js:3:1)
	    at _next (node_modules/@babel/runtime/helpers/esm/asyncToGenerator.js:17:1)
Chrome 145.0.0.0 (Windows 10): Executed 36 of 77[31m (33 FAILED)[39m (0 secs / 0.209 secs)
[1A[2K[31mChrome 145.0.0.0 (Windows 10) OrderDetailComponent ngOnInit should call pedidoService.getOrderById with correct ID and set isLoading correctly FAILED[39m
	Error: Unexpected "OrderDetailComponent" found in the "declarations" array of the "TestBed.configureTestingModule" call, "OrderDetailComponent" is marked as standalone and can't be declared in any NgModule - did you intend to import it instead (by adding it to the "imports" array)?
	    at forEach (node_modules/@angular/core/fesm2022/testing.mjs:798:23)
	    at Array.forEach (<anonymous>)
	    at assertNoStandaloneComponents (node_modules/@angular/core/fesm2022/testing.mjs:794:11)
	    at TestBedCompiler.configureTestingModule (node_modules/@angular/core/fesm2022/testing.mjs:869:13)
	    at TestBedImpl.configureTestingModule (node_modules/@angular/core/fesm2022/testing.mjs:1962:23)
	    at TestBedImpl.configureTestingModule (node_modules/@angular/core/fesm2022/testing.mjs:1789:37)
	    at UserContext.<anonymous> (src/app/components/pages/order-detail/order-detail.component.spec.ts:48:19)
	    at Generator.next (<anonymous>)
	    at asyncGeneratorStep (node_modules/@babel/runtime/helpers/esm/asyncToGenerator.js:3:1)
	    at _next (node_modules/@babel/runtime/helpers/esm/asyncToGenerator.js:17:1)
Chrome 145.0.0.0 (Windows 10): Executed 37 of 77[31m (34 FAILED)[39m (0 secs / 0.21 secs)
[1A[2K[31mChrome 145.0.0.0 (Windows 10) OrderDetailComponent ngOnInit should set errorMensaje and isLoading to false if service call fails FAILED[39m
	Error: Unexpected "OrderDetailComponent" found in the "declarations" array of the "TestBed.configureTestingModule" call, "OrderDetailComponent" is marked as standalone and can't be declared in any NgModule - did you intend to import it instead (by adding it to the "imports" array)?
	    at forEach (node_modules/@angular/core/fesm2022/testing.mjs:798:23)
	    at Array.forEach (<anonymous>)
	    at assertNoStandaloneComponents (node_modules/@angular/core/fesm2022/testing.mjs:794:11)
	    at TestBedCompiler.configureTestingModule (node_modules/@angular/core/fesm2022/testing.mjs:869:13)
	    at TestBedImpl.configureTestingModule (node_modules/@angular/core/fesm2022/testing.mjs:1962:23)
	    at TestBedImpl.configureTestingModule (node_modules/@angular/core/fesm2022/testing.mjs:1789:37)
	    at UserContext.<anonymous> (src/app/components/pages/order-detail/order-detail.component.spec.ts:48:19)
	    at Generator.next (<anonymous>)
	    at asyncGeneratorStep (node_modules/@babel/runtime/helpers/esm/asyncToGenerator.js:3:1)
	    at _next (node_modules/@babel/runtime/helpers/esm/asyncToGenerator.js:17:1)
Chrome 145.0.0.0 (Windows 10): Executed 38 of 77[31m (35 FAILED)[39m (0 secs / 0.211 secs)
[1A[2K[31mChrome 145.0.0.0 (Windows 10) OrderDetailComponent ngOnInit should set errorMensaje if idParam is not found in route FAILED[39m
	Error: Unexpected "OrderDetailComponent" found in the "declarations" array of the "TestBed.configureTestingModule" call, "OrderDetailComponent" is marked as standalone and can't be declared in any NgModule - did you intend to import it instead (by adding it to the "imports" array)?
	    at forEach (node_modules/@angular/core/fesm2022/testing.mjs:798:23)
	    at Array.forEach (<anonymous>)
	    at assertNoStandaloneComponents (node_modules/@angular/core/fesm2022/testing.mjs:794:11)
	    at TestBedCompiler.configureTestingModule (node_modules/@angular/core/fesm2022/testing.mjs:869:13)
	    at TestBedImpl.configureTestingModule (node_modules/@angular/core/fesm2022/testing.mjs:1962:23)
	    at TestBedImpl.configureTestingModule (node_modules/@angular/core/fesm2022/testing.mjs:1789:37)
	    at UserContext.<anonymous> (src/app/components/pages/order-detail/order-detail.component.spec.ts:48:19)
	    at Generator.next (<anonymous>)
	    at asyncGeneratorStep (node_modules/@babel/runtime/helpers/esm/asyncToGenerator.js:3:1)
	    at _next (node_modules/@babel/runtime/helpers/esm/asyncToGenerator.js:17:1)
Chrome 145.0.0.0 (Windows 10): Executed 39 of 77[31m (36 FAILED)[39m (0 secs / 0.212 secs)
[1A[2K[31mChrome 145.0.0.0 (Windows 10) OrderDetailComponent ngOnInit should assign pedido data on successful fetch FAILED[39m
	Error: Unexpected "OrderDetailComponent" found in the "declarations" array of the "TestBed.configureTestingModule" call, "OrderDetailComponent" is marked as standalone and can't be declared in any NgModule - did you intend to import it instead (by adding it to the "imports" array)?
	    at forEach (node_modules/@angular/core/fesm2022/testing.mjs:798:23)
	    at Array.forEach (<anonymous>)
	    at assertNoStandaloneComponents (node_modules/@angular/core/fesm2022/testing.mjs:794:11)
	    at TestBedCompiler.configureTestingModule (node_modules/@angular/core/fesm2022/testing.mjs:869:13)
	    at TestBedImpl.configureTestingModule (node_modules/@angular/core/fesm2022/testing.mjs:1962:23)
	    at TestBedImpl.configureTestingModule (node_modules/@angular/core/fesm2022/testing.mjs:1789:37)
	    at UserContext.<anonymous> (src/app/components/pages/order-detail/order-detail.component.spec.ts:48:19)
	    at Generator.next (<anonymous>)
	    at asyncGeneratorStep (node_modules/@babel/runtime/helpers/esm/asyncToGenerator.js:3:1)
	    at _next (node_modules/@babel/runtime/helpers/esm/asyncToGenerator.js:17:1)
Chrome 145.0.0.0 (Windows 10): Executed 40 of 77[31m (37 FAILED)[39m (0 secs / 0.213 secs)
[1A[2K[31mChrome 145.0.0.0 (Windows 10) OrderDetailComponent isPagoPendiente should return false if pedido is undefined FAILED[39m
	Error: Unexpected "OrderDetailComponent" found in the "declarations" array of the "TestBed.configureTestingModule" call, "OrderDetailComponent" is marked as standalone and can't be declared in any NgModule - did you intend to import it instead (by adding it to the "imports" array)?
	    at forEach (node_modules/@angular/core/fesm2022/testing.mjs:798:23)
	    at Array.forEach (<anonymous>)
	    at assertNoStandaloneComponents (node_modules/@angular/core/fesm2022/testing.mjs:794:11)
	    at TestBedCompiler.configureTestingModule (node_modules/@angular/core/fesm2022/testing.mjs:869:13)
	    at TestBedImpl.configureTestingModule (node_modules/@angular/core/fesm2022/testing.mjs:1962:23)
	    at TestBedImpl.configureTestingModule (node_modules/@angular/core/fesm2022/testing.mjs:1789:37)
	    at UserContext.<anonymous> (src/app/components/pages/order-detail/order-detail.component.spec.ts:48:19)
	    at Generator.next (<anonymous>)
	    at asyncGeneratorStep (node_modules/@babel/runtime/helpers/esm/asyncToGenerator.js:3:1)
	    at _next (node_modules/@babel/runtime/helpers/esm/asyncToGenerator.js:17:1)
Chrome 145.0.0.0 (Windows 10): Executed 41 of 77[31m (38 FAILED)[39m (0 secs / 0.214 secs)
[1A[2K[31mChrome 145.0.0.0 (Windows 10) OrderDetailComponent isPagoPendiente should return false if estado is not PAGO_PENDIENTE FAILED[39m
	Error: Unexpected "OrderDetailComponent" found in the "declarations" array of the "TestBed.configureTestingModule" call, "OrderDetailComponent" is marked as standalone and can't be declared in any NgModule - did you intend to import it instead (by adding it to the "imports" array)?
	    at forEach (node_modules/@angular/core/fesm2022/testing.mjs:798:23)
	    at Array.forEach (<anonymous>)
	    at assertNoStandaloneComponents (node_modules/@angular/core/fesm2022/testing.mjs:794:11)
	    at TestBedCompiler.configureTestingModule (node_modules/@angular/core/fesm2022/testing.mjs:869:13)
	    at TestBedImpl.configureTestingModule (node_modules/@angular/core/fesm2022/testing.mjs:1962:23)
	    at TestBedImpl.configureTestingModule (node_modules/@angular/core/fesm2022/testing.mjs:1789:37)
	    at UserContext.<anonymous> (src/app/components/pages/order-detail/order-detail.component.spec.ts:48:19)
	    at Generator.next (<anonymous>)
	    at asyncGeneratorStep (node_modules/@babel/runtime/helpers/esm/asyncToGenerator.js:3:1)
	    at _next (node_modules/@babel/runtime/helpers/esm/asyncToGenerator.js:17:1)
Chrome 145.0.0.0 (Windows 10): Executed 42 of 77[31m (39 FAILED)[39m (0 secs / 0.214 secs)
[1A[2K[31mChrome 145.0.0.0 (Windows 10) OrderDetailComponent isPagoPendiente should return true if estado is PENDIENTE (case insensitive) FAILED[39m
	Error: Unexpected "OrderDetailComponent" found in the "declarations" array of the "TestBed.configureTestingModule" call, "OrderDetailComponent" is marked as standalone and can't be declared in any NgModule - did you intend to import it instead (by adding it to the "imports" array)?
	    at forEach (node_modules/@angular/core/fesm2022/testing.mjs:798:23)
	    at Array.forEach (<anonymous>)
	    at assertNoStandaloneComponents (node_modules/@angular/core/fesm2022/testing.mjs:794:11)
	    at TestBedCompiler.configureTestingModule (node_modules/@angular/core/fesm2022/testing.mjs:869:13)
	    at TestBedImpl.configureTestingModule (node_modules/@angular/core/fesm2022/testing.mjs:1962:23)
	    at TestBedImpl.configureTestingModule (node_modules/@angular/core/fesm2022/testing.mjs:1789:37)
	    at UserContext.<anonymous> (src/app/components/pages/order-detail/order-detail.component.spec.ts:48:19)
	    at Generator.next (<anonymous>)
	    at asyncGeneratorStep (node_modules/@babel/runtime/helpers/esm/asyncToGenerator.js:3:1)
	    at _next (node_modules/@babel/runtime/helpers/esm/asyncToGenerator.js:17:1)
Chrome 145.0.0.0 (Windows 10): Executed 43 of 77[31m (40 FAILED)[39m (0 secs / 0.214 secs)
[1A[2K[31mChrome 145.0.0.0 (Windows 10) OrderDetailComponent isPagoPendiente should return true if estado is PAGO_ENDIENTE FAILED[39m
	Error: Unexpected "OrderDetailComponent" found in the "declarations" array of the "TestBed.configureTestingModule" call, "OrderDetailComponent" is marked as standalone and can't be declared in any NgModule - did you intend to import it instead (by adding it to the "imports" array)?
	    at forEach (node_modules/@angular/core/fesm2022/testing.mjs:798:23)
	    at Array.forEach (<anonymous>)
	    at assertNoStandaloneComponents (node_modules/@angular/core/fesm2022/testing.mjs:794:11)
	    at TestBedCompiler.configureTestingModule (node_modules/@angular/core/fesm2022/testing.mjs:869:13)
	    at TestBedImpl.configureTestingModule (node_modules/@angular/core/fesm2022/testing.mjs:1962:23)
	    at TestBedImpl.configureTestingModule (node_modules/@angular/core/fesm2022/testing.mjs:1789:37)
	    at UserContext.<anonymous> (src/app/components/pages/order-detail/order-detail.component.spec.ts:48:19)
	    at Generator.next (<anonymous>)
	    at asyncGeneratorStep (node_modules/@babel/runtime/helpers/esm/asyncToGenerator.js:3:1)
	    at _next (node_modules/@babel/runtime/helpers/esm/asyncToGenerator.js:17:1)
Chrome 145.0.0.0 (Windows 10): Executed 44 of 77[31m (41 FAILED)[39m (0 secs / 0.215 secs)
[1A[2KChrome 145.0.0.0 (Windows 10): Executed 45 of 77[31m (41 FAILED)[39m (0 secs / 0.23 secs)
[1A[2K[31mChrome 145.0.0.0 (Windows 10) RegisterComponent should create FAILED[39m
	NullInjectorError: R3InjectorError(Standalone[RegisterComponent])[AuthService -> AuthService -> HttpClient -> HttpClient]: 
	  NullInjectorError: No provider for HttpClient!
	error properties: Object({ ngTempTokenPath: null, ngTokenPath: [ 'AuthService', 'AuthService', 'HttpClient', 'HttpClient' ] })
	    at NullInjector.get (node_modules/@angular/core/fesm2022/core.mjs:1663:27)
	    at R3Injector.get (node_modules/@angular/core/fesm2022/core.mjs:3109:33)
	    at R3Injector.get (node_modules/@angular/core/fesm2022/core.mjs:3109:33)
	    at injectInjectorOnly (node_modules/@angular/core/fesm2022/core.mjs:1107:40)
	    at ╔Á╔Áinject (node_modules/@angular/core/fesm2022/core.mjs:1113:60)
	    at Object.factory (ng:///AuthService/╔Áfac.js:4:55)
	    at callback (node_modules/@angular/core/fesm2022/core.mjs:3237:47)
	    at runInInjectorProfilerContext (node_modules/@angular/core/fesm2022/core.mjs:872:9)
	    at R3Injector.hydrate (node_modules/@angular/core/fesm2022/core.mjs:3236:21)
	    at R3Injector.get (node_modules/@angular/core/fesm2022/core.mjs:3099:33)
Chrome 145.0.0.0 (Windows 10): Executed 46 of 77[31m (42 FAILED)[39m (0 secs / 0.251 secs)
[1A[2KChrome 145.0.0.0 (Windows 10): Executed 47 of 77[31m (42 FAILED)[39m (0 secs / 0.253 secs)
[1A[2KChrome 145.0.0.0 (Windows 10): Executed 48 of 77[31m (42 FAILED)[39m (0 secs / 0.254 secs)
[1A[2KChrome 145.0.0.0 (Windows 10): Executed 49 of 77[31m (42 FAILED)[39m (0 secs / 0.255 secs)
[1A[2KChrome 145.0.0.0 (Windows 10): Executed 50 of 77[31m (42 FAILED)[39m (0 secs / 0.257 secs)
[1A[2KChrome 145.0.0.0 (Windows 10): Executed 51 of 77[31m (42 FAILED)[39m (0 secs / 0.259 secs)
[1A[2KChrome 145.0.0.0 (Windows 10): Executed 52 of 77[31m (42 FAILED)[39m (0 secs / 0.261 secs)
[1A[2KChrome 145.0.0.0 (Windows 10): Executed 53 of 77[31m (42 FAILED)[39m (0 secs / 0.262 secs)
[1A[2K[31mChrome 145.0.0.0 (Windows 10) AdminPedidosComponent trackByPedidoId should fall back to id when Id is undefined FAILED[39m
	Error: Unexpected "InputDialogComponent" found in the "declarations" array of the "TestBed.configureTestingModule" call, "InputDialogComponent" is marked as standalone and can't be declared in any NgModule - did you intend to import it instead (by adding it to the "imports" array)?
	    at forEach (node_modules/@angular/core/fesm2022/testing.mjs:798:23)
	    at Array.forEach (<anonymous>)
	    at assertNoStandaloneComponents (node_modules/@angular/core/fesm2022/testing.mjs:794:11)
	    at TestBedCompiler.configureTestingModule (node_modules/@angular/core/fesm2022/testing.mjs:869:13)
	    at TestBedImpl.configureTestingModule (node_modules/@angular/core/fesm2022/testing.mjs:1962:23)
	    at TestBedImpl.configureTestingModule (node_modules/@angular/core/fesm2022/testing.mjs:1789:37)
	    at UserContext.<anonymous> (src/app/components/pages/admin/admin-pedidos/admin-pedidos.component.spec.ts:18:19)
	    at Generator.next (<anonymous>)
	    at asyncGeneratorStep (node_modules/@babel/runtime/helpers/esm/asyncToGenerator.js:3:1)
	    at _next (node_modules/@babel/runtime/helpers/esm/asyncToGenerator.js:17:1)
Chrome 145.0.0.0 (Windows 10): Executed 54 of 77[31m (43 FAILED)[39m (0 secs / 0.263 secs)
[1A[2K[31mChrome 145.0.0.0 (Windows 10) AdminPedidosComponent trackByPedidoId should return Id when present FAILED[39m
	Error: Unexpected "InputDialogComponent" found in the "declarations" array of the "TestBed.configureTestingModule" call, "InputDialogComponent" is marked as standalone and can't be declared in any NgModule - did you intend to import it instead (by adding it to the "imports" array)?
	    at forEach (node_modules/@angular/core/fesm2022/testing.mjs:798:23)
	    at Array.forEach (<anonymous>)
	    at assertNoStandaloneComponents (node_modules/@angular/core/fesm2022/testing.mjs:794:11)
	    at TestBedCompiler.configureTestingModule (node_modules/@angular/core/fesm2022/testing.mjs:869:13)
	    at TestBedImpl.configureTestingModule (node_modules/@angular/core/fesm2022/testing.mjs:1962:23)
	    at TestBedImpl.configureTestingModule (node_modules/@angular/core/fesm2022/testing.mjs:1789:37)
	    at UserContext.<anonymous> (src/app/components/pages/admin/admin-pedidos/admin-pedidos.component.spec.ts:18:19)
	    at Generator.next (<anonymous>)
	    at asyncGeneratorStep (node_modules/@babel/runtime/helpers/esm/asyncToGenerator.js:3:1)
	    at _next (node_modules/@babel/runtime/helpers/esm/asyncToGenerator.js:17:1)
Chrome 145.0.0.0 (Windows 10): Executed 55 of 77[31m (44 FAILED)[39m (0 secs / 0.264 secs)
[1A[2K[31mChrome 145.0.0.0 (Windows 10) AdminPedidosComponent should not call service when canceling FAILED[39m
	Error: Unexpected "InputDialogComponent" found in the "declarations" array of the "TestBed.configureTestingModule" call, "InputDialogComponent" is marked as standalone and can't be declared in any NgModule - did you intend to import it instead (by adding it to the "imports" array)?
	    at forEach (node_modules/@angular/core/fesm2022/testing.mjs:798:23)
	    at Array.forEach (<anonymous>)
	    at assertNoStandaloneComponents (node_modules/@angular/core/fesm2022/testing.mjs:794:11)
	    at TestBedCompiler.configureTestingModule (node_modules/@angular/core/fesm2022/testing.mjs:869:13)
	    at TestBedImpl.configureTestingModule (node_modules/@angular/core/fesm2022/testing.mjs:1962:23)
	    at TestBedImpl.configureTestingModule (node_modules/@angular/core/fesm2022/testing.mjs:1789:37)
	    at UserContext.<anonymous> (src/app/components/pages/admin/admin-pedidos/admin-pedidos.component.spec.ts:18:19)
	    at Generator.next (<anonymous>)
	    at asyncGeneratorStep (node_modules/@babel/runtime/helpers/esm/asyncToGenerator.js:3:1)
	    at _next (node_modules/@babel/runtime/helpers/esm/asyncToGenerator.js:17:1)
Chrome 145.0.0.0 (Windows 10): Executed 56 of 77[31m (45 FAILED)[39m (0 secs / 0.264 secs)
[1A[2K[31mChrome 145.0.0.0 (Windows 10) AdminPedidosComponent should create FAILED[39m
	Error: Unexpected "InputDialogComponent" found in the "declarations" array of the "TestBed.configureTestingModule" call, "InputDialogComponent" is marked as standalone and can't be declared in any NgModule - did you intend to import it instead (by adding it to the "imports" array)?
	    at forEach (node_modules/@angular/core/fesm2022/testing.mjs:798:23)
	    at Array.forEach (<anonymous>)
	    at assertNoStandaloneComponents (node_modules/@angular/core/fesm2022/testing.mjs:794:11)
	    at TestBedCompiler.configureTestingModule (node_modules/@angular/core/fesm2022/testing.mjs:869:13)
	    at TestBedImpl.configureTestingModule (node_modules/@angular/core/fesm2022/testing.mjs:1962:23)
	    at TestBedImpl.configureTestingModule (node_modules/@angular/core/fesm2022/testing.mjs:1789:37)
	    at UserContext.<anonymous> (src/app/components/pages/admin/admin-pedidos/admin-pedidos.component.spec.ts:18:19)
	    at Generator.next (<anonymous>)
	    at asyncGeneratorStep (node_modules/@babel/runtime/helpers/esm/asyncToGenerator.js:3:1)
	    at _next (node_modules/@babel/runtime/helpers/esm/asyncToGenerator.js:17:1)
Chrome 145.0.0.0 (Windows 10): Executed 57 of 77[31m (46 FAILED)[39m (0 secs / 0.264 secs)
[1A[2K[31mChrome 145.0.0.0 (Windows 10) AdminPedidosComponent should open dialog on rechazarPago and call service on confirm FAILED[39m
	Error: Unexpected "InputDialogComponent" found in the "declarations" array of the "TestBed.configureTestingModule" call, "InputDialogComponent" is marked as standalone and can't be declared in any NgModule - did you intend to import it instead (by adding it to the "imports" array)?
	    at forEach (node_modules/@angular/core/fesm2022/testing.mjs:798:23)
	    at Array.forEach (<anonymous>)
	    at assertNoStandaloneComponents (node_modules/@angular/core/fesm2022/testing.mjs:794:11)
	    at TestBedCompiler.configureTestingModule (node_modules/@angular/core/fesm2022/testing.mjs:869:13)
	    at TestBedImpl.configureTestingModule (node_modules/@angular/core/fesm2022/testing.mjs:1962:23)
	    at TestBedImpl.configureTestingModule (node_modules/@angular/core/fesm2022/testing.mjs:1789:37)
	    at UserContext.<anonymous> (src/app/components/pages/admin/admin-pedidos/admin-pedidos.component.spec.ts:18:19)
	    at Generator.next (<anonymous>)
	    at asyncGeneratorStep (node_modules/@babel/runtime/helpers/esm/asyncToGenerator.js:3:1)
	    at _next (node_modules/@babel/runtime/helpers/esm/asyncToGenerator.js:17:1)
Chrome 145.0.0.0 (Windows 10): Executed 58 of 77[31m (47 FAILED)[39m (0 secs / 0.265 secs)
[1A[2KChrome 145.0.0.0 (Windows 10): Executed 59 of 77[31m (47 FAILED)[39m (0 secs / 0.267 secs)
[1A[2KChrome 145.0.0.0 (Windows 10): Executed 60 of 77[31m (47 FAILED)[39m (0 secs / 0.269 secs)
[1A[2KChrome 145.0.0.0 (Windows 10): Executed 61 of 77[31m (47 FAILED)[39m (0 secs / 0.271 secs)
[1A[2KChrome 145.0.0.0 (Windows 10): Executed 62 of 77[31m (47 FAILED)[39m (0 secs / 0.273 secs)
[1A[2K[31mChrome 145.0.0.0 (Windows 10) PedidoService getOrderById should handle non-numeric or invalid ID for getOrderById gracefully (compile-time check) FAILED[39m
	Error: Expected one matching request for criteria "Match URL: http://localhost:8080/api/orders/NaN", found none.
	    at HttpClientTestingBackend.expectOne (node_modules/@angular/common/fesm2022/http/testing.mjs:270:19)
	    at UserContext.apply (src/app/services/pedido.service.spec.ts:97:28)
	    at _ZoneDelegate.invoke (node_modules/zone.js/fesm2015/zone.js:369:28)
	    at ProxyZoneSpec.onInvoke (node_modules/zone.js/fesm2015/zone-testing.js:2081:39)
	    at _ZoneDelegate.invoke (node_modules/zone.js/fesm2015/zone.js:368:34)
	    at ZoneImpl.run (node_modules/zone.js/fesm2015/zone.js:111:43)
	    at runInTestZone (node_modules/zone.js/fesm2015/zone-testing.js:216:38)
	    at UserContext.<anonymous> (node_modules/zone.js/fesm2015/zone-testing.js:234:32)
	    at <Jasmine>
Chrome 145.0.0.0 (Windows 10): Executed 63 of 77[31m (48 FAILED)[39m (0 secs / 0.275 secs)
[1A[2KChrome 145.0.0.0 (Windows 10): Executed 64 of 77[31m (48 FAILED)[39m (0 secs / 0.276 secs)
[1A[2KChrome 145.0.0.0 (Windows 10): Executed 65 of 77[31m (48 FAILED)[39m (0 secs / 0.282 secs)
[1A[2KChrome 145.0.0.0 (Windows 10): Executed 66 of 77[31m (48 FAILED)[39m (0 secs / 0.293 secs)
[1A[2KChrome 145.0.0.0 (Windows 10): Executed 67 of 77[31m (48 FAILED)[39m (0 secs / 0.298 secs)
[33m27 02 2026 16:11:13.426:WARN [web-server]: [39m404: /_karma_webpack_/assets/icons/dashboard.svg
[33m27 02 2026 16:11:13.428:WARN [web-server]: [39m404: /_karma_webpack_/assets/icons/cuentos.svg
[33m27 02 2026 16:11:13.429:WARN [web-server]: [39m404: /_karma_webpack_/assets/icons/pedidos.svg
[1A[2K[31mChrome 145.0.0.0 (Windows 10) AdminDashboardComponent should handle service errors FAILED[39m
	NullInjectorError: R3InjectorError(DynamicTestModule)[ActivatedRoute -> ActivatedRoute]: 
	  NullInjectorError: No provider for ActivatedRoute!
	error properties: Object({ ngTempTokenPath: null, ngTokenPath: [ 'ActivatedRoute', 'ActivatedRoute' ] })
	    at NullInjector.get (node_modules/@angular/core/fesm2022/core.mjs:1663:27)
	    at R3Injector.get (node_modules/@angular/core/fesm2022/core.mjs:3109:33)
	    at R3Injector.get (node_modules/@angular/core/fesm2022/core.mjs:3109:33)
	    at ChainedInjector.get (node_modules/@angular/core/fesm2022/core.mjs:5454:36)
	    at lookupTokenUsingModuleInjector (node_modules/@angular/core/fesm2022/core.mjs:5807:39)
	    at getOrCreateInjectable (node_modules/@angular/core/fesm2022/core.mjs:5855:12)
	    at Module.╔Á╔ÁdirectiveInject (node_modules/@angular/core/fesm2022/core.mjs:11933:19)
	    at NodeInjectorFactory.factory (node_modules/@angular/router/fesm2022/router.mjs:424:104)
	    at getNodeInjectable (node_modules/@angular/core/fesm2022/core.mjs:6067:44)
	    at instantiateAllDirectives (node_modules/@angular/core/fesm2022/core.mjs:12803:27)
Chrome 145.0.0.0 (Windows 10): Executed 68 of 77[31m (49 FAILED)[39m (0 secs / 0.311 secs)
[33m27 02 2026 16:11:13.444:WARN [web-server]: [39m404: /_karma_webpack_/assets/icons/usuarios.svg
[33m27 02 2026 16:11:13.445:WARN [web-server]: [39m404: /_karma_webpack_/assets/icons/config.svg
[1A[2K[31mChrome 145.0.0.0 (Windows 10) AdminDashboardComponent should update counters with data from services FAILED[39m
	NullInjectorError: R3InjectorError(DynamicTestModule)[ActivatedRoute -> ActivatedRoute]: 
	  NullInjectorError: No provider for ActivatedRoute!
	error properties: Object({ ngTempTokenPath: null, ngTokenPath: [ 'ActivatedRoute', 'ActivatedRoute' ] })
	    at NullInjector.get (node_modules/@angular/core/fesm2022/core.mjs:1663:27)
	    at R3Injector.get (node_modules/@angular/core/fesm2022/core.mjs:3109:33)
	    at R3Injector.get (node_modules/@angular/core/fesm2022/core.mjs:3109:33)
	    at ChainedInjector.get (node_modules/@angular/core/fesm2022/core.mjs:5454:36)
	    at lookupTokenUsingModuleInjector (node_modules/@angular/core/fesm2022/core.mjs:5807:39)
	    at getOrCreateInjectable (node_modules/@angular/core/fesm2022/core.mjs:5855:12)
	    at Module.╔Á╔ÁdirectiveInject (node_modules/@angular/core/fesm2022/core.mjs:11933:19)
	    at NodeInjectorFactory.factory (node_modules/@angular/router/fesm2022/router.mjs:424:104)
	    at getNodeInjectable (node_modules/@angular/core/fesm2022/core.mjs:6067:44)
	    at instantiateAllDirectives (node_modules/@angular/core/fesm2022/core.mjs:12803:27)
Chrome 145.0.0.0 (Windows 10): Executed 69 of 77[31m (50 FAILED)[39m (0 secs / 0.32 secs)
[1A[2KChrome 145.0.0.0 (Windows 10): Executed 70 of 77[31m (50 FAILED)[39m (0 secs / 0.323 secs)
[1A[2K[31mChrome 145.0.0.0 (Windows 10) DetalleCuentoComponent should create FAILED[39m
	Error: Unexpected directive 'DetalleCuentoComponent' imported by the module 'DynamicTestModule'. Please add an @NgModule annotation.
	    at verifySemanticsOfNgModuleImport (node_modules/@angular/core/fesm2022/core.mjs:30215:19)
	    at forEach (node_modules/@angular/core/fesm2022/core.mjs:30109:9)
	    at Array.forEach (<anonymous>)
	    at verifySemanticsOfNgModuleDef (node_modules/@angular/core/fesm2022/core.mjs:30108:10)
	    at DynamicTestModule.get (node_modules/@angular/core/fesm2022/core.mjs:30056:30)
	    at TestBedCompiler.applyProviderOverridesInScope (node_modules/@angular/core/fesm2022/testing.mjs:1213:33)
	    at TestBedCompiler.compileTestModule (node_modules/@angular/core/fesm2022/testing.mjs:1536:14)
	    at TestBedCompiler.finalize (node_modules/@angular/core/fesm2022/testing.mjs:1038:14)
	    at TestBedImpl.testModuleRef (node_modules/@angular/core/fesm2022/testing.mjs:2071:49)
	    at TestBedImpl.inject (node_modules/@angular/core/fesm2022/testing.mjs:1973:29)
Chrome 145.0.0.0 (Windows 10): Executed 71 of 77[31m (51 FAILED)[39m (0 secs / 0.349 secs)
[1A[2K[31mChrome 145.0.0.0 (Windows 10) AdminCuentosComponent should create FAILED[39m
	Error: Unexpected directive 'AdminCuentosComponent' imported by the module 'DynamicTestModule'. Please add an @NgModule annotation.
	    at verifySemanticsOfNgModuleImport (node_modules/@angular/core/fesm2022/core.mjs:30215:19)
	    at forEach (node_modules/@angular/core/fesm2022/core.mjs:30109:9)
	    at Array.forEach (<anonymous>)
	    at verifySemanticsOfNgModuleDef (node_modules/@angular/core/fesm2022/core.mjs:30108:10)
	    at DynamicTestModule.get (node_modules/@angular/core/fesm2022/core.mjs:30056:30)
	    at TestBedCompiler.applyProviderOverridesInScope (node_modules/@angular/core/fesm2022/testing.mjs:1213:33)
	    at TestBedCompiler.compileTestModule (node_modules/@angular/core/fesm2022/testing.mjs:1536:14)
	    at TestBedCompiler.finalize (node_modules/@angular/core/fesm2022/testing.mjs:1038:14)
	    at TestBedImpl.testModuleRef (node_modules/@angular/core/fesm2022/testing.mjs:2071:49)
	    at TestBedImpl.inject (node_modules/@angular/core/fesm2022/testing.mjs:1973:29)
Chrome 145.0.0.0 (Windows 10): Executed 72 of 77[31m (52 FAILED)[39m (0 secs / 0.356 secs)
[1A[2KChrome 145.0.0.0 (Windows 10): Executed 73 of 77[31m (52 FAILED)[39m (0 secs / 0.372 secs)
[1A[2KChrome 145.0.0.0 (Windows 10): Executed 74 of 77[31m (52 FAILED)[39m (0 secs / 0.379 secs)
[1A[2K[31mChrome 145.0.0.0 (Windows 10) AppComponent should create the app FAILED[39m
	NullInjectorError: R3InjectorError(Standalone[AppComponent])[AuthService -> AuthService -> HttpClient -> HttpClient]: 
	  NullInjectorError: No provider for HttpClient!
	error properties: Object({ ngTempTokenPath: null, ngTokenPath: [ 'AuthService', 'AuthService', 'HttpClient', 'HttpClient' ] })
	    at NullInjector.get (node_modules/@angular/core/fesm2022/core.mjs:1663:27)
	    at R3Injector.get (node_modules/@angular/core/fesm2022/core.mjs:3109:33)
	    at R3Injector.get (node_modules/@angular/core/fesm2022/core.mjs:3109:33)
	    at injectInjectorOnly (node_modules/@angular/core/fesm2022/core.mjs:1107:40)
	    at ╔Á╔Áinject (node_modules/@angular/core/fesm2022/core.mjs:1113:60)
	    at Object.factory (ng:///AuthService/╔Áfac.js:4:55)
	    at callback (node_modules/@angular/core/fesm2022/core.mjs:3237:47)
	    at runInInjectorProfilerContext (node_modules/@angular/core/fesm2022/core.mjs:872:9)
	    at R3Injector.hydrate (node_modules/@angular/core/fesm2022/core.mjs:3236:21)
	    at R3Injector.get (node_modules/@angular/core/fesm2022/core.mjs:3099:33)
Chrome 145.0.0.0 (Windows 10): Executed 75 of 77[31m (53 FAILED)[39m (0 secs / 0.391 secs)
[1A[2K[31mChrome 145.0.0.0 (Windows 10) AppComponent should have the 'cuentos-killa-FE' title FAILED[39m
	NullInjectorError: R3InjectorError(Standalone[AppComponent])[AuthService -> AuthService -> HttpClient -> HttpClient]: 
	  NullInjectorError: No provider for HttpClient!
	error properties: Object({ ngTempTokenPath: null, ngTokenPath: [ 'AuthService', 'AuthService', 'HttpClient', 'HttpClient' ] })
	    at NullInjector.get (node_modules/@angular/core/fesm2022/core.mjs:1663:27)
	    at R3Injector.get (node_modules/@angular/core/fesm2022/core.mjs:3109:33)
	    at R3Injector.get (node_modules/@angular/core/fesm2022/core.mjs:3109:33)
	    at injectInjectorOnly (node_modules/@angular/core/fesm2022/core.mjs:1107:40)
	    at ╔Á╔Áinject (node_modules/@angular/core/fesm2022/core.mjs:1113:60)
	    at Object.factory (ng:///AuthService/╔Áfac.js:4:55)
	    at callback (node_modules/@angular/core/fesm2022/core.mjs:3237:47)
	    at runInInjectorProfilerContext (node_modules/@angular/core/fesm2022/core.mjs:872:9)
	    at R3Injector.hydrate (node_modules/@angular/core/fesm2022/core.mjs:3236:21)
	    at R3Injector.get (node_modules/@angular/core/fesm2022/core.mjs:3099:33)
Chrome 145.0.0.0 (Windows 10): Executed 76 of 77[31m (54 FAILED)[39m (0 secs / 0.394 secs)
[1A[2K[31mChrome 145.0.0.0 (Windows 10) AppComponent should render title FAILED[39m
	NullInjectorError: R3InjectorError(Standalone[AppComponent])[AuthService -> AuthService -> HttpClient -> HttpClient]: 
	  NullInjectorError: No provider for HttpClient!
	error properties: Object({ ngTempTokenPath: null, ngTokenPath: [ 'AuthService', 'AuthService', 'HttpClient', 'HttpClient' ] })
	    at NullInjector.get (node_modules/@angular/core/fesm2022/core.mjs:1663:27)
	    at R3Injector.get (node_modules/@angular/core/fesm2022/core.mjs:3109:33)
	    at R3Injector.get (node_modules/@angular/core/fesm2022/core.mjs:3109:33)
	    at injectInjectorOnly (node_modules/@angular/core/fesm2022/core.mjs:1107:40)
	    at ╔Á╔Áinject (node_modules/@angular/core/fesm2022/core.mjs:1113:60)
	    at Object.factory (ng:///AuthService/╔Áfac.js:4:55)
	    at callback (node_modules/@angular/core/fesm2022/core.mjs:3237:47)
	    at runInInjectorProfilerContext (node_modules/@angular/core/fesm2022/core.mjs:872:9)
	    at R3Injector.hydrate (node_modules/@angular/core/fesm2022/core.mjs:3236:21)
	    at R3Injector.get (node_modules/@angular/core/fesm2022/core.mjs:3099:33)
Chrome 145.0.0.0 (Windows 10): Executed 77 of 77[31m (55 FAILED)[39m (0 secs / 0.396 secs)
[1A[2KChrome 145.0.0.0 (Windows 10): Executed 77 of 77[31m (55 FAILED)[39m (0.458 secs / 0.396 secs)
[31mTOTAL: 55 FAILED, 22 SUCCESS[39m
