
> cuentos-killa-fe@0.0.0 test
> ng test

node.exe : - Generating browser application bundles (phase: setup)...
En C:\Program Files\nodejs\npm.ps1: 29 Carácter: 3
+   & $NODE_EXE $NPM_CLI_JS $args
+   ~~~~~~~~~~~~~~~~~~~~~~~~~~~~~
    + CategoryInfo          : NotSpecified: (- Generating br...hase: setup)...:String) [], RemoteException
    + FullyQualifiedErrorId : NativeCommandError
 
ÔêÜ Browser application bundle generation complete.
[33m27 02 2026 17:44:24.685:WARN [karma]: [39mNo captured browser, open http://localhost:9883/
[32m27 02 2026 17:44:24.730:INFO [karma-server]: [39mKarma v6.4.4 server started at http://localhost:9883/
[32m27 02 2026 17:44:24.730:INFO [launcher]: [39mLaunching browsers Chrome with concurrency unlimited
[32m27 02 2026 17:44:24.737:INFO [launcher]: [39mStarting browser Chrome
[32m27 02 2026 17:44:26.620:INFO [Chrome 145.0.0.0 (Windows 10)]: [39mConnected on socket yEutn4--UtsXFImbAAAB with id 26745421
Chrome 145.0.0.0 (Windows 10): Executed 0 of 75[32m SUCCESS[39m (0 secs / 0 secs)
[1A[2KChrome 145.0.0.0 (Windows 10): Executed 1 of 75[32m SUCCESS[39m (0 secs / 0.091 secs)
[33m27 02 2026 17:44:28.816:WARN [web-server]: [39m404: /_karma_webpack_/assets/icons/dashboard.svg
[33m27 02 2026 17:44:28.817:WARN [web-server]: [39m404: /_karma_webpack_/assets/icons/cuentos.svg
[1A[2KChrome 145.0.0.0 (Windows 10): Executed 2 of 75[32m SUCCESS[39m (0 secs / 0.109 secs)
[33m27 02 2026 17:44:28.836:WARN [web-server]: [39m404: /_karma_webpack_/assets/icons/pedidos.svg
[33m27 02 2026 17:44:28.836:WARN [web-server]: [39m404: /_karma_webpack_/assets/icons/usuarios.svg
[1A[2K[31mChrome 145.0.0.0 (Windows 10) AdminPedidosComponent should not call service when canceling FAILED[39m
	NullInjectorError: R3InjectorError(DynamicTestModule)[ActivatedRoute -> ActivatedRoute]: 
	  NullInjectorError: No provider for ActivatedRoute!
	error properties: Object({ ngTempTokenPath: null, ngTokenPath: [ 'ActivatedRoute', 'ActivatedRoute' ] })
	    at NullInjector.get (node_modules/@angular/core/fesm2022/core.mjs:1663:27)
	    at R3Injector.get (node_modules/@angular/core/fesm2022/core.mjs:3109:33)
	    at R3Injector.get (node_modules/@angular/core/fesm2022/core.mjs:3109:33)
	    at ChainedInjector.get (node_modules/@angular/core/fesm2022/core.mjs:5454:36)
	    at lookupTokenUsingModuleInjector (node_modules/@angular/core/fesm2022/core.mjs:5807:39)
	    at getOrCreateInjectable (node_modules/@angular/core/fesm2022/core.mjs:5855:12)
	    at ╔Á╔ÁdirectiveInject (node_modules/@angular/core/fesm2022/core.mjs:11933:19)
	    at NodeInjectorFactory.factory (ng:///AdminPedidosComponent/╔Áfac.js:5:7)
	    at getNodeInjectable (node_modules/@angular/core/fesm2022/core.mjs:6067:44)
	    at createRootComponent (node_modules/@angular/core/fesm2022/core.mjs:16916:35)
Chrome 145.0.0.0 (Windows 10): Executed 3 of 75[31m (1 FAILED)[39m (0 secs / 0.157 secs)
[33m27 02 2026 17:44:28.886:WARN [web-server]: [39m404: /_karma_webpack_/assets/icons/config.svg
[1A[2K[31mChrome 145.0.0.0 (Windows 10) AdminPedidosComponent trackByPedidoId should return Id when present FAILED[39m
	NullInjectorError: R3InjectorError(DynamicTestModule)[ActivatedRoute -> ActivatedRoute]: 
	  NullInjectorError: No provider for ActivatedRoute!
	error properties: Object({ ngTempTokenPath: null, ngTokenPath: [ 'ActivatedRoute', 'ActivatedRoute' ] })
	    at NullInjector.get (node_modules/@angular/core/fesm2022/core.mjs:1663:27)
	    at R3Injector.get (node_modules/@angular/core/fesm2022/core.mjs:3109:33)
	    at R3Injector.get (node_modules/@angular/core/fesm2022/core.mjs:3109:33)
	    at ChainedInjector.get (node_modules/@angular/core/fesm2022/core.mjs:5454:36)
	    at lookupTokenUsingModuleInjector (node_modules/@angular/core/fesm2022/core.mjs:5807:39)
	    at getOrCreateInjectable (node_modules/@angular/core/fesm2022/core.mjs:5855:12)
	    at ╔Á╔ÁdirectiveInject (node_modules/@angular/core/fesm2022/core.mjs:11933:19)
	    at NodeInjectorFactory.factory (ng:///AdminPedidosComponent/╔Áfac.js:5:7)
	    at getNodeInjectable (node_modules/@angular/core/fesm2022/core.mjs:6067:44)
	    at createRootComponent (node_modules/@angular/core/fesm2022/core.mjs:16916:35)
Chrome 145.0.0.0 (Windows 10): Executed 4 of 75[31m (2 FAILED)[39m (0 secs / 0.161 secs)
[1A[2K[31mChrome 145.0.0.0 (Windows 10) AdminPedidosComponent trackByPedidoId should fall back to id when Id is undefined FAILED[39m
	NullInjectorError: R3InjectorError(DynamicTestModule)[ActivatedRoute -> ActivatedRoute]: 
	  NullInjectorError: No provider for ActivatedRoute!
	error properties: Object({ ngTempTokenPath: null, ngTokenPath: [ 'ActivatedRoute', 'ActivatedRoute' ] })
	    at NullInjector.get (node_modules/@angular/core/fesm2022/core.mjs:1663:27)
	    at R3Injector.get (node_modules/@angular/core/fesm2022/core.mjs:3109:33)
	    at R3Injector.get (node_modules/@angular/core/fesm2022/core.mjs:3109:33)
	    at ChainedInjector.get (node_modules/@angular/core/fesm2022/core.mjs:5454:36)
	    at lookupTokenUsingModuleInjector (node_modules/@angular/core/fesm2022/core.mjs:5807:39)
	    at getOrCreateInjectable (node_modules/@angular/core/fesm2022/core.mjs:5855:12)
	    at ╔Á╔ÁdirectiveInject (node_modules/@angular/core/fesm2022/core.mjs:11933:19)
	    at NodeInjectorFactory.factory (ng:///AdminPedidosComponent/╔Áfac.js:5:7)
	    at getNodeInjectable (node_modules/@angular/core/fesm2022/core.mjs:6067:44)
	    at createRootComponent (node_modules/@angular/core/fesm2022/core.mjs:16916:35)
Chrome 145.0.0.0 (Windows 10): Executed 5 of 75[31m (3 FAILED)[39m (0 secs / 0.164 secs)
[1A[2K[31mChrome 145.0.0.0 (Windows 10) AdminPedidosComponent should open dialog on rechazarPago and call service on confirm FAILED[39m
	NullInjectorError: R3InjectorError(DynamicTestModule)[ActivatedRoute -> ActivatedRoute]: 
	  NullInjectorError: No provider for ActivatedRoute!
	error properties: Object({ ngTempTokenPath: null, ngTokenPath: [ 'ActivatedRoute', 'ActivatedRoute' ] })
	    at NullInjector.get (node_modules/@angular/core/fesm2022/core.mjs:1663:27)
	    at R3Injector.get (node_modules/@angular/core/fesm2022/core.mjs:3109:33)
	    at R3Injector.get (node_modules/@angular/core/fesm2022/core.mjs:3109:33)
	    at ChainedInjector.get (node_modules/@angular/core/fesm2022/core.mjs:5454:36)
	    at lookupTokenUsingModuleInjector (node_modules/@angular/core/fesm2022/core.mjs:5807:39)
	    at getOrCreateInjectable (node_modules/@angular/core/fesm2022/core.mjs:5855:12)
	    at ╔Á╔ÁdirectiveInject (node_modules/@angular/core/fesm2022/core.mjs:11933:19)
	    at NodeInjectorFactory.factory (ng:///AdminPedidosComponent/╔Áfac.js:5:7)
	    at getNodeInjectable (node_modules/@angular/core/fesm2022/core.mjs:6067:44)
	    at createRootComponent (node_modules/@angular/core/fesm2022/core.mjs:16916:35)
Chrome 145.0.0.0 (Windows 10): Executed 6 of 75[31m (4 FAILED)[39m (0 secs / 0.166 secs)
[1A[2K[31mChrome 145.0.0.0 (Windows 10) AdminPedidosComponent should create FAILED[39m
	NullInjectorError: R3InjectorError(DynamicTestModule)[ActivatedRoute -> ActivatedRoute]: 
	  NullInjectorError: No provider for ActivatedRoute!
	error properties: Object({ ngTempTokenPath: null, ngTokenPath: [ 'ActivatedRoute', 'ActivatedRoute' ] })
	    at NullInjector.get (node_modules/@angular/core/fesm2022/core.mjs:1663:27)
	    at R3Injector.get (node_modules/@angular/core/fesm2022/core.mjs:3109:33)
	    at R3Injector.get (node_modules/@angular/core/fesm2022/core.mjs:3109:33)
	    at ChainedInjector.get (node_modules/@angular/core/fesm2022/core.mjs:5454:36)
	    at lookupTokenUsingModuleInjector (node_modules/@angular/core/fesm2022/core.mjs:5807:39)
	    at getOrCreateInjectable (node_modules/@angular/core/fesm2022/core.mjs:5855:12)
	    at ╔Á╔ÁdirectiveInject (node_modules/@angular/core/fesm2022/core.mjs:11933:19)
	    at NodeInjectorFactory.factory (ng:///AdminPedidosComponent/╔Áfac.js:5:7)
	    at getNodeInjectable (node_modules/@angular/core/fesm2022/core.mjs:6067:44)
	    at createRootComponent (node_modules/@angular/core/fesm2022/core.mjs:16916:35)
Chrome 145.0.0.0 (Windows 10): Executed 7 of 75[31m (5 FAILED)[39m (0 secs / 0.169 secs)
[1A[2K[31mChrome 145.0.0.0 (Windows 10) OrderListComponent ngOnInit should assign pedidos on successful data fetch FAILED[39m
	Expected 0 to be 2.
	    at <Jasmine>
	    at UserContext.apply (src/app/components/pages/order-list/order-list.component.spec.ts:69:40)
	    at UserContext.apply (node_modules/zone.js/fesm2015/zone-testing.js:1702:26)
	    at _ZoneDelegate.invoke (node_modules/zone.js/fesm2015/zone.js:369:28)
	    at ProxyZoneSpec.onInvoke (node_modules/zone.js/fesm2015/zone-testing.js:2081:39)
	Expected $.length = 0 to equal 2.
	Expected $[0] = undefined to equal Object({ id: 1, fecha: '2023-01-15T10:00:00Z', nombre: 'Cliente A', correo: 'a@a.com', direccion: 'Dir A', telefono: '123', items: [  ], total: 100, estado: 'ENTREGADO', userId: 1, correoUsuario: 'a@a.com' }).
	Expected $[1] = undefined to equal Object({ id: 2, fecha: '2023-01-16T11:00:00Z', nombre: 'Cliente B', correo: 'b@b.com', direccion: 'Dir B', telefono: '456', items: [  ], total: 200, estado: 'PAGO_PENDIENTE', userId: 2, correoUsuario: 'b@b.com' }).
	    at <Jasmine>
	    at UserContext.apply (src/app/components/pages/order-list/order-list.component.spec.ts:70:33)
	    at UserContext.apply (node_modules/zone.js/fesm2015/zone-testing.js:1702:26)
	    at _ZoneDelegate.invoke (node_modules/zone.js/fesm2015/zone.js:369:28)
	    at ProxyZoneSpec.onInvoke (node_modules/zone.js/fesm2015/zone-testing.js:2081:39)
Chrome 145.0.0.0 (Windows 10): Executed 8 of 75[31m (6 FAILED)[39m (0 secs / 0.196 secs)
[1A[2KERROR: [36m'Error fetching orders:', Object{status: 500, message: 'Server Error'}[39m
Chrome 145.0.0.0 (Windows 10): Executed 8 of 75[31m (6 FAILED)[39m (0 secs / 0.196 secs)
ERROR: 'Error fetching orders:', Object{status: 500, message: 'Server Error'}
[1A[2KChrome 145.0.0.0 (Windows 10): Executed 9 of 75[31m (6 FAILED)[39m (0 secs / 0.2 secs)
[1A[2KChrome 145.0.0.0 (Windows 10): Executed 10 of 75[31m (6 FAILED)[39m (0 secs / 0.204 secs)
[1A[2KChrome 145.0.0.0 (Windows 10): Executed 11 of 75[31m (6 FAILED)[39m (0 secs / 0.207 secs)
[1A[2K[31mChrome 145.0.0.0 (Windows 10) OrderListComponent Template Rendering should display "Cargando pedidos..." when isLoading is true FAILED[39m
	TypeError: Cannot read properties of undefined (reading 'subscribe')
	    at OrderListComponent.loadOrders (src/app/components/pages/order-list/order-list.component.ts:63:35)
	    at OrderListComponent.call [as ngOnInit] (src/app/components/pages/order-list/order-list.component.ts:55:10)
	    at callHookInternal (node_modules/@angular/core/fesm2022/core.mjs:5154:14)
	    at callHook (node_modules/@angular/core/fesm2022/core.mjs:5181:13)
	    at callHooks (node_modules/@angular/core/fesm2022/core.mjs:5135:17)
	    at executeInitAndCheckHooks (node_modules/@angular/core/fesm2022/core.mjs:5085:9)
	    at refreshView (node_modules/@angular/core/fesm2022/core.mjs:13792:21)
	    at detectChangesInView (node_modules/@angular/core/fesm2022/core.mjs:13993:9)
	    at detectChangesInViewWhileDirty (node_modules/@angular/core/fesm2022/core.mjs:13688:9)
	    at detectChangesInternal (node_modules/@angular/core/fesm2022/core.mjs:13667:9)
Chrome 145.0.0.0 (Windows 10): Executed 12 of 75[31m (7 FAILED)[39m (0 secs / 0.211 secs)
[1A[2K[31mChrome 145.0.0.0 (Windows 10) OrderListComponent Template Rendering should call irAPago when primary action button is clicked FAILED[39m
	TypeError: Cannot read properties of null (reading 'triggerEventHandler')
	    at UserContext.apply (src/app/components/pages/order-list/order-list.component.spec.ts:160:14)
	    at UserContext.apply (node_modules/zone.js/fesm2015/zone-testing.js:1702:26)
	    at _ZoneDelegate.invoke (node_modules/zone.js/fesm2015/zone.js:369:28)
	    at ProxyZoneSpec.onInvoke (node_modules/zone.js/fesm2015/zone-testing.js:2081:39)
	    at _ZoneDelegate.invoke (node_modules/zone.js/fesm2015/zone.js:368:34)
	    at ZoneImpl.run (node_modules/zone.js/fesm2015/zone.js:111:43)
	    at runInTestZone (node_modules/zone.js/fesm2015/zone-testing.js:216:38)
	    at UserContext.<anonymous> (node_modules/zone.js/fesm2015/zone-testing.js:234:32)
	    at <Jasmine>
Chrome 145.0.0.0 (Windows 10): Executed 13 of 75[31m (8 FAILED)[39m (0 secs / 0.216 secs)
[1A[2K[31mChrome 145.0.0.0 (Windows 10) OrderListComponent Template Rendering should display error message when errorMensaje is set FAILED[39m
	TypeError: Cannot read properties of undefined (reading 'subscribe')
	    at OrderListComponent.loadOrders (src/app/components/pages/order-list/order-list.component.ts:63:35)
	    at OrderListComponent.call [as ngOnInit] (src/app/components/pages/order-list/order-list.component.ts:55:10)
	    at callHookInternal (node_modules/@angular/core/fesm2022/core.mjs:5154:14)
	    at callHook (node_modules/@angular/core/fesm2022/core.mjs:5181:13)
	    at callHooks (node_modules/@angular/core/fesm2022/core.mjs:5135:17)
	    at executeInitAndCheckHooks (node_modules/@angular/core/fesm2022/core.mjs:5085:9)
	    at refreshView (node_modules/@angular/core/fesm2022/core.mjs:13792:21)
	    at detectChangesInView (node_modules/@angular/core/fesm2022/core.mjs:13993:9)
	    at detectChangesInViewWhileDirty (node_modules/@angular/core/fesm2022/core.mjs:13688:9)
	    at detectChangesInternal (node_modules/@angular/core/fesm2022/core.mjs:13667:9)
Chrome 145.0.0.0 (Windows 10): Executed 14 of 75[31m (9 FAILED)[39m (0 secs / 0.219 secs)
[1A[2K[31mChrome 145.0.0.0 (Windows 10) OrderListComponent Template Rendering should display "Pedidos" title FAILED[39m
	TypeError: Cannot read properties of undefined (reading 'subscribe')
	    at OrderListComponent.loadOrders (src/app/components/pages/order-list/order-list.component.ts:63:35)
	    at OrderListComponent.call [as ngOnInit] (src/app/components/pages/order-list/order-list.component.ts:55:10)
	    at callHookInternal (node_modules/@angular/core/fesm2022/core.mjs:5154:14)
	    at callHook (node_modules/@angular/core/fesm2022/core.mjs:5181:13)
	    at callHooks (node_modules/@angular/core/fesm2022/core.mjs:5135:17)
	    at executeInitAndCheckHooks (node_modules/@angular/core/fesm2022/core.mjs:5085:9)
	    at refreshView (node_modules/@angular/core/fesm2022/core.mjs:13792:21)
	    at detectChangesInView (node_modules/@angular/core/fesm2022/core.mjs:13993:9)
	    at detectChangesInViewWhileDirty (node_modules/@angular/core/fesm2022/core.mjs:13688:9)
	    at detectChangesInternal (node_modules/@angular/core/fesm2022/core.mjs:13667:9)
Chrome 145.0.0.0 (Windows 10): Executed 15 of 75[31m (10 FAILED)[39m (0 secs / 0.222 secs)
[1A[2K[31mChrome 145.0.0.0 (Windows 10) OrderListComponent Template Rendering should render order cards when pedidos has data FAILED[39m
	Expected 0 to be 2.
	    at <Jasmine>
	    at UserContext.apply (src/app/components/pages/order-list/order-list.component.spec.ts:134:32)
	    at UserContext.apply (node_modules/zone.js/fesm2015/zone-testing.js:1702:26)
	    at _ZoneDelegate.invoke (node_modules/zone.js/fesm2015/zone.js:369:28)
	    at ProxyZoneSpec.onInvoke (node_modules/zone.js/fesm2015/zone-testing.js:2081:39)
	TypeError: Cannot read properties of undefined (reading 'query')
	    at UserContext.apply (src/app/components/pages/order-list/order-list.component.spec.ts:137:23)
	    at UserContext.apply (node_modules/zone.js/fesm2015/zone-testing.js:1702:26)
	    at _ZoneDelegate.invoke (node_modules/zone.js/fesm2015/zone.js:369:28)
	    at ProxyZoneSpec.onInvoke (node_modules/zone.js/fesm2015/zone-testing.js:2081:39)
	    at _ZoneDelegate.invoke (node_modules/zone.js/fesm2015/zone.js:368:34)
	    at ZoneImpl.run (node_modules/zone.js/fesm2015/zone.js:111:43)
	    at runInTestZone (node_modules/zone.js/fesm2015/zone-testing.js:216:38)
	    at UserContext.<anonymous> (node_modules/zone.js/fesm2015/zone-testing.js:234:32)
	    at <Jasmine>
Chrome 145.0.0.0 (Windows 10): Executed 16 of 75[31m (11 FAILED)[39m (0 secs / 0.226 secs)
[1A[2K[31mChrome 145.0.0.0 (Windows 10) OrderListComponent Template Rendering should display "A├║n no tienes pedidos." when pedidos is empty and not loading and no error FAILED[39m
	TypeError: Cannot read properties of undefined (reading 'subscribe')
	    at OrderListComponent.loadOrders (src/app/components/pages/order-list/order-list.component.ts:63:35)
	    at OrderListComponent.call [as ngOnInit] (src/app/components/pages/order-list/order-list.component.ts:55:10)
	    at callHookInternal (node_modules/@angular/core/fesm2022/core.mjs:5154:14)
	    at callHook (node_modules/@angular/core/fesm2022/core.mjs:5181:13)
	    at callHooks (node_modules/@angular/core/fesm2022/core.mjs:5135:17)
	    at executeInitAndCheckHooks (node_modules/@angular/core/fesm2022/core.mjs:5085:9)
	    at refreshView (node_modules/@angular/core/fesm2022/core.mjs:13792:21)
	    at detectChangesInView (node_modules/@angular/core/fesm2022/core.mjs:13993:9)
	    at detectChangesInViewWhileDirty (node_modules/@angular/core/fesm2022/core.mjs:13688:9)
	    at detectChangesInternal (node_modules/@angular/core/fesm2022/core.mjs:13667:9)
Chrome 145.0.0.0 (Windows 10): Executed 17 of 75[31m (12 FAILED)[39m (0 secs / 0.229 secs)
[1A[2KChrome 145.0.0.0 (Windows 10): Executed 18 of 75[31m (12 FAILED)[39m (0 secs / 0.233 secs)
[1A[2KChrome 145.0.0.0 (Windows 10): Executed 19 of 75[31m (12 FAILED)[39m (0 secs / 0.24 secs)
[1A[2KChrome 145.0.0.0 (Windows 10): Executed 20 of 75[31m (12 FAILED)[39m (0 secs / 0.284 secs)
[1A[2KChrome 145.0.0.0 (Windows 10): Executed 21 of 75[31m (12 FAILED)[39m (0 secs / 0.363 secs)
[1A[2KChrome 145.0.0.0 (Windows 10): Executed 22 of 75[31m (12 FAILED)[39m (0 secs / 0.365 secs)
[1A[2KChrome 145.0.0.0 (Windows 10): Executed 23 of 75[31m (12 FAILED)[39m (0 secs / 0.388 secs)
[1A[2KChrome 145.0.0.0 (Windows 10): Executed 24 of 75[31m (12 FAILED)[39m (0 secs / 0.407 secs)
[1A[2KChrome 145.0.0.0 (Windows 10): Executed 25 of 75[31m (12 FAILED)[39m (0 secs / 0.415 secs)
[1A[2K[31mChrome 145.0.0.0 (Windows 10) LoginComponent should create FAILED[39m
	Error: NG0304: 'app-form-error' is not a known element (used in the 'LoginComponent' component template):
	1. If 'app-form-error' is an Angular component, then verify that it is included in the '@Component.imports' of this component.
	2. If 'app-form-error' is a Web Component then add 'CUSTOM_ELEMENTS_SCHEMA' to the '@Component.schemas' of this component to suppress this message.
	error properties: Object({ code: 304 })
	    at validateElementIsKnown (node_modules/@angular/core/fesm2022/core.mjs:10533:23)
	    at ╔Á╔ÁelementStart (node_modules/@angular/core/fesm2022/core.mjs:24343:9)
	    at ╔Á╔Áelement (node_modules/@angular/core/fesm2022/core.mjs:24418:5)
	    at templateFn (ng:///LoginComponent.js:36:38)
	    at executeTemplate (node_modules/@angular/core/fesm2022/core.mjs:12159:9)
	    at renderView (node_modules/@angular/core/fesm2022/core.mjs:13366:13)
	    at renderComponent (node_modules/@angular/core/fesm2022/core.mjs:13312:5)
	    at renderChildComponents (node_modules/@angular/core/fesm2022/core.mjs:13414:9)
	    at renderView (node_modules/@angular/core/fesm2022/core.mjs:13394:13)
	    at ComponentFactory.create (node_modules/@angular/core/fesm2022/core.mjs:16768:17)
Chrome 145.0.0.0 (Windows 10): Executed 26 of 75[31m (13 FAILED)[39m (0 secs / 0.425 secs)
[1A[2KChrome 145.0.0.0 (Windows 10): Executed 27 of 75[31m (13 FAILED)[39m (0 secs / 0.44 secs)
[1A[2KChrome 145.0.0.0 (Windows 10): Executed 28 of 75[31m (13 FAILED)[39m (0 secs / 0.445 secs)
[1A[2KChrome 145.0.0.0 (Windows 10): Executed 29 of 75[31m (13 FAILED)[39m (0 secs / 0.448 secs)
[1A[2KChrome 145.0.0.0 (Windows 10): Executed 30 of 75[31m (13 FAILED)[39m (0 secs / 0.451 secs)
[1A[2KChrome 145.0.0.0 (Windows 10): Executed 31 of 75[31m (13 FAILED)[39m (0 secs / 0.458 secs)
[1A[2KChrome 145.0.0.0 (Windows 10): Executed 32 of 75[31m (13 FAILED)[39m (0 secs / 0.484 secs)
[1A[2KChrome 145.0.0.0 (Windows 10): Executed 33 of 75[31m (13 FAILED)[39m (0 secs / 0.5 secs)
[1A[2KChrome 145.0.0.0 (Windows 10): Executed 34 of 75[31m (13 FAILED)[39m (0 secs / 0.504 secs)
[1A[2KChrome 145.0.0.0 (Windows 10): Executed 35 of 75[31m (13 FAILED)[39m (0 secs / 0.506 secs)
[1A[2KChrome 145.0.0.0 (Windows 10): Executed 36 of 75[31m (13 FAILED)[39m (0 secs / 0.507 secs)
[1A[2KChrome 145.0.0.0 (Windows 10): Executed 37 of 75[31m (13 FAILED)[39m (0 secs / 0.508 secs)
[1A[2K[31mChrome 145.0.0.0 (Windows 10) PedidoService getOrderById should handle non-numeric or invalid ID for getOrderById gracefully (compile-time check) FAILED[39m
	Error: Expected one matching request for criteria "Match URL: http://localhost:8080/api/orders/NaN", found none.
	    at HttpClientTestingBackend.expectOne (node_modules/@angular/common/fesm2022/http/testing.mjs:270:19)
	    at UserContext.apply (src/app/services/pedido.service.spec.ts:97:28)
	    at _ZoneDelegate.invoke (node_modules/zone.js/fesm2015/zone.js:369:28)
	    at ProxyZoneSpec.onInvoke (node_modules/zone.js/fesm2015/zone-testing.js:2081:39)
	    at _ZoneDelegate.invoke (node_modules/zone.js/fesm2015/zone.js:368:34)
	    at ZoneImpl.run (node_modules/zone.js/fesm2015/zone.js:111:43)
	    at runInTestZone (node_modules/zone.js/fesm2015/zone-testing.js:216:38)
	    at UserContext.<anonymous> (node_modules/zone.js/fesm2015/zone-testing.js:234:32)
	    at <Jasmine>
Chrome 145.0.0.0 (Windows 10): Executed 38 of 75[31m (14 FAILED)[39m (0 secs / 0.509 secs)
[1A[2KChrome 145.0.0.0 (Windows 10): Executed 39 of 75[31m (14 FAILED)[39m (0 secs / 0.509 secs)
[1A[2KChrome 145.0.0.0 (Windows 10): Executed 40 of 75[31m (14 FAILED)[39m (0 secs / 0.514 secs)
[1A[2K[31mChrome 145.0.0.0 (Windows 10) PagoComponent ngOnInit - Mercado Pago Callback should handle error if confirmarPagoMercadoPago fails FAILED[39m
	TypeError: this.pedidoService.getOrderById is not a function
	    at PagoComponent.call [as ngOnInit] (src/app/components/pages/pago/pago.component.ts:36:24)
	    at callHookInternal (node_modules/@angular/core/fesm2022/core.mjs:5154:14)
	    at callHook (node_modules/@angular/core/fesm2022/core.mjs:5181:13)
	    at callHooks (node_modules/@angular/core/fesm2022/core.mjs:5135:17)
	    at executeInitAndCheckHooks (node_modules/@angular/core/fesm2022/core.mjs:5085:9)
	    at refreshView (node_modules/@angular/core/fesm2022/core.mjs:13792:21)
	    at detectChangesInView (node_modules/@angular/core/fesm2022/core.mjs:13993:9)
	    at detectChangesInViewWhileDirty (node_modules/@angular/core/fesm2022/core.mjs:13688:9)
	    at detectChangesInternal (node_modules/@angular/core/fesm2022/core.mjs:13667:9)
	    at ViewRef$1.detectChanges (node_modules/@angular/core/fesm2022/core.mjs:14297:9)
Chrome 145.0.0.0 (Windows 10): Executed 41 of 75[31m (15 FAILED)[39m (0 secs / 0.527 secs)
[1A[2K[31mChrome 145.0.0.0 (Windows 10) PagoComponent ngOnInit - Mercado Pago Callback should show info message if payment status is not "approved" but external_reference matches FAILED[39m
	TypeError: this.pedidoService.getOrderById is not a function
	    at PagoComponent.call [as ngOnInit] (src/app/components/pages/pago/pago.component.ts:36:24)
	    at callHookInternal (node_modules/@angular/core/fesm2022/core.mjs:5154:14)
	    at callHook (node_modules/@angular/core/fesm2022/core.mjs:5181:13)
	    at callHooks (node_modules/@angular/core/fesm2022/core.mjs:5135:17)
	    at executeInitAndCheckHooks (node_modules/@angular/core/fesm2022/core.mjs:5085:9)
	    at refreshView (node_modules/@angular/core/fesm2022/core.mjs:13792:21)
	    at detectChangesInView (node_modules/@angular/core/fesm2022/core.mjs:13993:9)
	    at detectChangesInViewWhileDirty (node_modules/@angular/core/fesm2022/core.mjs:13688:9)
	    at detectChangesInternal (node_modules/@angular/core/fesm2022/core.mjs:13667:9)
	    at ViewRef$1.detectChanges (node_modules/@angular/core/fesm2022/core.mjs:14297:9)
Chrome 145.0.0.0 (Windows 10): Executed 42 of 75[31m (16 FAILED)[39m (0 secs / 0.53 secs)
[1A[2K[31mChrome 145.0.0.0 (Windows 10) PagoComponent ngOnInit - Mercado Pago Callback should NOT confirm payment if collection_status is not "approved" FAILED[39m
	TypeError: this.pedidoService.getOrderById is not a function
	    at PagoComponent.call [as ngOnInit] (src/app/components/pages/pago/pago.component.ts:36:24)
	    at callHookInternal (node_modules/@angular/core/fesm2022/core.mjs:5154:14)
	    at callHook (node_modules/@angular/core/fesm2022/core.mjs:5181:13)
	    at callHooks (node_modules/@angular/core/fesm2022/core.mjs:5135:17)
	    at executeInitAndCheckHooks (node_modules/@angular/core/fesm2022/core.mjs:5085:9)
	    at refreshView (node_modules/@angular/core/fesm2022/core.mjs:13792:21)
	    at detectChangesInView (node_modules/@angular/core/fesm2022/core.mjs:13993:9)
	    at detectChangesInViewWhileDirty (node_modules/@angular/core/fesm2022/core.mjs:13688:9)
	    at detectChangesInternal (node_modules/@angular/core/fesm2022/core.mjs:13667:9)
	    at ViewRef$1.detectChanges (node_modules/@angular/core/fesm2022/core.mjs:14297:9)
Chrome 145.0.0.0 (Windows 10): Executed 43 of 75[31m (17 FAILED)[39m (0 secs / 0.532 secs)
[1A[2K[31mChrome 145.0.0.0 (Windows 10) PagoComponent ngOnInit - Mercado Pago Callback should NOT confirm payment if external_reference does not match pedidoId FAILED[39m
	TypeError: this.pedidoService.getOrderById is not a function
	    at PagoComponent.call [as ngOnInit] (src/app/components/pages/pago/pago.component.ts:36:24)
	    at callHookInternal (node_modules/@angular/core/fesm2022/core.mjs:5154:14)
	    at callHook (node_modules/@angular/core/fesm2022/core.mjs:5181:13)
	    at callHooks (node_modules/@angular/core/fesm2022/core.mjs:5135:17)
	    at executeInitAndCheckHooks (node_modules/@angular/core/fesm2022/core.mjs:5085:9)
	    at refreshView (node_modules/@angular/core/fesm2022/core.mjs:13792:21)
	    at detectChangesInView (node_modules/@angular/core/fesm2022/core.mjs:13993:9)
	    at detectChangesInViewWhileDirty (node_modules/@angular/core/fesm2022/core.mjs:13688:9)
	    at detectChangesInternal (node_modules/@angular/core/fesm2022/core.mjs:13667:9)
	    at ViewRef$1.detectChanges (node_modules/@angular/core/fesm2022/core.mjs:14297:9)
Chrome 145.0.0.0 (Windows 10): Executed 44 of 75[31m (18 FAILED)[39m (0 secs / 0.534 secs)
[1A[2K[31mChrome 145.0.0.0 (Windows 10) PagoComponent ngOnInit - Mercado Pago Callback should confirm payment if collection_status is "approved" and external_reference matches pedidoId FAILED[39m
	TypeError: this.pedidoService.getOrderById is not a function
	    at PagoComponent.call [as ngOnInit] (src/app/components/pages/pago/pago.component.ts:36:24)
	    at callHookInternal (node_modules/@angular/core/fesm2022/core.mjs:5154:14)
	    at callHook (node_modules/@angular/core/fesm2022/core.mjs:5181:13)
	    at callHooks (node_modules/@angular/core/fesm2022/core.mjs:5135:17)
	    at executeInitAndCheckHooks (node_modules/@angular/core/fesm2022/core.mjs:5085:9)
	    at refreshView (node_modules/@angular/core/fesm2022/core.mjs:13792:21)
	    at detectChangesInView (node_modules/@angular/core/fesm2022/core.mjs:13993:9)
	    at detectChangesInViewWhileDirty (node_modules/@angular/core/fesm2022/core.mjs:13688:9)
	    at detectChangesInternal (node_modules/@angular/core/fesm2022/core.mjs:13667:9)
	    at ViewRef$1.detectChanges (node_modules/@angular/core/fesm2022/core.mjs:14297:9)
Chrome 145.0.0.0 (Windows 10): Executed 45 of 75[31m (19 FAILED)[39m (0 secs / 0.536 secs)
[1A[2K[31mChrome 145.0.0.0 (Windows 10) PagoComponent ngOnInit - Mercado Pago Callback should not call confirmarPagoMercadoPago if no relevant query params are present FAILED[39m
	TypeError: this.pedidoService.getOrderById is not a function
	    at PagoComponent.call [as ngOnInit] (src/app/components/pages/pago/pago.component.ts:36:24)
	    at callHookInternal (node_modules/@angular/core/fesm2022/core.mjs:5154:14)
	    at callHook (node_modules/@angular/core/fesm2022/core.mjs:5181:13)
	    at callHooks (node_modules/@angular/core/fesm2022/core.mjs:5135:17)
	    at executeInitAndCheckHooks (node_modules/@angular/core/fesm2022/core.mjs:5085:9)
	    at refreshView (node_modules/@angular/core/fesm2022/core.mjs:13792:21)
	    at detectChangesInView (node_modules/@angular/core/fesm2022/core.mjs:13993:9)
	    at detectChangesInViewWhileDirty (node_modules/@angular/core/fesm2022/core.mjs:13688:9)
	    at detectChangesInternal (node_modules/@angular/core/fesm2022/core.mjs:13667:9)
	    at ViewRef$1.detectChanges (node_modules/@angular/core/fesm2022/core.mjs:14297:9)
Chrome 145.0.0.0 (Windows 10): Executed 46 of 75[31m (20 FAILED)[39m (0 secs / 0.539 secs)
[1A[2K[31mChrome 145.0.0.0 (Windows 10) PagoComponent should create FAILED[39m
	TypeError: this.pedidoService.getOrderById is not a function
	    at PagoComponent.call [as ngOnInit] (src/app/components/pages/pago/pago.component.ts:36:24)
	    at callHookInternal (node_modules/@angular/core/fesm2022/core.mjs:5154:14)
	    at callHook (node_modules/@angular/core/fesm2022/core.mjs:5181:13)
	    at callHooks (node_modules/@angular/core/fesm2022/core.mjs:5135:17)
	    at executeInitAndCheckHooks (node_modules/@angular/core/fesm2022/core.mjs:5085:9)
	    at refreshView (node_modules/@angular/core/fesm2022/core.mjs:13792:21)
	    at detectChangesInView (node_modules/@angular/core/fesm2022/core.mjs:13993:9)
	    at detectChangesInViewWhileDirty (node_modules/@angular/core/fesm2022/core.mjs:13688:9)
	    at detectChangesInternal (node_modules/@angular/core/fesm2022/core.mjs:13667:9)
	    at ViewRef$1.detectChanges (node_modules/@angular/core/fesm2022/core.mjs:14297:9)
Chrome 145.0.0.0 (Windows 10): Executed 47 of 75[31m (21 FAILED)[39m (0 secs / 0.542 secs)
[1A[2K[31mChrome 145.0.0.0 (Windows 10) PagoComponent pagarConMercadoPagoConfirmado should redirect to the correct Mercado Pago URL FAILED[39m
	TypeError: this.pedidoService.getOrderById is not a function
	    at PagoComponent.call [as ngOnInit] (src/app/components/pages/pago/pago.component.ts:36:24)
	    at callHookInternal (node_modules/@angular/core/fesm2022/core.mjs:5154:14)
	    at callHook (node_modules/@angular/core/fesm2022/core.mjs:5181:13)
	    at callHooks (node_modules/@angular/core/fesm2022/core.mjs:5135:17)
	    at executeInitAndCheckHooks (node_modules/@angular/core/fesm2022/core.mjs:5085:9)
	    at refreshView (node_modules/@angular/core/fesm2022/core.mjs:13792:21)
	    at detectChangesInView (node_modules/@angular/core/fesm2022/core.mjs:13993:9)
	    at detectChangesInViewWhileDirty (node_modules/@angular/core/fesm2022/core.mjs:13688:9)
	    at detectChangesInternal (node_modules/@angular/core/fesm2022/core.mjs:13667:9)
	    at ViewRef$1.detectChanges (node_modules/@angular/core/fesm2022/core.mjs:14297:9)
Chrome 145.0.0.0 (Windows 10): Executed 48 of 75[31m (22 FAILED)[39m (0 secs / 0.544 secs)
[1A[2K[31mChrome 145.0.0.0 (Windows 10) PagoComponent should fetch order status on init FAILED[39m
	TypeError: this.pedidoService.getOrderById is not a function
	    at PagoComponent.call [as ngOnInit] (src/app/components/pages/pago/pago.component.ts:36:24)
	    at callHookInternal (node_modules/@angular/core/fesm2022/core.mjs:5154:14)
	    at callHook (node_modules/@angular/core/fesm2022/core.mjs:5181:13)
	    at callHooks (node_modules/@angular/core/fesm2022/core.mjs:5135:17)
	    at executeInitAndCheckHooks (node_modules/@angular/core/fesm2022/core.mjs:5085:9)
	    at refreshView (node_modules/@angular/core/fesm2022/core.mjs:13792:21)
	    at detectChangesInView (node_modules/@angular/core/fesm2022/core.mjs:13993:9)
	    at detectChangesInViewWhileDirty (node_modules/@angular/core/fesm2022/core.mjs:13688:9)
	    at detectChangesInternal (node_modules/@angular/core/fesm2022/core.mjs:13667:9)
	    at ViewRef$1.detectChanges (node_modules/@angular/core/fesm2022/core.mjs:14297:9)
Chrome 145.0.0.0 (Windows 10): Executed 49 of 75[31m (23 FAILED)[39m (0 secs / 0.546 secs)
[1A[2KChrome 145.0.0.0 (Windows 10): Executed 50 of 75[31m (23 FAILED)[39m (0 secs / 0.547 secs)
[1A[2KChrome 145.0.0.0 (Windows 10): Executed 51 of 75[31m (23 FAILED)[39m (0 secs / 0.549 secs)
[1A[2KChrome 145.0.0.0 (Windows 10): Executed 52 of 75[31m (23 FAILED)[39m (0 secs / 0.551 secs)
[1A[2KChrome 145.0.0.0 (Windows 10): Executed 53 of 75[31m (23 FAILED)[39m (0 secs / 0.56 secs)
[1A[2KLOG: [36m'Detalle del pedido:', Object{Id: 1, fecha: '2023-01-15T10:00:00Z', nombre: 'Cliente A', correo: 'a@a.com', direccion: 'Dir A', telefono: '123', items: [Object{cuentoId: ..., nombreCuento: ..., imagenUrl: ..., precioUnitario: ..., cantidad: ..., subtotal: ...}, Object{cuentoId: ..., nombreCuento: ..., imagenUrl: ..., precioUnitario: ..., cantidad: ..., subtotal: ...}], total: 40, estado: 'PAGO_PENDIENTE', userId: 1, correoUsuario: 'a@a.com'}[39m
Chrome 145.0.0.0 (Windows 10): Executed 53 of 75[31m (23 FAILED)[39m (0 secs / 0.56 secs)
LOG: 'Detalle del pedido:', Object{Id: 1, fecha: '2023-01-15T10:00:00Z', nombre: 'Cliente A', correo: 'a@a.com', direccion: 'Dir A', telefono: '123', items: [Object{cuentoId: ..., nombreCuento: ..., imagenUrl: ..., precioUnitario: ..., cantidad: ..., subtotal: ...}, Object{cuentoId: ..., nombreCuento: ..., imagenUrl: ..., precioUnitario: ..., cantidad: ..., subtotal: ...}], total: 40, estado: 'PAGO_PENDIENTE', userId: 1, correoUsuario: 'a@a.com'}
[1A[2KLOG: [36m'Detalle del pedido:', Object{Id: 1, fecha: '2023-01-15T10:00:00Z', nombre: 'Cliente A', correo: 'a@a.com', direccion: 'Dir A', telefono: '123', items: [Object{cuentoId: ..., nombreCuento: ..., imagenUrl: ..., precioUnitario: ..., cantidad: ..., subtotal: ...}, Object{cuentoId: ..., nombreCuento: ..., imagenUrl: ..., precioUnitario: ..., cantidad: ..., subtotal: ...}], total: 40, estado: 'PAGO_PENDIENTE', userId: 1, correoUsuario: 'a@a.com'}[39m
Chrome 145.0.0.0 (Windows 10): Executed 53 of 75[31m (23 FAILED)[39m (0 secs / 0.56 secs)
LOG: 'Detalle del pedido:', Object{Id: 1, fecha: '2023-01-15T10:00:00Z', nombre: 'Cliente A', correo: 'a@a.com', direccion: 'Dir A', telefono: '123', items: [Object{cuentoId: ..., nombreCuento: ..., imagenUrl: ..., precioUnitario: ..., cantidad: ..., subtotal: ...}, Object{cuentoId: ..., nombreCuento: ..., imagenUrl: ..., precioUnitario: ..., cantidad: ..., subtotal: ...}], total: 40, estado: 'PAGO_PENDIENTE', userId: 1, correoUsuario: 'a@a.com'}
[1A[2KChrome 145.0.0.0 (Windows 10): Executed 54 of 75[31m (23 FAILED)[39m (0 secs / 0.575 secs)
[1A[2KLOG: [36m'Detalle del pedido:', Object{Id: 1, fecha: '2023-01-15T10:00:00Z', nombre: 'Cliente A', correo: 'a@a.com', direccion: 'Dir A', telefono: '123', items: [Object{cuentoId: ..., nombreCuento: ..., imagenUrl: ..., precioUnitario: ..., cantidad: ..., subtotal: ...}, Object{cuentoId: ..., nombreCuento: ..., imagenUrl: ..., precioUnitario: ..., cantidad: ..., subtotal: ...}], total: 40, estado: 'PAGO_PENDIENTE', userId: 1, correoUsuario: 'a@a.com'}[39m
Chrome 145.0.0.0 (Windows 10): Executed 54 of 75[31m (23 FAILED)[39m (0 secs / 0.575 secs)
LOG: 'Detalle del pedido:', Object{Id: 1, fecha: '2023-01-15T10:00:00Z', nombre: 'Cliente A', correo: 'a@a.com', direccion: 'Dir A', telefono: '123', items: [Object{cuentoId: ..., nombreCuento: ..., imagenUrl: ..., precioUnitario: ..., cantidad: ..., subtotal: ...}, Object{cuentoId: ..., nombreCuento: ..., imagenUrl: ..., precioUnitario: ..., cantidad: ..., subtotal: ...}], total: 40, estado: 'PAGO_PENDIENTE', userId: 1, correoUsuario: 'a@a.com'}
[1A[2KLOG: [36m'Detalle del pedido:', Object{Id: 1, fecha: '2023-01-15T10:00:00Z', nombre: 'Cliente A', correo: 'a@a.com', direccion: 'Dir A', telefono: '123', items: [Object{cuentoId: ..., nombreCuento: ..., imagenUrl: ..., precioUnitario: ..., cantidad: ..., subtotal: ...}, Object{cuentoId: ..., nombreCuento: ..., imagenUrl: ..., precioUnitario: ..., cantidad: ..., subtotal: ...}], total: 40, estado: 'PAGO_PENDIENTE', userId: 1, correoUsuario: 'a@a.com'}[39m
Chrome 145.0.0.0 (Windows 10): Executed 54 of 75[31m (23 FAILED)[39m (0 secs / 0.575 secs)
LOG: 'Detalle del pedido:', Object{Id: 1, fecha: '2023-01-15T10:00:00Z', nombre: 'Cliente A', correo: 'a@a.com', direccion: 'Dir A', telefono: '123', items: [Object{cuentoId: ..., nombreCuento: ..., imagenUrl: ..., precioUnitario: ..., cantidad: ..., subtotal: ...}, Object{cuentoId: ..., nombreCuento: ..., imagenUrl: ..., precioUnitario: ..., cantidad: ..., subtotal: ...}], total: 40, estado: 'PAGO_PENDIENTE', userId: 1, correoUsuario: 'a@a.com'}
[1A[2KChrome 145.0.0.0 (Windows 10): Executed 55 of 75[31m (23 FAILED)[39m (0 secs / 0.581 secs)
[1A[2KLOG: [36m'Detalle del pedido:', Object{Id: 1, fecha: '2023-01-15T10:00:00Z', nombre: 'Cliente A', correo: 'a@a.com', direccion: 'Dir A', telefono: '123', items: [Object{cuentoId: ..., nombreCuento: ..., imagenUrl: ..., precioUnitario: ..., cantidad: ..., subtotal: ...}, Object{cuentoId: ..., nombreCuento: ..., imagenUrl: ..., precioUnitario: ..., cantidad: ..., subtotal: ...}], total: 40, estado: 'PAGO_PENDIENTE', userId: 1, correoUsuario: 'a@a.com'}[39m
Chrome 145.0.0.0 (Windows 10): Executed 55 of 75[31m (23 FAILED)[39m (0 secs / 0.581 secs)
LOG: 'Detalle del pedido:', Object{Id: 1, fecha: '2023-01-15T10:00:00Z', nombre: 'Cliente A', correo: 'a@a.com', direccion: 'Dir A', telefono: '123', items: [Object{cuentoId: ..., nombreCuento: ..., imagenUrl: ..., precioUnitario: ..., cantidad: ..., subtotal: ...}, Object{cuentoId: ..., nombreCuento: ..., imagenUrl: ..., precioUnitario: ..., cantidad: ..., subtotal: ...}], total: 40, estado: 'PAGO_PENDIENTE', userId: 1, correoUsuario: 'a@a.com'}
[1A[2KLOG: [36m'Detalle del pedido:', Object{Id: 1, fecha: '2023-01-15T10:00:00Z', nombre: 'Cliente A', correo: 'a@a.com', direccion: 'Dir A', telefono: '123', items: [Object{cuentoId: ..., nombreCuento: ..., imagenUrl: ..., precioUnitario: ..., cantidad: ..., subtotal: ...}, Object{cuentoId: ..., nombreCuento: ..., imagenUrl: ..., precioUnitario: ..., cantidad: ..., subtotal: ...}], total: 40, estado: 'PAGO_PENDIENTE', userId: 1, correoUsuario: 'a@a.com'}[39m
Chrome 145.0.0.0 (Windows 10): Executed 55 of 75[31m (23 FAILED)[39m (0 secs / 0.581 secs)
LOG: 'Detalle del pedido:', Object{Id: 1, fecha: '2023-01-15T10:00:00Z', nombre: 'Cliente A', correo: 'a@a.com', direccion: 'Dir A', telefono: '123', items: [Object{cuentoId: ..., nombreCuento: ..., imagenUrl: ..., precioUnitario: ..., cantidad: ..., subtotal: ...}, Object{cuentoId: ..., nombreCuento: ..., imagenUrl: ..., precioUnitario: ..., cantidad: ..., subtotal: ...}], total: 40, estado: 'PAGO_PENDIENTE', userId: 1, correoUsuario: 'a@a.com'}
[1A[2K[31mChrome 145.0.0.0 (Windows 10) OrderDetailComponent Template Rendering should display general order information FAILED[39m
	Expected 'ID del Pedido: 1Fecha: 15/01/2023 05:00Estado:PAGO_PENDIENTENombre: Cliente ACorreo: a@a.comDirecci├│n: Dir ATel├®fono: 123Total del Pedido:$40.00' to contain 'ID del Pedido: undefined'.
	    at <Jasmine>
	    at UserContext.apply (src/app/components/pages/order-detail/order-detail.component.spec.ts:159:50)
	    at _ZoneDelegate.invoke (node_modules/zone.js/fesm2015/zone.js:369:28)
	    at ProxyZoneSpec.onInvoke (node_modules/zone.js/fesm2015/zone-testing.js:2081:39)
	    at _ZoneDelegate.invoke (node_modules/zone.js/fesm2015/zone.js:368:34)
	Expected 'ID del Pedido: 1Fecha: 15/01/2023 05:00Estado:PAGO_PENDIENTENombre: Cliente ACorreo: a@a.comDirecci├│n: Dir ATel├®fono: 123Total del Pedido:$40.00' to contain 'Estado: PAGO_PENDIENTE'.
	    at <Jasmine>
	    at UserContext.apply (src/app/components/pages/order-detail/order-detail.component.spec.ts:161:50)
	    at _ZoneDelegate.invoke (node_modules/zone.js/fesm2015/zone.js:369:28)
	    at ProxyZoneSpec.onInvoke (node_modules/zone.js/fesm2015/zone-testing.js:2081:39)
	    at _ZoneDelegate.invoke (node_modules/zone.js/fesm2015/zone.js:368:34)
Chrome 145.0.0.0 (Windows 10): Executed 56 of 75[31m (24 FAILED)[39m (0 secs / 0.585 secs)
[1A[2KLOG: [36m'Detalle del pedido:', Object{Id: 1, fecha: '2023-01-15T10:00:00Z', nombre: 'Cliente A', correo: 'a@a.com', direccion: 'Dir A', telefono: '123', items: [Object{cuentoId: ..., nombreCuento: ..., imagenUrl: ..., precioUnitario: ..., cantidad: ..., subtotal: ...}, Object{cuentoId: ..., nombreCuento: ..., imagenUrl: ..., precioUnitario: ..., cantidad: ..., subtotal: ...}], total: 40, estado: 'PAGO_PENDIENTE', userId: 1, correoUsuario: 'a@a.com'}[39m
Chrome 145.0.0.0 (Windows 10): Executed 56 of 75[31m (24 FAILED)[39m (0 secs / 0.585 secs)
LOG: 'Detalle del pedido:', Object{Id: 1, fecha: '2023-01-15T10:00:00Z', nombre: 'Cliente A', correo: 'a@a.com', direccion: 'Dir A', telefono: '123', items: [Object{cuentoId: ..., nombreCuento: ..., imagenUrl: ..., precioUnitario: ..., cantidad: ..., subtotal: ...}, Object{cuentoId: ..., nombreCuento: ..., imagenUrl: ..., precioUnitario: ..., cantidad: ..., subtotal: ...}], total: 40, estado: 'PAGO_PENDIENTE', userId: 1, correoUsuario: 'a@a.com'}
[1A[2KLOG: [36m'Detalle del pedido:', Object{Id: 1, fecha: '2023-01-15T10:00:00Z', nombre: 'Cliente A', correo: 'a@a.com', direccion: 'Dir A', telefono: '123', items: [Object{cuentoId: ..., nombreCuento: ..., imagenUrl: ..., precioUnitario: ..., cantidad: ..., subtotal: ...}, Object{cuentoId: ..., nombreCuento: ..., imagenUrl: ..., precioUnitario: ..., cantidad: ..., subtotal: ...}], total: 40, estado: 'PAGO_PENDIENTE', userId: 1, correoUsuario: 'a@a.com'}[39m
Chrome 145.0.0.0 (Windows 10): Executed 56 of 75[31m (24 FAILED)[39m (0 secs / 0.585 secs)
LOG: 'Detalle del pedido:', Object{Id: 1, fecha: '2023-01-15T10:00:00Z', nombre: 'Cliente A', correo: 'a@a.com', direccion: 'Dir A', telefono: '123', items: [Object{cuentoId: ..., nombreCuento: ..., imagenUrl: ..., precioUnitario: ..., cantidad: ..., subtotal: ...}, Object{cuentoId: ..., nombreCuento: ..., imagenUrl: ..., precioUnitario: ..., cantidad: ..., subtotal: ...}], total: 40, estado: 'PAGO_PENDIENTE', userId: 1, correoUsuario: 'a@a.com'}
[1A[2KChrome 145.0.0.0 (Windows 10): Executed 57 of 75[31m (24 FAILED)[39m (0 secs / 0.59 secs)
[1A[2KLOG: [36m'Detalle del pedido:', Object{Id: 1, fecha: '2023-01-15T10:00:00Z', nombre: 'Cliente A', correo: 'a@a.com', direccion: 'Dir A', telefono: '123', items: [Object{cuentoId: ..., nombreCuento: ..., imagenUrl: ..., precioUnitario: ..., cantidad: ..., subtotal: ...}, Object{cuentoId: ..., nombreCuento: ..., imagenUrl: ..., precioUnitario: ..., cantidad: ..., subtotal: ...}], total: 40, estado: 'PAGO_PENDIENTE', userId: 1, correoUsuario: 'a@a.com'}[39m
Chrome 145.0.0.0 (Windows 10): Executed 57 of 75[31m (24 FAILED)[39m (0 secs / 0.59 secs)
LOG: 'Detalle del pedido:', Object{Id: 1, fecha: '2023-01-15T10:00:00Z', nombre: 'Cliente A', correo: 'a@a.com', direccion: 'Dir A', telefono: '123', items: [Object{cuentoId: ..., nombreCuento: ..., imagenUrl: ..., precioUnitario: ..., cantidad: ..., subtotal: ...}, Object{cuentoId: ..., nombreCuento: ..., imagenUrl: ..., precioUnitario: ..., cantidad: ..., subtotal: ...}], total: 40, estado: 'PAGO_PENDIENTE', userId: 1, correoUsuario: 'a@a.com'}
[1A[2KLOG: [36m'Detalle del pedido:', Object{Id: 1, fecha: '2023-01-15T10:00:00Z', nombre: 'Cliente A', correo: 'a@a.com', direccion: 'Dir A', telefono: '123', items: [Object{cuentoId: ..., nombreCuento: ..., imagenUrl: ..., precioUnitario: ..., cantidad: ..., subtotal: ...}, Object{cuentoId: ..., nombreCuento: ..., imagenUrl: ..., precioUnitario: ..., cantidad: ..., subtotal: ...}], total: 40, estado: 'PAGO_PENDIENTE', userId: 1, correoUsuario: 'a@a.com'}[39m
Chrome 145.0.0.0 (Windows 10): Executed 57 of 75[31m (24 FAILED)[39m (0 secs / 0.59 secs)
LOG: 'Detalle del pedido:', Object{Id: 1, fecha: '2023-01-15T10:00:00Z', nombre: 'Cliente A', correo: 'a@a.com', direccion: 'Dir A', telefono: '123', items: [Object{cuentoId: ..., nombreCuento: ..., imagenUrl: ..., precioUnitario: ..., cantidad: ..., subtotal: ...}, Object{cuentoId: ..., nombreCuento: ..., imagenUrl: ..., precioUnitario: ..., cantidad: ..., subtotal: ...}], total: 40, estado: 'PAGO_PENDIENTE', userId: 1, correoUsuario: 'a@a.com'}
[1A[2KChrome 145.0.0.0 (Windows 10): Executed 58 of 75[31m (24 FAILED)[39m (0 secs / 0.596 secs)
[1A[2KLOG: [36m'Detalle del pedido:', Object{Id: 1, fecha: '2023-01-15T10:00:00Z', nombre: 'Cliente A', correo: 'a@a.com', direccion: 'Dir A', telefono: '123', items: [Object{cuentoId: ..., nombreCuento: ..., imagenUrl: ..., precioUnitario: ..., cantidad: ..., subtotal: ...}, Object{cuentoId: ..., nombreCuento: ..., imagenUrl: ..., precioUnitario: ..., cantidad: ..., subtotal: ...}], total: 40, estado: 'PAGO_PENDIENTE', userId: 1, correoUsuario: 'a@a.com'}[39m
Chrome 145.0.0.0 (Windows 10): Executed 58 of 75[31m (24 FAILED)[39m (0 secs / 0.596 secs)
LOG: 'Detalle del pedido:', Object{Id: 1, fecha: '2023-01-15T10:00:00Z', nombre: 'Cliente A', correo: 'a@a.com', direccion: 'Dir A', telefono: '123', items: [Object{cuentoId: ..., nombreCuento: ..., imagenUrl: ..., precioUnitario: ..., cantidad: ..., subtotal: ...}, Object{cuentoId: ..., nombreCuento: ..., imagenUrl: ..., precioUnitario: ..., cantidad: ..., subtotal: ...}], total: 40, estado: 'PAGO_PENDIENTE', userId: 1, correoUsuario: 'a@a.com'}
[1A[2KLOG: [36m'Detalle del pedido:', Object{Id: 1, fecha: '2023-01-15T10:00:00Z', nombre: 'Cliente A', correo: 'a@a.com', direccion: 'Dir A', telefono: '123', items: [Object{cuentoId: ..., nombreCuento: ..., imagenUrl: ..., precioUnitario: ..., cantidad: ..., subtotal: ...}, Object{cuentoId: ..., nombreCuento: ..., imagenUrl: ..., precioUnitario: ..., cantidad: ..., subtotal: ...}], total: 40, estado: 'PAGO_PENDIENTE', userId: 1, correoUsuario: 'a@a.com'}[39m
Chrome 145.0.0.0 (Windows 10): Executed 58 of 75[31m (24 FAILED)[39m (0 secs / 0.596 secs)
LOG: 'Detalle del pedido:', Object{Id: 1, fecha: '2023-01-15T10:00:00Z', nombre: 'Cliente A', correo: 'a@a.com', direccion: 'Dir A', telefono: '123', items: [Object{cuentoId: ..., nombreCuento: ..., imagenUrl: ..., precioUnitario: ..., cantidad: ..., subtotal: ...}, Object{cuentoId: ..., nombreCuento: ..., imagenUrl: ..., precioUnitario: ..., cantidad: ..., subtotal: ...}], total: 40, estado: 'PAGO_PENDIENTE', userId: 1, correoUsuario: 'a@a.com'}
[1A[2K[31mChrome 145.0.0.0 (Windows 10) OrderDetailComponent Template Rendering should display "Detalle del Pedido #ID" title FAILED[39m
	Expected 'Detalle del Pedido #1' to contain 'Detalle del Pedido #undefined'.
	    at <Jasmine>
	    at UserContext.apply (src/app/components/pages/order-detail/order-detail.component.spec.ts:154:54)
	    at _ZoneDelegate.invoke (node_modules/zone.js/fesm2015/zone.js:369:28)
	    at ProxyZoneSpec.onInvoke (node_modules/zone.js/fesm2015/zone-testing.js:2081:39)
	    at _ZoneDelegate.invoke (node_modules/zone.js/fesm2015/zone.js:368:34)
Chrome 145.0.0.0 (Windows 10): Executed 59 of 75[31m (25 FAILED)[39m (0 secs / 0.6 secs)
[1A[2KLOG: [36m'Detalle del pedido:', Object{Id: 1, fecha: '2023-01-15T10:00:00Z', nombre: 'Cliente A', correo: 'a@a.com', direccion: 'Dir A', telefono: '123', items: [Object{cuentoId: ..., nombreCuento: ..., imagenUrl: ..., precioUnitario: ..., cantidad: ..., subtotal: ...}, Object{cuentoId: ..., nombreCuento: ..., imagenUrl: ..., precioUnitario: ..., cantidad: ..., subtotal: ...}], total: 40, estado: 'PAGO_PENDIENTE', userId: 1, correoUsuario: 'a@a.com'}[39m
Chrome 145.0.0.0 (Windows 10): Executed 59 of 75[31m (25 FAILED)[39m (0 secs / 0.6 secs)
LOG: 'Detalle del pedido:', Object{Id: 1, fecha: '2023-01-15T10:00:00Z', nombre: 'Cliente A', correo: 'a@a.com', direccion: 'Dir A', telefono: '123', items: [Object{cuentoId: ..., nombreCuento: ..., imagenUrl: ..., precioUnitario: ..., cantidad: ..., subtotal: ...}, Object{cuentoId: ..., nombreCuento: ..., imagenUrl: ..., precioUnitario: ..., cantidad: ..., subtotal: ...}], total: 40, estado: 'PAGO_PENDIENTE', userId: 1, correoUsuario: 'a@a.com'}
[1A[2KLOG: [36m'Detalle del pedido:', Object{Id: 1, fecha: '2023-01-15T10:00:00Z', nombre: 'Cliente A', correo: 'a@a.com', direccion: 'Dir A', telefono: '123', items: [Object{cuentoId: ..., nombreCuento: ..., imagenUrl: ..., precioUnitario: ..., cantidad: ..., subtotal: ...}, Object{cuentoId: ..., nombreCuento: ..., imagenUrl: ..., precioUnitario: ..., cantidad: ..., subtotal: ...}], total: 40, estado: 'PAGO_PENDIENTE', userId: 1, correoUsuario: 'a@a.com'}[39m
Chrome 145.0.0.0 (Windows 10): Executed 59 of 75[31m (25 FAILED)[39m (0 secs / 0.6 secs)
LOG: 'Detalle del pedido:', Object{Id: 1, fecha: '2023-01-15T10:00:00Z', nombre: 'Cliente A', correo: 'a@a.com', direccion: 'Dir A', telefono: '123', items: [Object{cuentoId: ..., nombreCuento: ..., imagenUrl: ..., precioUnitario: ..., cantidad: ..., subtotal: ...}, Object{cuentoId: ..., nombreCuento: ..., imagenUrl: ..., precioUnitario: ..., cantidad: ..., subtotal: ...}], total: 40, estado: 'PAGO_PENDIENTE', userId: 1, correoUsuario: 'a@a.com'}
[1A[2KChrome 145.0.0.0 (Windows 10): Executed 60 of 75[31m (25 FAILED)[39m (0 secs / 0.605 secs)
[1A[2KChrome 145.0.0.0 (Windows 10): Executed 61 of 75[31m (25 FAILED)[39m (0 secs / 0.606 secs)
[1A[2K[31mChrome 145.0.0.0 (Windows 10) OrderDetailComponent isPagoPendiente should return true if estado is PENDIENTE (case insensitive) FAILED[39m
	Expected false to be true.
	    at <Jasmine>
	    at UserContext.apply (src/app/components/pages/order-detail/order-detail.component.spec.ts:132:43)
	    at _ZoneDelegate.invoke (node_modules/zone.js/fesm2015/zone.js:369:28)
	    at ProxyZoneSpec.onInvoke (node_modules/zone.js/fesm2015/zone-testing.js:2081:39)
	    at _ZoneDelegate.invoke (node_modules/zone.js/fesm2015/zone.js:368:34)
Chrome 145.0.0.0 (Windows 10): Executed 62 of 75[31m (26 FAILED)[39m (0 secs / 0.608 secs)
[1A[2KChrome 145.0.0.0 (Windows 10): Executed 63 of 75[31m (26 FAILED)[39m (0 secs / 0.61 secs)
[1A[2KChrome 145.0.0.0 (Windows 10): Executed 64 of 75[31m (26 FAILED)[39m (0 secs / 0.612 secs)
[1A[2KChrome 145.0.0.0 (Windows 10): Executed 65 of 75[31m (26 FAILED)[39m (0 secs / 0.614 secs)
[1A[2KLOG: [36m'Detalle del pedido:', Object{Id: 1, fecha: '2023-01-15T10:00:00Z', nombre: 'Cliente A', correo: 'a@a.com', direccion: 'Dir A', telefono: '123', items: [Object{cuentoId: ..., nombreCuento: ..., imagenUrl: ..., precioUnitario: ..., cantidad: ..., subtotal: ...}, Object{cuentoId: ..., nombreCuento: ..., imagenUrl: ..., precioUnitario: ..., cantidad: ..., subtotal: ...}], total: 40, estado: 'PAGO_PENDIENTE', userId: 1, correoUsuario: 'a@a.com'}[39m
Chrome 145.0.0.0 (Windows 10): Executed 65 of 75[31m (26 FAILED)[39m (0 secs / 0.614 secs)
LOG: 'Detalle del pedido:', Object{Id: 1, fecha: '2023-01-15T10:00:00Z', nombre: 'Cliente A', correo: 'a@a.com', direccion: 'Dir A', telefono: '123', items: [Object{cuentoId: ..., nombreCuento: ..., imagenUrl: ..., precioUnitario: ..., cantidad: ..., subtotal: ...}, Object{cuentoId: ..., nombreCuento: ..., imagenUrl: ..., precioUnitario: ..., cantidad: ..., subtotal: ...}], total: 40, estado: 'PAGO_PENDIENTE', userId: 1, correoUsuario: 'a@a.com'}
[1A[2KChrome 145.0.0.0 (Windows 10): Executed 66 of 75[31m (26 FAILED)[39m (0 secs / 0.617 secs)
[1A[2KERROR: [36m'Error fetching order details:', Object{status: 404, message: 'Not Found'}[39m
Chrome 145.0.0.0 (Windows 10): Executed 66 of 75[31m (26 FAILED)[39m (0 secs / 0.617 secs)
ERROR: 'Error fetching order details:', Object{status: 404, message: 'Not Found'}
[1A[2K[31mChrome 145.0.0.0 (Windows 10) OrderDetailComponent ngOnInit should set errorMensaje and isLoading to false if service call fails FAILED[39m
	Expected null to be undefined.
	    at <Jasmine>
	    at UserContext.apply (src/app/components/pages/order-detail/order-detail.component.spec.ts:95:32)
	    at UserContext.apply (node_modules/zone.js/fesm2015/zone-testing.js:1702:26)
	    at _ZoneDelegate.invoke (node_modules/zone.js/fesm2015/zone.js:369:28)
	    at ProxyZoneSpec.onInvoke (node_modules/zone.js/fesm2015/zone-testing.js:2081:39)
Chrome 145.0.0.0 (Windows 10): Executed 67 of 75[31m (27 FAILED)[39m (0 secs / 0.62 secs)
[1A[2KLOG: [36m'Detalle del pedido:', Object{Id: 1, fecha: '2023-01-15T10:00:00Z', nombre: 'Cliente A', correo: 'a@a.com', direccion: 'Dir A', telefono: '123', items: [Object{cuentoId: ..., nombreCuento: ..., imagenUrl: ..., precioUnitario: ..., cantidad: ..., subtotal: ...}, Object{cuentoId: ..., nombreCuento: ..., imagenUrl: ..., precioUnitario: ..., cantidad: ..., subtotal: ...}], total: 40, estado: 'PAGO_PENDIENTE', userId: 1, correoUsuario: 'a@a.com'}[39m
Chrome 145.0.0.0 (Windows 10): Executed 67 of 75[31m (27 FAILED)[39m (0 secs / 0.62 secs)
LOG: 'Detalle del pedido:', Object{Id: 1, fecha: '2023-01-15T10:00:00Z', nombre: 'Cliente A', correo: 'a@a.com', direccion: 'Dir A', telefono: '123', items: [Object{cuentoId: ..., nombreCuento: ..., imagenUrl: ..., precioUnitario: ..., cantidad: ..., subtotal: ...}, Object{cuentoId: ..., nombreCuento: ..., imagenUrl: ..., precioUnitario: ..., cantidad: ..., subtotal: ...}], total: 40, estado: 'PAGO_PENDIENTE', userId: 1, correoUsuario: 'a@a.com'}
[1A[2KChrome 145.0.0.0 (Windows 10): Executed 68 of 75[31m (27 FAILED)[39m (0 secs / 0.622 secs)
[1A[2KChrome 145.0.0.0 (Windows 10): Executed 69 of 75[31m (27 FAILED)[39m (0 secs / 0.624 secs)
[1A[2KChrome 145.0.0.0 (Windows 10): Executed 70 of 75[31m (27 FAILED)[39m (0 secs / 0.626 secs)
[1A[2K[31mChrome 145.0.0.0 (Windows 10) OrderDetailComponent pagarAhora should log a message and show a toast FAILED[39m
	Expected spy log to have been called with:
	  [ 'Intento de pago para el pedido:', undefined ]
	but actual calls were:
	  [ 'Intento de pago para el pedido:', 1 ].
	
	Call 0:
	  Expected $[1] = 1 to equal undefined.
	Error: Expected spy log to have been called with:
	  [ 'Intento de pago para el pedido:', undefined ]
	but actual calls were:
	  [ 'Intento de pago para el pedido:', 1 ].
	Call 0:
	  Expected $[1] = 1 to equal undefined.
	    at <Jasmine>
	    at UserContext.apply (src/app/components/pages/order-detail/order-detail.component.spec.ts:120:27)
	    at _ZoneDelegate.invoke (node_modules/zone.js/fesm2015/zone.js:369:28)
	    at ProxyZoneSpec.onInvoke (node_modules/zone.js/fesm2015/zone-testing.js:2081:39)
	    at _ZoneDelegate.invoke (node_modules/zone.js/fesm2015/zone.js:368:34)
Chrome 145.0.0.0 (Windows 10): Executed 71 of 75[31m (28 FAILED)[39m (0 secs / 0.629 secs)
[1A[2KChrome 145.0.0.0 (Windows 10): Executed 72 of 75[31m (28 FAILED)[39m (0 secs / 0.631 secs)
[1A[2KChrome 145.0.0.0 (Windows 10): Executed 73 of 75[31m (28 FAILED)[39m (0 secs / 0.632 secs)
[1A[2KChrome 145.0.0.0 (Windows 10): Executed 74 of 75[31m (28 FAILED)[39m (0 secs / 0.633 secs)
[1A[2KChrome 145.0.0.0 (Windows 10): Executed 75 of 75[31m (28 FAILED)[39m (0 secs / 0.634 secs)
[1A[2KChrome 145.0.0.0 (Windows 10): Executed 75 of 75[31m (28 FAILED)[39m (0.67 secs / 0.634 secs)
[31mTOTAL: 28 FAILED, 47 SUCCESS[39m
